#
# A fatal error has been detected by the Java Runtime Environment:
#
#  EXCEPTION_ACCESS_VIOLATION (0xc0000005) at pc=0x0000000000c7b5db, pid=10216, tid=4124
#
# JRE version: Java(TM) SE Runtime Environment (10.0.1+10) (build 10.0.1+10)
# Java VM: Java HotSpot(TM) 64-Bit Server VM (10.0.1+10, mixed mode, tiered, compressed oops, g1 gc, windows-amd64)
# Problematic frame:
# C  [jSSC-2.8_x86_64.dll+0xb5db]
#
# No core dump will be written. Minidumps are not enabled by default on client versions of Windows
#
# If you would like to submit a bug report, please visit:
#   http://bugreport.java.com/bugreport/crash.jsp
# The crash happened outside the Java Virtual Machine in native code.
# See problematic frame for where to report the bug.
#

---------------  S U M M A R Y ------------

Command Line: E:\Rohan\NodeMCU_Lua\ESPlorer\ESPlorer.jar

Host: Intel(R) Core(TM) i7-7500U CPU @ 2.70GHz, 4 cores, 15G,  Windows 10 , 64 bit Build 14393 (10.0.14393.0)
Time: Wed May 02 15:34:32 2018 India Standard Time elapsed time: 69 seconds (0d 0h 1m 9s)

---------------  T H R E A D  ---------------

Current thread (0x0000025c785e3000):  JavaThread "AWT-EventQueue-0" [_thread_in_native, id=4124, stack(0x000000eee7400000,0x000000eee7500000)]

Stack: [0x000000eee7400000,0x000000eee7500000],  sp=0x000000eee74fb120,  free space=1004k
Native frames: (J=compiled Java code, j=interpreted, Vv=VM code, C=native code)
C  [jSSC-2.8_x86_64.dll+0xb5db]

Java frames: (J=compiled Java code, j=interpreted, Vv=VM code)
j  jssc.SerialNativeInterface.openPort(Ljava/lang/String;Z)J+0
j  jssc.SerialPort.openPort()Z+65
j  ESPlorer.ESPlorer.portOpen()Z+108
j  ESPlorer.ESPlorer.OpenActionPerformed(Ljava/awt/event/ActionEvent;)V+160
j  ESPlorer.ESPlorer.access$27300(LESPlorer/ESPlorer;Ljava/awt/event/ActionEvent;)V+2
j  ESPlorer.ESPlorer$271.actionPerformed(Ljava/awt/event/ActionEvent;)V+5
j  javax.swing.AbstractButton.fireActionPerformed(Ljava/awt/event/ActionEvent;)V+84 java.desktop@10.0.1
j  javax.swing.AbstractButton$Handler.actionPerformed(Ljava/awt/event/ActionEvent;)V+5 java.desktop@10.0.1
j  javax.swing.DefaultButtonModel.fireActionPerformed(Ljava/awt/event/ActionEvent;)V+34 java.desktop@10.0.1
j  javax.swing.JToggleButton$ToggleButtonModel.setPressed(Z)V+148 java.desktop@10.0.1
j  javax.swing.plaf.basic.BasicButtonListener.mouseReleased(Ljava/awt/event/MouseEvent;)V+35 java.desktop@10.0.1
j  java.awt.AWTEventMulticaster.mouseReleased(Ljava/awt/event/MouseEvent;)V+8 java.desktop@10.0.1
j  java.awt.Component.processMouseEvent(Ljava/awt/event/MouseEvent;)V+64 java.desktop@10.0.1
j  javax.swing.JComponent.processMouseEvent(Ljava/awt/event/MouseEvent;)V+23 java.desktop@10.0.1
J 4030 c1 java.awt.Component.processEvent(Ljava/awt/AWTEvent;)V java.desktop@10.0.1 (220 bytes) @ 0x0000025c5cbbc61c [0x0000025c5cbbc100+0x000000000000051c]
J 3932 c1 java.awt.Container.processEvent(Ljava/awt/AWTEvent;)V java.desktop@10.0.1 (22 bytes) @ 0x0000025c5cb8283c [0x0000025c5cb82760+0x00000000000000dc]
J 4010 c1 java.awt.Component.dispatchEventImpl(Ljava/awt/AWTEvent;)V java.desktop@10.0.1 (777 bytes) @ 0x0000025c5cbaf044 [0x0000025c5cbab420+0x0000000000003c24]
J 3920 c1 java.awt.Container.dispatchEventImpl(Ljava/awt/AWTEvent;)V java.desktop@10.0.1 (129 bytes) @ 0x0000025c5cb72cc4 [0x0000025c5cb72c20+0x00000000000000a4]
J 4161 c1 java.awt.LightweightDispatcher.retargetMouseEvent(Ljava/awt/Component;ILjava/awt/event/MouseEvent;)V java.desktop@10.0.1 (372 bytes) @ 0x0000025c5cc149ec [0x0000025c5cc123a0+0x000000000000264c]
J 4386 c1 java.awt.LightweightDispatcher.processMouseEvent(Ljava/awt/event/MouseEvent;)Z java.desktop@10.0.1 (265 bytes) @ 0x0000025c5ccbfe64 [0x0000025c5ccbef60+0x0000000000000f04]
J 4289 c1 java.awt.LightweightDispatcher.dispatchEvent(Ljava/awt/AWTEvent;)Z java.desktop@10.0.1 (73 bytes) @ 0x0000025c5cc668cc [0x0000025c5cc664a0+0x000000000000042c]
J 3920 c1 java.awt.Container.dispatchEventImpl(Ljava/awt/AWTEvent;)V java.desktop@10.0.1 (129 bytes) @ 0x0000025c5cb72ca4 [0x0000025c5cb72c20+0x0000000000000084]
J 4219 c1 java.awt.Window.dispatchEventImpl(Ljava/awt/AWTEvent;)V java.desktop@10.0.1 (23 bytes) @ 0x0000025c5cc38bf4 [0x0000025c5cc38620+0x00000000000005d4]
J 4009 c1 java.awt.EventQueue.dispatchEventImpl(Ljava/awt/AWTEvent;Ljava/lang/Object;)V java.desktop@10.0.1 (136 bytes) @ 0x0000025c5cba8c5c [0x0000025c5cba87c0+0x000000000000049c]
J 4007 c1 java.awt.EventQueue$4.run()Ljava/lang/Void; java.desktop@10.0.1 (60 bytes) @ 0x0000025c5cba7bac [0x0000025c5cba7a20+0x000000000000018c]
J 4006 c1 java.awt.EventQueue$4.run()Ljava/lang/Object; java.desktop@10.0.1 (5 bytes) @ 0x0000025c5cba7644 [0x0000025c5cba75c0+0x0000000000000084]
v  ~StubRoutines::call_stub
J 1616  java.security.AccessController.doPrivileged(Ljava/security/PrivilegedAction;Ljava/security/AccessControlContext;)Ljava/lang/Object; java.base@10.0.1 (0 bytes) @ 0x0000025c639a1d26 [0x0000025c639a1cc0+0x0000000000000066]
J 3968 c1 java.awt.EventQueue$5.run()Ljava/lang/Object; java.desktop@10.0.1 (5 bytes) @ 0x0000025c5cb9426c [0x0000025c5cb93ee0+0x000000000000038c]
v  ~StubRoutines::call_stub
J 1616  java.security.AccessController.doPrivileged(Ljava/security/PrivilegedAction;Ljava/security/AccessControlContext;)Ljava/lang/Object; java.base@10.0.1 (0 bytes) @ 0x0000025c639a1d26 [0x0000025c639a1cc0+0x0000000000000066]
J 3959 c1 java.awt.EventQueue.dispatchEvent(Ljava/awt/AWTEvent;)V java.desktop@10.0.1 (80 bytes) @ 0x0000025c5cb8f714 [0x0000025c5cb8ec20+0x0000000000000af4]
J 3909 c1 java.awt.EventDispatchThread.pumpOneEventForFilters(I)V java.desktop@10.0.1 (113 bytes) @ 0x0000025c5cb6fc1c [0x0000025c5cb6f960+0x00000000000002bc]
j  java.awt.EventDispatchThread.pumpEventsForFilter(ILjava/awt/Conditional;Ljava/awt/EventFilter;)V+35 java.desktop@10.0.1
j  java.awt.EventDispatchThread.pumpEventsForHierarchy(ILjava/awt/Conditional;Ljava/awt/Component;)V+11 java.desktop@10.0.1
j  java.awt.EventDispatchThread.pumpEvents(ILjava/awt/Conditional;)V+4 java.desktop@10.0.1
j  java.awt.EventDispatchThread.pumpEvents(Ljava/awt/Conditional;)V+3 java.desktop@10.0.1
j  java.awt.EventDispatchThread.run()V+9 java.desktop@10.0.1
v  ~StubRoutines::call_stub

siginfo: EXCEPTION_ACCESS_VIOLATION (0xc0000005), reading address 0x0000000078820a7c


Register to memory mapping:

RIP=0x0000000000c7b5db jSSC-2.8_x86_64.dll
RAX=0x0000000078820a7c is an unknown value
RBX=0x000000eee74fb190 is pointing into the stack for thread: 0x0000025c785e3000
RCX=0x00007ffccf695044 ntdll.dll
RDX=0x0000000000000000 is an unknown value
RSP=0x000000eee74fb120 is pointing into the stack for thread: 0x0000025c785e3000
RBP=0x000000eee74fb2a0 is pointing into the stack for thread: 0x0000025c785e3000
RSI=0x0000025c785e3270 is an unknown value
RDI=0x00000000000005f4 is an unknown value
R8 =0x000000eee74fb018 is pointing into the stack for thread: 0x0000025c785e3000
R9 =0x000000eee74fb110 is pointing into the stack for thread: 0x0000025c785e3000
R10=0x0000000000000000 is an unknown value
R11=0x0000000000000246 is an unknown value
R12=0x000000eee74fb358 is pointing into the stack for thread: 0x0000025c785e3000
R13=0x0000025c78038940 is an unknown value
R14=0x000000eee74fb250 is pointing into the stack for thread: 0x0000025c785e3000
R15=0x0000025c785e3000 is a thread


Registers:
RAX=0x0000000078820a7c, RBX=0x000000eee74fb190, RCX=0x00007ffccf695044, RDX=0x0000000000000000
RSP=0x000000eee74fb120, RBP=0x000000eee74fb2a0, RSI=0x0000025c785e3270, RDI=0x00000000000005f4
R8 =0x000000eee74fb018, R9 =0x000000eee74fb110, R10=0x0000000000000000, R11=0x0000000000000246
R12=0x000000eee74fb358, R13=0x0000025c78038940, R14=0x000000eee74fb250, R15=0x0000025c785e3000
RIP=0x0000000000c7b5db, EFLAGS=0x0000000000010206

Top of Stack: (sp=0x000000eee74fb120)
0x000000eee74fb120:   0000025c7c4bb8b0 0000025c78038940
0x000000eee74fb130:   0000000000c7b230 0000025c785e3000
0x000000eee74fb140:   0000000000000000 0000000000000004
0x000000eee74fb150:   0000025c785e3270 00000000000005f4
0x000000eee74fb160:   000000eee74fb2a0 0000000000c82590
0x000000eee74fb170:   00000000c0000000 00007ffccf5fd157
0x000000eee74fb180:   000000ee78038940 0000000040000000
0x000000eee74fb190:   0000000000000000 0000000000000000
0x000000eee74fb1a0:   00000000000005f4 00007ffccbb0487b
0x000000eee74fb1b0:   0000025c785e3000 000000eee74fb2a0
0x000000eee74fb1c0:   0000000000c83500 0000000000c83be8
0x000000eee74fb1d0:   000000eee74fb200 0000000000c82641
0x000000eee74fb1e0:   000000eee74fb170 0000000000000000
0x000000eee74fb1f0:   0000000000000000 0000000000000000
0x000000eee74fb200:   000000eee74fb2a0 0000000000c71595
0x000000eee74fb210:   000000000000001c 0000025c785e3270 

Instructions: (pc=0x0000000000c7b5db)
0x0000000000c7b5bb:   c5 0f 1f 40 00 55 57 56 53 48 83 ec 28 48 8b 05
0x0000000000c7b5cb:   39 33 01 00 48 89 cb 48 85 c0 0f 84 c5 00 00 00
0x0000000000c7b5db:   8b 38 85 ff 0f 88 ab 00 00 00 48 8b 05 1c 33 01
0x0000000000c7b5eb:   00 48 85 c0 0f 84 bc 00 00 00 8b 30 85 f6 74 57 



---------------  P R O C E S S  ---------------

Threads class SMR info:
_java_thread_list=0x0000025c784f7aa0, length=17, elements={
0x0000025c77bb9000, 0x0000025c77bc1800, 0x0000025c77bd6800, 0x0000025c77bd7800,
0x0000025c77bda800, 0x0000025c77be5800, 0x0000025c77be6000, 0x0000025c77be9000,
0x0000025c77db8000, 0x0000025c77dc0800, 0x0000025c78243000, 0x0000025c78248000,
0x0000025c78681800, 0x0000025c785e3000, 0x0000025c54682800, 0x0000025c787aa800,
0x0000025c784ec800
}

Java Threads: ( => current thread )
  0x0000025c77bb9000 JavaThread "Reference Handler" daemon [_thread_blocked, id=9688, stack(0x000000eee6600000,0x000000eee6700000)]
  0x0000025c77bc1800 JavaThread "Finalizer" daemon [_thread_blocked, id=5304, stack(0x000000eee6700000,0x000000eee6800000)]
  0x0000025c77bd6800 JavaThread "Signal Dispatcher" daemon [_thread_blocked, id=7936, stack(0x000000eee6800000,0x000000eee6900000)]
  0x0000025c77bd7800 JavaThread "Attach Listener" daemon [_thread_blocked, id=8124, stack(0x000000eee6900000,0x000000eee6a00000)]
  0x0000025c77bda800 JavaThread "C2 CompilerThread0" daemon [_thread_blocked, id=7732, stack(0x000000eee6a00000,0x000000eee6b00000)]
  0x0000025c77be5800 JavaThread "C2 CompilerThread1" daemon [_thread_blocked, id=7596, stack(0x000000eee6b00000,0x000000eee6c00000)]
  0x0000025c77be6000 JavaThread "C1 CompilerThread2" daemon [_thread_blocked, id=1288, stack(0x000000eee6c00000,0x000000eee6d00000)]
  0x0000025c77be9000 JavaThread "Sweeper thread" daemon [_thread_blocked, id=4512, stack(0x000000eee6d00000,0x000000eee6e00000)]
  0x0000025c77db8000 JavaThread "Service Thread" daemon [_thread_blocked, id=2004, stack(0x000000eee6e00000,0x000000eee6f00000)]
  0x0000025c77dc0800 JavaThread "Common-Cleaner" daemon [_thread_blocked, id=7656, stack(0x000000eee6f00000,0x000000eee7000000)]
  0x0000025c78243000 JavaThread "Java2D Disposer" daemon [_thread_blocked, id=9196, stack(0x000000eee7100000,0x000000eee7200000)]
  0x0000025c78248000 JavaThread "AWT-Shutdown" [_thread_blocked, id=7980, stack(0x000000eee7200000,0x000000eee7300000)]
  0x0000025c78681800 JavaThread "AWT-Windows" daemon [_thread_in_native, id=4600, stack(0x000000eee7300000,0x000000eee7400000)]
=>0x0000025c785e3000 JavaThread "AWT-EventQueue-0" [_thread_in_native, id=4124, stack(0x000000eee7400000,0x000000eee7500000)]
  0x0000025c54682800 JavaThread "DestroyJavaVM" [_thread_blocked, id=1816, stack(0x000000eee5900000,0x000000eee5a00000)]
  0x0000025c787aa800 JavaThread "TimerQueue" daemon [_thread_blocked, id=10768, stack(0x000000eee7500000,0x000000eee7600000)]
  0x0000025c784ec800 JavaThread "Swing-Shell" daemon [_thread_blocked, id=232, stack(0x000000eee7c00000,0x000000eee7d00000)]

Other Threads:
  0x0000025c74dbc000 VMThread "VM Thread" [stack: 0x000000eee6500000,0x000000eee6600000] [id=5732]
  0x0000025c77dc1000 WatcherThread [stack: 0x000000eee7000000,0x000000eee7100000] [id=9136]
  0x0000025c5469a800 GCTaskThread "GC Thread#0" [stack: 0x000000eee5a00000,0x000000eee5b00000] [id=8004]
  0x0000025c5469d000 GCTaskThread "GC Thread#1" [stack: 0x000000eee5b00000,0x000000eee5c00000] [id=5316]
  0x0000025c546a1000 GCTaskThread "GC Thread#2" [stack: 0x000000eee5c00000,0x000000eee5d00000] [id=8424]
  0x0000025c546af000 GCTaskThread "GC Thread#3" [stack: 0x000000eee5d00000,0x000000eee5e00000] [id=1140]
  0x0000025c74bd2000 ConcurrentGCThread "G1 Main Marker" [stack: 0x000000eee5e00000,0x000000eee5f00000] [id=5040]
  0x0000025c74bd5800 ConcurrentGCThread "G1 Conc#0" [stack: 0x000000eee5f00000,0x000000eee6000000] [id=6796]
  0x0000025c74cda800 ConcurrentGCThread "G1 Refine#0" [stack: 0x000000eee6000000,0x000000eee6100000] [id=6384]
  0x0000025c74cdb800 ConcurrentGCThread "G1 Refine#1" [stack: 0x000000eee6100000,0x000000eee6200000] [id=7692]
  0x0000025c74cdc800 ConcurrentGCThread "G1 Refine#2" [stack: 0x000000eee6200000,0x000000eee6300000] [id=5680]
  0x0000025c74cdd800 ConcurrentGCThread "G1 Refine#3" [stack: 0x000000eee6300000,0x000000eee6400000] [id=4864]
  0x0000025c74ce9000 ConcurrentGCThread "G1 Young RemSet Sampling" [stack: 0x000000eee6400000,0x000000eee6500000] [id=10932]

Threads with active compile tasks:

VM state:not at safepoint (normal execution)

VM Mutex/Monitor currently owned by a thread: None

Heap address: 0x00000006c1800000, size: 4072 MB, Compressed Oops mode: Zero based, Oop shift amount: 3
Narrow klass base: 0x0000000000000000, Narrow klass shift: 3
Compressed class space size: 1073741824 Address: 0x00000007c0000000

Heap:
 garbage-first heap   total 317440K, used 67324K [0x00000006c1800000, 0x00000007c0000000)
  region size 1024K, 54 young (55296K), 3 survivors (3072K)
 Metaspace       used 29697K, capacity 30259K, committed 30720K, reserved 1077248K
  class space    used 3486K, capacity 3770K, committed 3840K, reserved 1048576K
Heap Regions: E=young(eden), S=young(survivor), O=old, HS=humongous(starts), HC=humongous(continues), CS=collection set, F=free, A=archive, TS=gc time stamp, AC=allocation context, TAMS=top-at-mark-start (previous, next)
|   0|0x00000006c1800000, 0x00000006c1900000, 0x00000006c1900000|100%| O|  |TS  0|AC  0|TAMS 0x00000006c1900000, 0x00000006c1900000|
|   1|0x00000006c1900000, 0x00000006c1a00000, 0x00000006c1a00000|100%| O|  |TS  0|AC  0|TAMS 0x00000006c1a00000, 0x00000006c1a00000|
|   2|0x00000006c1a00000, 0x00000006c1b00000, 0x00000006c1b00000|100%| O|  |TS  0|AC  0|TAMS 0x00000006c1b00000, 0x00000006c1b00000|
|   3|0x00000006c1b00000, 0x00000006c1c00000, 0x00000006c1c00000|100%| O|  |TS  0|AC  0|TAMS 0x00000006c1c00000, 0x00000006c1c00000|
|   4|0x00000006c1c00000, 0x00000006c1d00000, 0x00000006c1d00000|100%| O|  |TS  2|AC  0|TAMS 0x00000006c1c3ac00, 0x00000006c1c3ac00|
|   5|0x00000006c1d00000, 0x00000006c1e00000, 0x00000006c1e00000|100%| O|  |TS  2|AC  0|TAMS 0x00000006c1d00000, 0x00000006c1d00000|
|   6|0x00000006c1e00000, 0x00000006c1e3d200, 0x00000006c1f00000| 23%| O|  |TS  3|AC  0|TAMS 0x00000006c1e00000, 0x00000006c1e00000|
|   7|0x00000006c1f00000, 0x00000006c2000000, 0x00000006c2000000|100%|HS|  |TS  0|AC  0|TAMS 0x00000006c1f00000, 0x00000006c1f00000|
|   8|0x00000006c2000000, 0x00000006c2100000, 0x00000006c2100000|100%|HC|  |TS  0|AC  0|TAMS 0x00000006c2000000, 0x00000006c2000000|
|   9|0x00000006c2100000, 0x00000006c2200000, 0x00000006c2200000|100%|HC|  |TS  0|AC  0|TAMS 0x00000006c2100000, 0x00000006c2100000|
|  10|0x00000006c2200000, 0x00000006c2300000, 0x00000006c2300000|100%|HS|  |TS  0|AC  0|TAMS 0x00000006c2200000, 0x00000006c2200000|
|  11|0x00000006c2300000, 0x00000006c2400000, 0x00000006c2400000|100%|HC|  |TS  0|AC  0|TAMS 0x00000006c2300000, 0x00000006c2300000|
|  12|0x00000006c2400000, 0x00000006c2500000, 0x00000006c2500000|100%|HC|  |TS  0|AC  0|TAMS 0x00000006c2400000, 0x00000006c2400000|
|  13|0x00000006c2500000, 0x00000006c2600000, 0x00000006c2600000|100%|HC|  |TS  0|AC  0|TAMS 0x00000006c2500000, 0x00000006c2500000|
|  14|0x00000006c2600000, 0x00000006c2600000, 0x00000006c2700000|  0%| F|  |TS  0|AC  0|TAMS 0x00000006c2600000, 0x00000006c2600000|
|  15|0x00000006c2700000, 0x00000006c2700000, 0x00000006c2800000|  0%| F|  |TS  0|AC  0|TAMS 0x00000006c2700000, 0x00000006c2700000|
|  16|0x00000006c2800000, 0x00000006c2800000, 0x00000006c2900000|  0%| F|  |TS  0|AC  0|TAMS 0x00000006c2800000, 0x00000006c2800000|
|  17|0x00000006c2900000, 0x00000006c2900000, 0x00000006c2a00000|  0%| F|  |TS  0|AC  0|TAMS 0x00000006c2900000, 0x00000006c2900000|
|  18|0x00000006c2a00000, 0x00000006c2a00000, 0x00000006c2b00000|  0%| F|  |TS  0|AC  0|TAMS 0x00000006c2a00000, 0x00000006c2a00000|
|  19|0x00000006c2b00000, 0x00000006c2b00000, 0x00000006c2c00000|  0%| F|  |TS  0|AC  0|TAMS 0x00000006c2b00000, 0x00000006c2b00000|
|  20|0x00000006c2c00000, 0x00000006c2c00000, 0x00000006c2d00000|  0%| F|  |TS  0|AC  0|TAMS 0x00000006c2c00000, 0x00000006c2c00000|
|  21|0x00000006c2d00000, 0x00000006c2d00000, 0x00000006c2e00000|  0%| F|  |TS  0|AC  0|TAMS 0x00000006c2d00000, 0x00000006c2d00000|
|  22|0x00000006c2e00000, 0x00000006c2e00000, 0x00000006c2f00000|  0%| F|  |TS  0|AC  0|TAMS 0x00000006c2e00000, 0x00000006c2e00000|
|  23|0x00000006c2f00000, 0x00000006c2f00000, 0x00000006c3000000|  0%| F|  |TS  0|AC  0|TAMS 0x00000006c2f00000, 0x00000006c2f00000|
|  24|0x00000006c3000000, 0x00000006c3000000, 0x00000006c3100000|  0%| F|  |TS  0|AC  0|TAMS 0x00000006c3000000, 0x00000006c3000000|
|  25|0x00000006c3100000, 0x00000006c3100000, 0x00000006c3200000|  0%| F|  |TS  0|AC  0|TAMS 0x00000006c3100000, 0x00000006c3100000|
|  26|0x00000006c3200000, 0x00000006c3200000, 0x00000006c3300000|  0%| F|  |TS  0|AC  0|TAMS 0x00000006c3200000, 0x00000006c3200000|
|  27|0x00000006c3300000, 0x00000006c3300000, 0x00000006c3400000|  0%| F|  |TS  0|AC  0|TAMS 0x00000006c3300000, 0x00000006c3300000|
|  28|0x00000006c3400000, 0x00000006c3400000, 0x00000006c3500000|  0%| F|  |TS  0|AC  0|TAMS 0x00000006c3400000, 0x00000006c3400000|
|  29|0x00000006c3500000, 0x00000006c3500000, 0x00000006c3600000|  0%| F|  |TS  0|AC  0|TAMS 0x00000006c3500000, 0x00000006c3500000|
|  30|0x00000006c3600000, 0x00000006c3600000, 0x00000006c3700000|  0%| F|  |TS  0|AC  0|TAMS 0x00000006c3600000, 0x00000006c3600000|
|  31|0x00000006c3700000, 0x00000006c3700000, 0x00000006c3800000|  0%| F|  |TS  0|AC  0|TAMS 0x00000006c3700000, 0x00000006c3700000|
|  32|0x00000006c3800000, 0x00000006c3800000, 0x00000006c3900000|  0%| F|  |TS  0|AC  0|TAMS 0x00000006c3800000, 0x00000006c3800000|
|  33|0x00000006c3900000, 0x00000006c3900000, 0x00000006c3a00000|  0%| F|  |TS  0|AC  0|TAMS 0x00000006c3900000, 0x00000006c3900000|
|  34|0x00000006c3a00000, 0x00000006c3a00000, 0x00000006c3b00000|  0%| F|  |TS  0|AC  0|TAMS 0x00000006c3a00000, 0x00000006c3a00000|
|  35|0x00000006c3b00000, 0x00000006c3b00000, 0x00000006c3c00000|  0%| F|  |TS  0|AC  0|TAMS 0x00000006c3b00000, 0x00000006c3b00000|
|  36|0x00000006c3c00000, 0x00000006c3c00000, 0x00000006c3d00000|  0%| F|  |TS  0|AC  0|TAMS 0x00000006c3c00000, 0x00000006c3c00000|
|  37|0x00000006c3d00000, 0x00000006c3d00000, 0x00000006c3e00000|  0%| F|  |TS  0|AC  0|TAMS 0x00000006c3d00000, 0x00000006c3d00000|
|  38|0x00000006c3e00000, 0x00000006c3e00000, 0x00000006c3f00000|  0%| F|  |TS  0|AC  0|TAMS 0x00000006c3e00000, 0x00000006c3e00000|
|  39|0x00000006c3f00000, 0x00000006c3f00000, 0x00000006c4000000|  0%| F|  |TS  0|AC  0|TAMS 0x00000006c3f00000, 0x00000006c3f00000|
|  40|0x00000006c4000000, 0x00000006c4000000, 0x00000006c4100000|  0%| F|  |TS  0|AC  0|TAMS 0x00000006c4000000, 0x00000006c4000000|
|  41|0x00000006c4100000, 0x00000006c4100000, 0x00000006c4200000|  0%| F|  |TS  0|AC  0|TAMS 0x00000006c4100000, 0x00000006c4100000|
|  42|0x00000006c4200000, 0x00000006c4200000, 0x00000006c4300000|  0%| F|  |TS  0|AC  0|TAMS 0x00000006c4200000, 0x00000006c4200000|
|  43|0x00000006c4300000, 0x00000006c4300000, 0x00000006c4400000|  0%| F|  |TS  0|AC  0|TAMS 0x00000006c4300000, 0x00000006c4300000|
|  44|0x00000006c4400000, 0x00000006c4400000, 0x00000006c4500000|  0%| F|  |TS  0|AC  0|TAMS 0x00000006c4400000, 0x00000006c4400000|
|  45|0x00000006c4500000, 0x00000006c4500000, 0x00000006c4600000|  0%| F|  |TS  0|AC  0|TAMS 0x00000006c4500000, 0x00000006c4500000|
|  46|0x00000006c4600000, 0x00000006c4600000, 0x00000006c4700000|  0%| F|  |TS  0|AC  0|TAMS 0x00000006c4600000, 0x00000006c4600000|
|  47|0x00000006c4700000, 0x00000006c4700000, 0x00000006c4800000|  0%| F|  |TS  0|AC  0|TAMS 0x00000006c4700000, 0x00000006c4700000|
|  48|0x00000006c4800000, 0x00000006c4800000, 0x00000006c4900000|  0%| F|  |TS  0|AC  0|TAMS 0x00000006c4800000, 0x00000006c4800000|
|  49|0x00000006c4900000, 0x00000006c4900000, 0x00000006c4a00000|  0%| F|  |TS  0|AC  0|TAMS 0x00000006c4900000, 0x00000006c4900000|
|  50|0x00000006c4a00000, 0x00000006c4a00000, 0x00000006c4b00000|  0%| F|  |TS  0|AC  0|TAMS 0x00000006c4a00000, 0x00000006c4a00000|
|  51|0x00000006c4b00000, 0x00000006c4b00000, 0x00000006c4c00000|  0%| F|  |TS  0|AC  0|TAMS 0x00000006c4b00000, 0x00000006c4b00000|
|  52|0x00000006c4c00000, 0x00000006c4c00000, 0x00000006c4d00000|  0%| F|  |TS  0|AC  0|TAMS 0x00000006c4c00000, 0x00000006c4c00000|
|  53|0x00000006c4d00000, 0x00000006c4d00000, 0x00000006c4e00000|  0%| F|  |TS  0|AC  0|TAMS 0x00000006c4d00000, 0x00000006c4d00000|
|  54|0x00000006c4e00000, 0x00000006c4e00000, 0x00000006c4f00000|  0%| F|  |TS  0|AC  0|TAMS 0x00000006c4e00000, 0x00000006c4e00000|
|  55|0x00000006c4f00000, 0x00000006c4f00000, 0x00000006c5000000|  0%| F|  |TS  0|AC  0|TAMS 0x00000006c4f00000, 0x00000006c4f00000|
|  56|0x00000006c5000000, 0x00000006c5000000, 0x00000006c5100000|  0%| F|  |TS  0|AC  0|TAMS 0x00000006c5000000, 0x00000006c5000000|
|  57|0x00000006c5100000, 0x00000006c5100000, 0x00000006c5200000|  0%| F|  |TS  0|AC  0|TAMS 0x00000006c5100000, 0x00000006c5100000|
|  58|0x00000006c5200000, 0x00000006c5200000, 0x00000006c5300000|  0%| F|  |TS  0|AC  0|TAMS 0x00000006c5200000, 0x00000006c5200000|
|  59|0x00000006c5300000, 0x00000006c5300000, 0x00000006c5400000|  0%| F|  |TS  0|AC  0|TAMS 0x00000006c5300000, 0x00000006c5300000|
|  60|0x00000006c5400000, 0x00000006c5400000, 0x00000006c5500000|  0%| F|  |TS  0|AC  0|TAMS 0x00000006c5400000, 0x00000006c5400000|
|  61|0x00000006c5500000, 0x00000006c5500000, 0x00000006c5600000|  0%| F|  |TS  0|AC  0|TAMS 0x00000006c5500000, 0x00000006c5500000|
|  62|0x00000006c5600000, 0x00000006c5600000, 0x00000006c5700000|  0%| F|  |TS  0|AC  0|TAMS 0x00000006c5600000, 0x00000006c5600000|
|  63|0x00000006c5700000, 0x00000006c5700000, 0x00000006c5800000|  0%| F|  |TS  0|AC  0|TAMS 0x00000006c5700000, 0x00000006c5700000|
|  64|0x00000006c5800000, 0x00000006c5800000, 0x00000006c5900000|  0%| F|  |TS  0|AC  0|TAMS 0x00000006c5800000, 0x00000006c5800000|
|  65|0x00000006c5900000, 0x00000006c5900000, 0x00000006c5a00000|  0%| F|  |TS  0|AC  0|TAMS 0x00000006c5900000, 0x00000006c5900000|
|  66|0x00000006c5a00000, 0x00000006c5a00000, 0x00000006c5b00000|  0%| F|  |TS  0|AC  0|TAMS 0x00000006c5a00000, 0x00000006c5a00000|
|  67|0x00000006c5b00000, 0x00000006c5b00000, 0x00000006c5c00000|  0%| F|  |TS  0|AC  0|TAMS 0x00000006c5b00000, 0x00000006c5b00000|
|  68|0x00000006c5c00000, 0x00000006c5c00000, 0x00000006c5d00000|  0%| F|  |TS  0|AC  0|TAMS 0x00000006c5c00000, 0x00000006c5c00000|
|  69|0x00000006c5d00000, 0x00000006c5d00000, 0x00000006c5e00000|  0%| F|  |TS  0|AC  0|TAMS 0x00000006c5d00000, 0x00000006c5d00000|
|  70|0x00000006c5e00000, 0x00000006c5e00000, 0x00000006c5f00000|  0%| F|  |TS  0|AC  0|TAMS 0x00000006c5e00000, 0x00000006c5e00000|
|  71|0x00000006c5f00000, 0x00000006c5f00000, 0x00000006c6000000|  0%| F|  |TS  0|AC  0|TAMS 0x00000006c5f00000, 0x00000006c5f00000|
|  72|0x00000006c6000000, 0x00000006c6000000, 0x00000006c6100000|  0%| F|  |TS  0|AC  0|TAMS 0x00000006c6000000, 0x00000006c6000000|
|  73|0x00000006c6100000, 0x00000006c6100000, 0x00000006c6200000|  0%| F|  |TS  0|AC  0|TAMS 0x00000006c6100000, 0x00000006c6100000|
|  74|0x00000006c6200000, 0x00000006c6200000, 0x00000006c6300000|  0%| F|  |TS  0|AC  0|TAMS 0x00000006c6200000, 0x00000006c6200000|
|  75|0x00000006c6300000, 0x00000006c6300000, 0x00000006c6400000|  0%| F|  |TS  0|AC  0|TAMS 0x00000006c6300000, 0x00000006c6300000|
|  76|0x00000006c6400000, 0x00000006c6400000, 0x00000006c6500000|  0%| F|  |TS  0|AC  0|TAMS 0x00000006c6400000, 0x00000006c6400000|
|  77|0x00000006c6500000, 0x00000006c6500000, 0x00000006c6600000|  0%| F|  |TS  0|AC  0|TAMS 0x00000006c6500000, 0x00000006c6500000|
|  78|0x00000006c6600000, 0x00000006c6600000, 0x00000006c6700000|  0%| F|  |TS  0|AC  0|TAMS 0x00000006c6600000, 0x00000006c6600000|
|  79|0x00000006c6700000, 0x00000006c6700000, 0x00000006c6800000|  0%| F|  |TS  0|AC  0|TAMS 0x00000006c6700000, 0x00000006c6700000|
|  80|0x00000006c6800000, 0x00000006c6800000, 0x00000006c6900000|  0%| F|  |TS  0|AC  0|TAMS 0x00000006c6800000, 0x00000006c6800000|
|  81|0x00000006c6900000, 0x00000006c6900000, 0x00000006c6a00000|  0%| F|  |TS  0|AC  0|TAMS 0x00000006c6900000, 0x00000006c6900000|
|  82|0x00000006c6a00000, 0x00000006c6a00000, 0x00000006c6b00000|  0%| F|  |TS  0|AC  0|TAMS 0x00000006c6a00000, 0x00000006c6a00000|
|  83|0x00000006c6b00000, 0x00000006c6b00000, 0x00000006c6c00000|  0%| F|  |TS  0|AC  0|TAMS 0x00000006c6b00000, 0x00000006c6b00000|
|  84|0x00000006c6c00000, 0x00000006c6c00000, 0x00000006c6d00000|  0%| F|  |TS  0|AC  0|TAMS 0x00000006c6c00000, 0x00000006c6c00000|
|  85|0x00000006c6d00000, 0x00000006c6d00000, 0x00000006c6e00000|  0%| F|  |TS  0|AC  0|TAMS 0x00000006c6d00000, 0x00000006c6d00000|
|  86|0x00000006c6e00000, 0x00000006c6e00000, 0x00000006c6f00000|  0%| F|  |TS  0|AC  0|TAMS 0x00000006c6e00000, 0x00000006c6e00000|
|  87|0x00000006c6f00000, 0x00000006c6f00000, 0x00000006c7000000|  0%| F|  |TS  0|AC  0|TAMS 0x00000006c6f00000, 0x00000006c6f00000|
|  88|0x00000006c7000000, 0x00000006c7000000, 0x00000006c7100000|  0%| F|  |TS  0|AC  0|TAMS 0x00000006c7000000, 0x00000006c7000000|
|  89|0x00000006c7100000, 0x00000006c7100000, 0x00000006c7200000|  0%| F|  |TS  0|AC  0|TAMS 0x00000006c7100000, 0x00000006c7100000|
|  90|0x00000006c7200000, 0x00000006c7200000, 0x00000006c7300000|  0%| F|  |TS  0|AC  0|TAMS 0x00000006c7200000, 0x00000006c7200000|
|  91|0x00000006c7300000, 0x00000006c7300000, 0x00000006c7400000|  0%| F|  |TS  0|AC  0|TAMS 0x00000006c7300000, 0x00000006c7300000|
|  92|0x00000006c7400000, 0x00000006c7400000, 0x00000006c7500000|  0%| F|  |TS  0|AC  0|TAMS 0x00000006c7400000, 0x00000006c7400000|
|  93|0x00000006c7500000, 0x00000006c7500000, 0x00000006c7600000|  0%| F|  |TS  0|AC  0|TAMS 0x00000006c7500000, 0x00000006c7500000|
|  94|0x00000006c7600000, 0x00000006c7600000, 0x00000006c7700000|  0%| F|  |TS  0|AC  0|TAMS 0x00000006c7600000, 0x00000006c7600000|
|  95|0x00000006c7700000, 0x00000006c7700000, 0x00000006c7800000|  0%| F|  |TS  0|AC  0|TAMS 0x00000006c7700000, 0x00000006c7700000|
|  96|0x00000006c7800000, 0x00000006c7800000, 0x00000006c7900000|  0%| F|  |TS  0|AC  0|TAMS 0x00000006c7800000, 0x00000006c7800000|
|  97|0x00000006c7900000, 0x00000006c7900000, 0x00000006c7a00000|  0%| F|  |TS  0|AC  0|TAMS 0x00000006c7900000, 0x00000006c7900000|
|  98|0x00000006c7a00000, 0x00000006c7a00000, 0x00000006c7b00000|  0%| F|  |TS  0|AC  0|TAMS 0x00000006c7a00000, 0x00000006c7a00000|
|  99|0x00000006c7b00000, 0x00000006c7b00000, 0x00000006c7c00000|  0%| F|  |TS  0|AC  0|TAMS 0x00000006c7b00000, 0x00000006c7b00000|
| 100|0x00000006c7c00000, 0x00000006c7c00000, 0x00000006c7d00000|  0%| F|  |TS  0|AC  0|TAMS 0x00000006c7c00000, 0x00000006c7c00000|
| 101|0x00000006c7d00000, 0x00000006c7d00000, 0x00000006c7e00000|  0%| F|  |TS  0|AC  0|TAMS 0x00000006c7d00000, 0x00000006c7d00000|
| 102|0x00000006c7e00000, 0x00000006c7e00000, 0x00000006c7f00000|  0%| F|  |TS  0|AC  0|TAMS 0x00000006c7e00000, 0x00000006c7e00000|
| 103|0x00000006c7f00000, 0x00000006c7f00000, 0x00000006c8000000|  0%| F|  |TS  0|AC  0|TAMS 0x00000006c7f00000, 0x00000006c7f00000|
| 104|0x00000006c8000000, 0x00000006c8000000, 0x00000006c8100000|  0%| F|  |TS  0|AC  0|TAMS 0x00000006c8000000, 0x00000006c8000000|
| 105|0x00000006c8100000, 0x00000006c8100000, 0x00000006c8200000|  0%| F|  |TS  0|AC  0|TAMS 0x00000006c8100000, 0x00000006c8100000|
| 106|0x00000006c8200000, 0x00000006c8200000, 0x00000006c8300000|  0%| F|  |TS  0|AC  0|TAMS 0x00000006c8200000, 0x00000006c8200000|
| 107|0x00000006c8300000, 0x00000006c8300000, 0x00000006c8400000|  0%| F|  |TS  0|AC  0|TAMS 0x00000006c8300000, 0x00000006c8300000|
| 108|0x00000006c8400000, 0x00000006c8400000, 0x00000006c8500000|  0%| F|  |TS  0|AC  0|TAMS 0x00000006c8400000, 0x00000006c8400000|
| 109|0x00000006c8500000, 0x00000006c8500000, 0x00000006c8600000|  0%| F|  |TS  0|AC  0|TAMS 0x00000006c8500000, 0x00000006c8500000|
| 110|0x00000006c8600000, 0x00000006c8600000, 0x00000006c8700000|  0%| F|  |TS  0|AC  0|TAMS 0x00000006c8600000, 0x00000006c8600000|
| 111|0x00000006c8700000, 0x00000006c8700000, 0x00000006c8800000|  0%| F|  |TS  0|AC  0|TAMS 0x00000006c8700000, 0x00000006c8700000|
| 112|0x00000006c8800000, 0x00000006c8800000, 0x00000006c8900000|  0%| F|  |TS  0|AC  0|TAMS 0x00000006c8800000, 0x00000006c8800000|
| 113|0x00000006c8900000, 0x00000006c8900000, 0x00000006c8a00000|  0%| F|  |TS  0|AC  0|TAMS 0x00000006c8900000, 0x00000006c8900000|
| 114|0x00000006c8a00000, 0x00000006c8a00000, 0x00000006c8b00000|  0%| F|  |TS  0|AC  0|TAMS 0x00000006c8a00000, 0x00000006c8a00000|
| 115|0x00000006c8b00000, 0x00000006c8b00000, 0x00000006c8c00000|  0%| F|  |TS  0|AC  0|TAMS 0x00000006c8b00000, 0x00000006c8b00000|
| 116|0x00000006c8c00000, 0x00000006c8c00000, 0x00000006c8d00000|  0%| F|  |TS  0|AC  0|TAMS 0x00000006c8c00000, 0x00000006c8c00000|
| 117|0x00000006c8d00000, 0x00000006c8d00000, 0x00000006c8e00000|  0%| F|  |TS  0|AC  0|TAMS 0x00000006c8d00000, 0x00000006c8d00000|
| 118|0x00000006c8e00000, 0x00000006c8e00000, 0x00000006c8f00000|  0%| F|  |TS  0|AC  0|TAMS 0x00000006c8e00000, 0x00000006c8e00000|
| 119|0x00000006c8f00000, 0x00000006c8f00000, 0x00000006c9000000|  0%| F|  |TS  0|AC  0|TAMS 0x00000006c8f00000, 0x00000006c8f00000|
| 120|0x00000006c9000000, 0x00000006c9000000, 0x00000006c9100000|  0%| F|  |TS  0|AC  0|TAMS 0x00000006c9000000, 0x00000006c9000000|
| 121|0x00000006c9100000, 0x00000006c9100000, 0x00000006c9200000|  0%| F|  |TS  0|AC  0|TAMS 0x00000006c9100000, 0x00000006c9100000|
| 122|0x00000006c9200000, 0x00000006c9200000, 0x00000006c9300000|  0%| F|  |TS  0|AC  0|TAMS 0x00000006c9200000, 0x00000006c9200000|
| 123|0x00000006c9300000, 0x00000006c9300000, 0x00000006c9400000|  0%| F|  |TS  0|AC  0|TAMS 0x00000006c9300000, 0x00000006c9300000|
| 124|0x00000006c9400000, 0x00000006c9400000, 0x00000006c9500000|  0%| F|  |TS  0|AC  0|TAMS 0x00000006c9400000, 0x00000006c9400000|
| 125|0x00000006c9500000, 0x00000006c9500000, 0x00000006c9600000|  0%| F|  |TS  0|AC  0|TAMS 0x00000006c9500000, 0x00000006c9500000|
| 126|0x00000006c9600000, 0x00000006c9600000, 0x00000006c9700000|  0%| F|  |TS  0|AC  0|TAMS 0x00000006c9600000, 0x00000006c9600000|
| 127|0x00000006c9700000, 0x00000006c9700000, 0x00000006c9800000|  0%| F|  |TS  0|AC  0|TAMS 0x00000006c9700000, 0x00000006c9700000|
| 128|0x00000006c9800000, 0x00000006c9800000, 0x00000006c9900000|  0%| F|  |TS  0|AC  0|TAMS 0x00000006c9800000, 0x00000006c9800000|
| 129|0x00000006c9900000, 0x00000006c9900000, 0x00000006c9a00000|  0%| F|  |TS  0|AC  0|TAMS 0x00000006c9900000, 0x00000006c9900000|
| 130|0x00000006c9a00000, 0x00000006c9a00000, 0x00000006c9b00000|  0%| F|  |TS  0|AC  0|TAMS 0x00000006c9a00000, 0x00000006c9a00000|
| 131|0x00000006c9b00000, 0x00000006c9b00000, 0x00000006c9c00000|  0%| F|  |TS  0|AC  0|TAMS 0x00000006c9b00000, 0x00000006c9b00000|
| 132|0x00000006c9c00000, 0x00000006c9c00000, 0x00000006c9d00000|  0%| F|  |TS  0|AC  0|TAMS 0x00000006c9c00000, 0x00000006c9c00000|
| 133|0x00000006c9d00000, 0x00000006c9d00000, 0x00000006c9e00000|  0%| F|  |TS  0|AC  0|TAMS 0x00000006c9d00000, 0x00000006c9d00000|
| 134|0x00000006c9e00000, 0x00000006c9e00000, 0x00000006c9f00000|  0%| F|  |TS  0|AC  0|TAMS 0x00000006c9e00000, 0x00000006c9e00000|
| 135|0x00000006c9f00000, 0x00000006c9f00000, 0x00000006ca000000|  0%| F|  |TS  0|AC  0|TAMS 0x00000006c9f00000, 0x00000006c9f00000|
| 136|0x00000006ca000000, 0x00000006ca000000, 0x00000006ca100000|  0%| F|  |TS  0|AC  0|TAMS 0x00000006ca000000, 0x00000006ca000000|
| 137|0x00000006ca100000, 0x00000006ca100000, 0x00000006ca200000|  0%| F|  |TS  0|AC  0|TAMS 0x00000006ca100000, 0x00000006ca100000|
| 138|0x00000006ca200000, 0x00000006ca200000, 0x00000006ca300000|  0%| F|  |TS  0|AC  0|TAMS 0x00000006ca200000, 0x00000006ca200000|
| 139|0x00000006ca300000, 0x00000006ca300000, 0x00000006ca400000|  0%| F|  |TS  0|AC  0|TAMS 0x00000006ca300000, 0x00000006ca300000|
| 140|0x00000006ca400000, 0x00000006ca400000, 0x00000006ca500000|  0%| F|  |TS  0|AC  0|TAMS 0x00000006ca400000, 0x00000006ca400000|
| 141|0x00000006ca500000, 0x00000006ca500000, 0x00000006ca600000|  0%| F|  |TS  0|AC  0|TAMS 0x00000006ca500000, 0x00000006ca500000|
| 142|0x00000006ca600000, 0x00000006ca600000, 0x00000006ca700000|  0%| F|  |TS  0|AC  0|TAMS 0x00000006ca600000, 0x00000006ca600000|
| 143|0x00000006ca700000, 0x00000006ca700000, 0x00000006ca800000|  0%| F|  |TS  0|AC  0|TAMS 0x00000006ca700000, 0x00000006ca700000|
| 144|0x00000006ca800000, 0x00000006ca800000, 0x00000006ca900000|  0%| F|  |TS  0|AC  0|TAMS 0x00000006ca800000, 0x00000006ca800000|
| 145|0x00000006ca900000, 0x00000006ca900000, 0x00000006caa00000|  0%| F|  |TS  0|AC  0|TAMS 0x00000006ca900000, 0x00000006ca900000|
| 146|0x00000006caa00000, 0x00000006caa00000, 0x00000006cab00000|  0%| F|  |TS  0|AC  0|TAMS 0x00000006caa00000, 0x00000006caa00000|
| 147|0x00000006cab00000, 0x00000006cab00000, 0x00000006cac00000|  0%| F|  |TS  0|AC  0|TAMS 0x00000006cab00000, 0x00000006cab00000|
| 148|0x00000006cac00000, 0x00000006cac00000, 0x00000006cad00000|  0%| F|  |TS  0|AC  0|TAMS 0x00000006cac00000, 0x00000006cac00000|
| 149|0x00000006cad00000, 0x00000006cad00000, 0x00000006cae00000|  0%| F|  |TS  0|AC  0|TAMS 0x00000006cad00000, 0x00000006cad00000|
| 150|0x00000006cae00000, 0x00000006cae00000, 0x00000006caf00000|  0%| F|  |TS  0|AC  0|TAMS 0x00000006cae00000, 0x00000006cae00000|
| 151|0x00000006caf00000, 0x00000006caf00000, 0x00000006cb000000|  0%| F|  |TS  0|AC  0|TAMS 0x00000006caf00000, 0x00000006caf00000|
| 152|0x00000006cb000000, 0x00000006cb000000, 0x00000006cb100000|  0%| F|  |TS  0|AC  0|TAMS 0x00000006cb000000, 0x00000006cb000000|
| 153|0x00000006cb100000, 0x00000006cb100000, 0x00000006cb200000|  0%| F|  |TS  0|AC  0|TAMS 0x00000006cb100000, 0x00000006cb100000|
| 154|0x00000006cb200000, 0x00000006cb200000, 0x00000006cb300000|  0%| F|  |TS  0|AC  0|TAMS 0x00000006cb200000, 0x00000006cb200000|
| 155|0x00000006cb300000, 0x00000006cb300000, 0x00000006cb400000|  0%| F|  |TS  0|AC  0|TAMS 0x00000006cb300000, 0x00000006cb300000|
| 156|0x00000006cb400000, 0x00000006cb400000, 0x00000006cb500000|  0%| F|  |TS  0|AC  0|TAMS 0x00000006cb400000, 0x00000006cb400000|
| 157|0x00000006cb500000, 0x00000006cb500000, 0x00000006cb600000|  0%| F|  |TS  0|AC  0|TAMS 0x00000006cb500000, 0x00000006cb500000|
| 158|0x00000006cb600000, 0x00000006cb600000, 0x00000006cb700000|  0%| F|  |TS  0|AC  0|TAMS 0x00000006cb600000, 0x00000006cb600000|
| 159|0x00000006cb700000, 0x00000006cb700000, 0x00000006cb800000|  0%| F|  |TS  0|AC  0|TAMS 0x00000006cb700000, 0x00000006cb700000|
| 160|0x00000006cb800000, 0x00000006cb800000, 0x00000006cb900000|  0%| F|  |TS  0|AC  0|TAMS 0x00000006cb800000, 0x00000006cb800000|
| 161|0x00000006cb900000, 0x00000006cb900000, 0x00000006cba00000|  0%| F|  |TS  0|AC  0|TAMS 0x00000006cb900000, 0x00000006cb900000|
| 162|0x00000006cba00000, 0x00000006cba00000, 0x00000006cbb00000|  0%| F|  |TS  0|AC  0|TAMS 0x00000006cba00000, 0x00000006cba00000|
| 163|0x00000006cbb00000, 0x00000006cbb00000, 0x00000006cbc00000|  0%| F|  |TS  0|AC  0|TAMS 0x00000006cbb00000, 0x00000006cbb00000|
| 164|0x00000006cbc00000, 0x00000006cbc00000, 0x00000006cbd00000|  0%| F|  |TS  0|AC  0|TAMS 0x00000006cbc00000, 0x00000006cbc00000|
| 165|0x00000006cbd00000, 0x00000006cbd00000, 0x00000006cbe00000|  0%| F|  |TS  0|AC  0|TAMS 0x00000006cbd00000, 0x00000006cbd00000|
| 166|0x00000006cbe00000, 0x00000006cbe00000, 0x00000006cbf00000|  0%| F|  |TS  0|AC  0|TAMS 0x00000006cbe00000, 0x00000006cbe00000|
| 167|0x00000006cbf00000, 0x00000006cbf00000, 0x00000006cc000000|  0%| F|  |TS  0|AC  0|TAMS 0x00000006cbf00000, 0x00000006cbf00000|
| 168|0x00000006cc000000, 0x00000006cc000000, 0x00000006cc100000|  0%| F|  |TS  0|AC  0|TAMS 0x00000006cc000000, 0x00000006cc000000|
| 169|0x00000006cc100000, 0x00000006cc100000, 0x00000006cc200000|  0%| F|  |TS  0|AC  0|TAMS 0x00000006cc100000, 0x00000006cc100000|
| 170|0x00000006cc200000, 0x00000006cc200000, 0x00000006cc300000|  0%| F|  |TS  0|AC  0|TAMS 0x00000006cc200000, 0x00000006cc200000|
| 171|0x00000006cc300000, 0x00000006cc300000, 0x00000006cc400000|  0%| F|  |TS  0|AC  0|TAMS 0x00000006cc300000, 0x00000006cc300000|
| 172|0x00000006cc400000, 0x00000006cc400000, 0x00000006cc500000|  0%| F|  |TS  0|AC  0|TAMS 0x00000006cc400000, 0x00000006cc400000|
| 173|0x00000006cc500000, 0x00000006cc500000, 0x00000006cc600000|  0%| F|  |TS  0|AC  0|TAMS 0x00000006cc500000, 0x00000006cc500000|
| 174|0x00000006cc600000, 0x00000006cc600000, 0x00000006cc700000|  0%| F|  |TS  0|AC  0|TAMS 0x00000006cc600000, 0x00000006cc600000|
| 175|0x00000006cc700000, 0x00000006cc700000, 0x00000006cc800000|  0%| F|  |TS  0|AC  0|TAMS 0x00000006cc700000, 0x00000006cc700000|
| 176|0x00000006cc800000, 0x00000006cc800000, 0x00000006cc900000|  0%| F|  |TS  0|AC  0|TAMS 0x00000006cc800000, 0x00000006cc800000|
| 177|0x00000006cc900000, 0x00000006cc900000, 0x00000006cca00000|  0%| F|  |TS  0|AC  0|TAMS 0x00000006cc900000, 0x00000006cc900000|
| 178|0x00000006cca00000, 0x00000006cca00000, 0x00000006ccb00000|  0%| F|  |TS  0|AC  0|TAMS 0x00000006cca00000, 0x00000006cca00000|
| 179|0x00000006ccb00000, 0x00000006ccb00000, 0x00000006ccc00000|  0%| F|  |TS  0|AC  0|TAMS 0x00000006ccb00000, 0x00000006ccb00000|
| 180|0x00000006ccc00000, 0x00000006ccc00000, 0x00000006ccd00000|  0%| F|  |TS  0|AC  0|TAMS 0x00000006ccc00000, 0x00000006ccc00000|
| 181|0x00000006ccd00000, 0x00000006ccd00000, 0x00000006cce00000|  0%| F|  |TS  0|AC  0|TAMS 0x00000006ccd00000, 0x00000006ccd00000|
| 182|0x00000006cce00000, 0x00000006cce00000, 0x00000006ccf00000|  0%| F|  |TS  0|AC  0|TAMS 0x00000006cce00000, 0x00000006cce00000|
| 183|0x00000006ccf00000, 0x00000006ccf00000, 0x00000006cd000000|  0%| F|  |TS  0|AC  0|TAMS 0x00000006ccf00000, 0x00000006ccf00000|
| 184|0x00000006cd000000, 0x00000006cd000000, 0x00000006cd100000|  0%| F|  |TS  0|AC  0|TAMS 0x00000006cd000000, 0x00000006cd000000|
| 185|0x00000006cd100000, 0x00000006cd100000, 0x00000006cd200000|  0%| F|  |TS  0|AC  0|TAMS 0x00000006cd100000, 0x00000006cd100000|
| 186|0x00000006cd200000, 0x00000006cd200000, 0x00000006cd300000|  0%| F|  |TS  0|AC  0|TAMS 0x00000006cd200000, 0x00000006cd200000|
| 187|0x00000006cd300000, 0x00000006cd300000, 0x00000006cd400000|  0%| F|  |TS  0|AC  0|TAMS 0x00000006cd300000, 0x00000006cd300000|
| 188|0x00000006cd400000, 0x00000006cd400000, 0x00000006cd500000|  0%| F|  |TS  0|AC  0|TAMS 0x00000006cd400000, 0x00000006cd400000|
| 189|0x00000006cd500000, 0x00000006cd500000, 0x00000006cd600000|  0%| F|  |TS  0|AC  0|TAMS 0x00000006cd500000, 0x00000006cd500000|
| 190|0x00000006cd600000, 0x00000006cd600000, 0x00000006cd700000|  0%| F|  |TS  0|AC  0|TAMS 0x00000006cd600000, 0x00000006cd600000|
| 191|0x00000006cd700000, 0x00000006cd700000, 0x00000006cd800000|  0%| F|  |TS  0|AC  0|TAMS 0x00000006cd700000, 0x00000006cd700000|
| 192|0x00000006cd800000, 0x00000006cd800000, 0x00000006cd900000|  0%| F|  |TS  0|AC  0|TAMS 0x00000006cd800000, 0x00000006cd800000|
| 193|0x00000006cd900000, 0x00000006cd900000, 0x00000006cda00000|  0%| F|  |TS  0|AC  0|TAMS 0x00000006cd900000, 0x00000006cd900000|
| 194|0x00000006cda00000, 0x00000006cda00000, 0x00000006cdb00000|  0%| F|  |TS  0|AC  0|TAMS 0x00000006cda00000, 0x00000006cda00000|
| 195|0x00000006cdb00000, 0x00000006cdb00000, 0x00000006cdc00000|  0%| F|  |TS  0|AC  0|TAMS 0x00000006cdb00000, 0x00000006cdb00000|
| 196|0x00000006cdc00000, 0x00000006cdc00000, 0x00000006cdd00000|  0%| F|  |TS  0|AC  0|TAMS 0x00000006cdc00000, 0x00000006cdc00000|
| 197|0x00000006cdd00000, 0x00000006cdd00000, 0x00000006cde00000|  0%| F|  |TS  0|AC  0|TAMS 0x00000006cdd00000, 0x00000006cdd00000|
| 198|0x00000006cde00000, 0x00000006cde00000, 0x00000006cdf00000|  0%| F|  |TS  0|AC  0|TAMS 0x00000006cde00000, 0x00000006cde00000|
| 199|0x00000006cdf00000, 0x00000006cdf00000, 0x00000006ce000000|  0%| F|  |TS  0|AC  0|TAMS 0x00000006cdf00000, 0x00000006cdf00000|
| 200|0x00000006ce000000, 0x00000006ce000000, 0x00000006ce100000|  0%| F|  |TS  0|AC  0|TAMS 0x00000006ce000000, 0x00000006ce000000|
| 201|0x00000006ce100000, 0x00000006ce100000, 0x00000006ce200000|  0%| F|  |TS  0|AC  0|TAMS 0x00000006ce100000, 0x00000006ce100000|
| 202|0x00000006ce200000, 0x00000006ce200000, 0x00000006ce300000|  0%| F|  |TS  0|AC  0|TAMS 0x00000006ce200000, 0x00000006ce200000|
| 203|0x00000006ce300000, 0x00000006ce300000, 0x00000006ce400000|  0%| F|  |TS  0|AC  0|TAMS 0x00000006ce300000, 0x00000006ce300000|
| 204|0x00000006ce400000, 0x00000006ce400000, 0x00000006ce500000|  0%| F|  |TS  0|AC  0|TAMS 0x00000006ce400000, 0x00000006ce400000|
| 205|0x00000006ce500000, 0x00000006ce500000, 0x00000006ce600000|  0%| F|  |TS  0|AC  0|TAMS 0x00000006ce500000, 0x00000006ce500000|
| 206|0x00000006ce600000, 0x00000006ce600000, 0x00000006ce700000|  0%| F|  |TS  0|AC  0|TAMS 0x00000006ce600000, 0x00000006ce600000|
| 207|0x00000006ce700000, 0x00000006ce700000, 0x00000006ce800000|  0%| F|  |TS  0|AC  0|TAMS 0x00000006ce700000, 0x00000006ce700000|
| 208|0x00000006ce800000, 0x00000006ce800000, 0x00000006ce900000|  0%| F|  |TS  0|AC  0|TAMS 0x00000006ce800000, 0x00000006ce800000|
| 209|0x00000006ce900000, 0x00000006ce900000, 0x00000006cea00000|  0%| F|  |TS  0|AC  0|TAMS 0x00000006ce900000, 0x00000006ce900000|
| 210|0x00000006cea00000, 0x00000006cea00000, 0x00000006ceb00000|  0%| F|  |TS  3|AC  0|TAMS 0x00000006cea00000, 0x00000006cea00000|
| 211|0x00000006ceb00000, 0x00000006ceb00000, 0x00000006cec00000|  0%| F|  |TS  3|AC  0|TAMS 0x00000006ceb00000, 0x00000006ceb00000|
| 212|0x00000006cec00000, 0x00000006cec00000, 0x00000006ced00000|  0%| F|  |TS  3|AC  0|TAMS 0x00000006cec00000, 0x00000006cec00000|
| 213|0x00000006ced00000, 0x00000006ced00000, 0x00000006cee00000|  0%| F|  |TS  2|AC  0|TAMS 0x00000006ced00000, 0x00000006ced00000|
| 214|0x00000006cee00000, 0x00000006cee00000, 0x00000006cef00000|  0%| F|  |TS  2|AC  0|TAMS 0x00000006cee00000, 0x00000006cee00000|
| 215|0x00000006cef00000, 0x00000006cef00000, 0x00000006cf000000|  0%| F|  |TS  2|AC  0|TAMS 0x00000006cef00000, 0x00000006cef00000|
| 216|0x00000006cf000000, 0x00000006cf000000, 0x00000006cf100000|  0%| F|  |TS  2|AC  0|TAMS 0x00000006cf000000, 0x00000006cf000000|
| 217|0x00000006cf100000, 0x00000006cf100000, 0x00000006cf200000|  0%| F|  |TS  2|AC  0|TAMS 0x00000006cf100000, 0x00000006cf100000|
| 218|0x00000006cf200000, 0x00000006cf200000, 0x00000006cf300000|  0%| F|  |TS  2|AC  0|TAMS 0x00000006cf200000, 0x00000006cf200000|
| 219|0x00000006cf300000, 0x00000006cf300000, 0x00000006cf400000|  0%| F|  |TS  2|AC  0|TAMS 0x00000006cf300000, 0x00000006cf300000|
| 220|0x00000006cf400000, 0x00000006cf400000, 0x00000006cf500000|  0%| F|  |TS  2|AC  0|TAMS 0x00000006cf400000, 0x00000006cf400000|
| 221|0x00000006cf500000, 0x00000006cf500000, 0x00000006cf600000|  0%| F|  |TS  2|AC  0|TAMS 0x00000006cf500000, 0x00000006cf500000|
| 222|0x00000006cf600000, 0x00000006cf600000, 0x00000006cf700000|  0%| F|  |TS  2|AC  0|TAMS 0x00000006cf600000, 0x00000006cf600000|
| 223|0x00000006cf700000, 0x00000006cf700000, 0x00000006cf800000|  0%| F|  |TS  2|AC  0|TAMS 0x00000006cf700000, 0x00000006cf700000|
| 224|0x00000006cf800000, 0x00000006cf800000, 0x00000006cf900000|  0%| F|  |TS  2|AC  0|TAMS 0x00000006cf800000, 0x00000006cf800000|
| 225|0x00000006cf900000, 0x00000006cf900000, 0x00000006cfa00000|  0%| F|  |TS  2|AC  0|TAMS 0x00000006cf900000, 0x00000006cf900000|
| 226|0x00000006cfa00000, 0x00000006cfa00000, 0x00000006cfb00000|  0%| F|  |TS  2|AC  0|TAMS 0x00000006cfa00000, 0x00000006cfa00000|
| 227|0x00000006cfb00000, 0x00000006cfb00000, 0x00000006cfc00000|  0%| F|  |TS  2|AC  0|TAMS 0x00000006cfb00000, 0x00000006cfb00000|
| 228|0x00000006cfc00000, 0x00000006cfc00000, 0x00000006cfd00000|  0%| F|  |TS  2|AC  0|TAMS 0x00000006cfc00000, 0x00000006cfc00000|
| 229|0x00000006cfd00000, 0x00000006cfd00000, 0x00000006cfe00000|  0%| F|  |TS  2|AC  0|TAMS 0x00000006cfd00000, 0x00000006cfd00000|
| 230|0x00000006cfe00000, 0x00000006cfe00000, 0x00000006cff00000|  0%| F|  |TS  2|AC  0|TAMS 0x00000006cfe00000, 0x00000006cfe00000|
| 231|0x00000006cff00000, 0x00000006cff00000, 0x00000006d0000000|  0%| F|  |TS  2|AC  0|TAMS 0x00000006cff00000, 0x00000006cff00000|
| 232|0x00000006d0000000, 0x00000006d0000000, 0x00000006d0100000|  0%| F|  |TS  2|AC  0|TAMS 0x00000006d0000000, 0x00000006d0000000|
| 233|0x00000006d0100000, 0x00000006d0100000, 0x00000006d0200000|  0%| F|  |TS  2|AC  0|TAMS 0x00000006d0100000, 0x00000006d0100000|
| 234|0x00000006d0200000, 0x00000006d0200000, 0x00000006d0300000|  0%| F|  |TS  2|AC  0|TAMS 0x00000006d0200000, 0x00000006d0200000|
| 235|0x00000006d0300000, 0x00000006d0300000, 0x00000006d0400000|  0%| F|  |TS  2|AC  0|TAMS 0x00000006d0300000, 0x00000006d0300000|
| 236|0x00000006d0400000, 0x00000006d0400000, 0x00000006d0500000|  0%| F|  |TS  2|AC  0|TAMS 0x00000006d0400000, 0x00000006d0400000|
| 237|0x00000006d0500000, 0x00000006d0500000, 0x00000006d0600000|  0%| F|  |TS  2|AC  0|TAMS 0x00000006d0500000, 0x00000006d0500000|
| 238|0x00000006d0600000, 0x00000006d0600000, 0x00000006d0700000|  0%| F|  |TS  2|AC  0|TAMS 0x00000006d0600000, 0x00000006d0600000|
| 239|0x00000006d0700000, 0x00000006d0700000, 0x00000006d0800000|  0%| F|  |TS  2|AC  0|TAMS 0x00000006d0700000, 0x00000006d0700000|
| 240|0x00000006d0800000, 0x00000006d0800000, 0x00000006d0900000|  0%| F|  |TS  2|AC  0|TAMS 0x00000006d0800000, 0x00000006d0800000|
| 241|0x00000006d0900000, 0x00000006d0900000, 0x00000006d0a00000|  0%| F|  |TS  2|AC  0|TAMS 0x00000006d0900000, 0x00000006d0900000|
| 242|0x00000006d0a00000, 0x00000006d0a00000, 0x00000006d0b00000|  0%| F|  |TS  2|AC  0|TAMS 0x00000006d0a00000, 0x00000006d0a00000|
| 243|0x00000006d0b00000, 0x00000006d0b00000, 0x00000006d0c00000|  0%| F|  |TS  2|AC  0|TAMS 0x00000006d0b00000, 0x00000006d0b00000|
| 244|0x00000006d0c00000, 0x00000006d0c00000, 0x00000006d0d00000|  0%| F|  |TS  2|AC  0|TAMS 0x00000006d0c00000, 0x00000006d0c00000|
| 245|0x00000006d0d00000, 0x00000006d0d00000, 0x00000006d0e00000|  0%| F|  |TS  2|AC  0|TAMS 0x00000006d0d00000, 0x00000006d0d00000|
| 246|0x00000006d0e00000, 0x00000006d0e00000, 0x00000006d0f00000|  0%| F|  |TS  2|AC  0|TAMS 0x00000006d0e00000, 0x00000006d0e00000|
| 247|0x00000006d0f00000, 0x00000006d0f00000, 0x00000006d1000000|  0%| F|  |TS  2|AC  0|TAMS 0x00000006d0f00000, 0x00000006d0f00000|
| 248|0x00000006d1000000, 0x00000006d1000000, 0x00000006d1100000|  0%| F|  |TS  2|AC  0|TAMS 0x00000006d1000000, 0x00000006d1000000|
| 249|0x00000006d1100000, 0x00000006d1100000, 0x00000006d1200000|  0%| F|  |TS  2|AC  0|TAMS 0x00000006d1100000, 0x00000006d1100000|
| 250|0x00000006d1200000, 0x00000006d1281f80, 0x00000006d1300000| 50%| S|CS|TS  3|AC  0|TAMS 0x00000006d1200000, 0x00000006d1200000|
| 251|0x00000006d1300000, 0x00000006d1400000, 0x00000006d1400000|100%| S|CS|TS  3|AC  0|TAMS 0x00000006d1300000, 0x00000006d1300000|
| 252|0x00000006d1400000, 0x00000006d1500000, 0x00000006d1500000|100%| S|CS|TS  3|AC  0|TAMS 0x00000006d1400000, 0x00000006d1400000|
| 253|0x00000006d1500000, 0x00000006d1500000, 0x00000006d1600000|  0%| F|  |TS  3|AC  0|TAMS 0x00000006d1500000, 0x00000006d1500000|
| 254|0x00000006d1600000, 0x00000006d1600000, 0x00000006d1700000|  0%| F|  |TS  3|AC  0|TAMS 0x00000006d1600000, 0x00000006d1600000|
| 255|0x00000006d1700000, 0x00000006d1700000, 0x00000006d1800000|  0%| F|  |TS  3|AC  0|TAMS 0x00000006d1700000, 0x00000006d1700000|
| 256|0x00000006d1800000, 0x00000006d1800000, 0x00000006d1900000|  0%| F|  |TS  3|AC  0|TAMS 0x00000006d1800000, 0x00000006d1800000|
| 257|0x00000006d1900000, 0x00000006d1900000, 0x00000006d1a00000|  0%| F|  |TS  3|AC  0|TAMS 0x00000006d1900000, 0x00000006d1900000|
| 258|0x00000006d1a00000, 0x00000006d1a00000, 0x00000006d1b00000|  0%| F|  |TS  3|AC  0|TAMS 0x00000006d1a00000, 0x00000006d1a00000|
| 259|0x00000006d1b00000, 0x00000006d1b80800, 0x00000006d1c00000| 50%| E|  |TS  3|AC  0|TAMS 0x00000006d1b00000, 0x00000006d1b00000|
| 260|0x00000006d1c00000, 0x00000006d1d00000, 0x00000006d1d00000|100%| E|CS|TS  3|AC  0|TAMS 0x00000006d1c00000, 0x00000006d1c00000|
| 261|0x00000006d1d00000, 0x00000006d1e00000, 0x00000006d1e00000|100%| E|CS|TS  3|AC  0|TAMS 0x00000006d1d00000, 0x00000006d1d00000|
| 262|0x00000006d1e00000, 0x00000006d1f00000, 0x00000006d1f00000|100%| E|CS|TS  3|AC  0|TAMS 0x00000006d1e00000, 0x00000006d1e00000|
| 263|0x00000006d1f00000, 0x00000006d2000000, 0x00000006d2000000|100%| E|CS|TS  3|AC  0|TAMS 0x00000006d1f00000, 0x00000006d1f00000|
| 264|0x00000006d2000000, 0x00000006d2100000, 0x00000006d2100000|100%| E|CS|TS  3|AC  0|TAMS 0x00000006d2000000, 0x00000006d2000000|
| 265|0x00000006d2100000, 0x00000006d2200000, 0x00000006d2200000|100%| E|CS|TS  3|AC  0|TAMS 0x00000006d2100000, 0x00000006d2100000|
| 266|0x00000006d2200000, 0x00000006d2300000, 0x00000006d2300000|100%| E|CS|TS  3|AC  0|TAMS 0x00000006d2200000, 0x00000006d2200000|
| 267|0x00000006d2300000, 0x00000006d2400000, 0x00000006d2400000|100%| E|CS|TS  3|AC  0|TAMS 0x00000006d2300000, 0x00000006d2300000|
| 268|0x00000006d2400000, 0x00000006d2500000, 0x00000006d2500000|100%| E|CS|TS  3|AC  0|TAMS 0x00000006d2400000, 0x00000006d2400000|
| 269|0x00000006d2500000, 0x00000006d2600000, 0x00000006d2600000|100%| E|CS|TS  3|AC  0|TAMS 0x00000006d2500000, 0x00000006d2500000|
| 270|0x00000006d2600000, 0x00000006d2700000, 0x00000006d2700000|100%| E|CS|TS  3|AC  0|TAMS 0x00000006d2600000, 0x00000006d2600000|
| 271|0x00000006d2700000, 0x00000006d2800000, 0x00000006d2800000|100%| E|CS|TS  3|AC  0|TAMS 0x00000006d2700000, 0x00000006d2700000|
| 272|0x00000006d2800000, 0x00000006d2900000, 0x00000006d2900000|100%| E|CS|TS  3|AC  0|TAMS 0x00000006d2800000, 0x00000006d2800000|
| 273|0x00000006d2900000, 0x00000006d2a00000, 0x00000006d2a00000|100%| E|CS|TS  3|AC  0|TAMS 0x00000006d2900000, 0x00000006d2900000|
| 274|0x00000006d2a00000, 0x00000006d2b00000, 0x00000006d2b00000|100%| E|CS|TS  3|AC  0|TAMS 0x00000006d2a00000, 0x00000006d2a00000|
| 275|0x00000006d2b00000, 0x00000006d2c00000, 0x00000006d2c00000|100%| E|CS|TS  3|AC  0|TAMS 0x00000006d2b00000, 0x00000006d2b00000|
| 276|0x00000006d2c00000, 0x00000006d2d00000, 0x00000006d2d00000|100%| E|CS|TS  3|AC  0|TAMS 0x00000006d2c00000, 0x00000006d2c00000|
| 277|0x00000006d2d00000, 0x00000006d2e00000, 0x00000006d2e00000|100%| E|CS|TS  3|AC  0|TAMS 0x00000006d2d00000, 0x00000006d2d00000|
| 278|0x00000006d2e00000, 0x00000006d2f00000, 0x00000006d2f00000|100%| E|CS|TS  3|AC  0|TAMS 0x00000006d2e00000, 0x00000006d2e00000|
| 279|0x00000006d2f00000, 0x00000006d3000000, 0x00000006d3000000|100%| E|CS|TS  3|AC  0|TAMS 0x00000006d2f00000, 0x00000006d2f00000|
| 280|0x00000006d3000000, 0x00000006d3100000, 0x00000006d3100000|100%| E|CS|TS  3|AC  0|TAMS 0x00000006d3000000, 0x00000006d3000000|
| 281|0x00000006d3100000, 0x00000006d3200000, 0x00000006d3200000|100%| E|CS|TS  3|AC  0|TAMS 0x00000006d3100000, 0x00000006d3100000|
| 282|0x00000006d3200000, 0x00000006d3300000, 0x00000006d3300000|100%| E|CS|TS  3|AC  0|TAMS 0x00000006d3200000, 0x00000006d3200000|
| 283|0x00000006d3300000, 0x00000006d3400000, 0x00000006d3400000|100%| E|CS|TS  3|AC  0|TAMS 0x00000006d3300000, 0x00000006d3300000|
| 284|0x00000006d3400000, 0x00000006d3500000, 0x00000006d3500000|100%| E|CS|TS  3|AC  0|TAMS 0x00000006d3400000, 0x00000006d3400000|
| 285|0x00000006d3500000, 0x00000006d3600000, 0x00000006d3600000|100%| E|CS|TS  3|AC  0|TAMS 0x00000006d3500000, 0x00000006d3500000|
| 286|0x00000006d3600000, 0x00000006d3700000, 0x00000006d3700000|100%| E|CS|TS  3|AC  0|TAMS 0x00000006d3600000, 0x00000006d3600000|
| 287|0x00000006d3700000, 0x00000006d3800000, 0x00000006d3800000|100%| E|CS|TS  3|AC  0|TAMS 0x00000006d3700000, 0x00000006d3700000|
| 288|0x00000006d3800000, 0x00000006d3900000, 0x00000006d3900000|100%| E|CS|TS  3|AC  0|TAMS 0x00000006d3800000, 0x00000006d3800000|
| 289|0x00000006d3900000, 0x00000006d3a00000, 0x00000006d3a00000|100%| E|CS|TS  3|AC  0|TAMS 0x00000006d3900000, 0x00000006d3900000|
| 290|0x00000006d3a00000, 0x00000006d3b00000, 0x00000006d3b00000|100%| E|CS|TS  3|AC  0|TAMS 0x00000006d3a00000, 0x00000006d3a00000|
| 291|0x00000006d3b00000, 0x00000006d3c00000, 0x00000006d3c00000|100%| E|CS|TS  3|AC  0|TAMS 0x00000006d3b00000, 0x00000006d3b00000|
| 292|0x00000006d3c00000, 0x00000006d3d00000, 0x00000006d3d00000|100%| E|CS|TS  3|AC  0|TAMS 0x00000006d3c00000, 0x00000006d3c00000|
| 293|0x00000006d3d00000, 0x00000006d3e00000, 0x00000006d3e00000|100%| E|CS|TS  3|AC  0|TAMS 0x00000006d3d00000, 0x00000006d3d00000|
| 294|0x00000006d3e00000, 0x00000006d3f00000, 0x00000006d3f00000|100%| E|CS|TS  3|AC  0|TAMS 0x00000006d3e00000, 0x00000006d3e00000|
| 295|0x00000006d3f00000, 0x00000006d4000000, 0x00000006d4000000|100%| E|CS|TS  3|AC  0|TAMS 0x00000006d3f00000, 0x00000006d3f00000|
| 296|0x00000006d4000000, 0x00000006d4100000, 0x00000006d4100000|100%| E|CS|TS  3|AC  0|TAMS 0x00000006d4000000, 0x00000006d4000000|
| 297|0x00000006d4100000, 0x00000006d4200000, 0x00000006d4200000|100%| E|CS|TS  3|AC  0|TAMS 0x00000006d4100000, 0x00000006d4100000|
| 298|0x00000006d4200000, 0x00000006d4300000, 0x00000006d4300000|100%| E|CS|TS  3|AC  0|TAMS 0x00000006d4200000, 0x00000006d4200000|
| 299|0x00000006d4300000, 0x00000006d4400000, 0x00000006d4400000|100%| E|CS|TS  3|AC  0|TAMS 0x00000006d4300000, 0x00000006d4300000|
| 300|0x00000006d4400000, 0x00000006d4500000, 0x00000006d4500000|100%| E|CS|TS  3|AC  0|TAMS 0x00000006d4400000, 0x00000006d4400000|
| 301|0x00000006d4500000, 0x00000006d4600000, 0x00000006d4600000|100%| E|CS|TS  3|AC  0|TAMS 0x00000006d4500000, 0x00000006d4500000|
| 302|0x00000006d4600000, 0x00000006d4700000, 0x00000006d4700000|100%| E|CS|TS  3|AC  0|TAMS 0x00000006d4600000, 0x00000006d4600000|
| 303|0x00000006d4700000, 0x00000006d4800000, 0x00000006d4800000|100%| E|CS|TS  3|AC  0|TAMS 0x00000006d4700000, 0x00000006d4700000|
| 304|0x00000006d4800000, 0x00000006d4900000, 0x00000006d4900000|100%| E|CS|TS  3|AC  0|TAMS 0x00000006d4800000, 0x00000006d4800000|
| 305|0x00000006d4900000, 0x00000006d4a00000, 0x00000006d4a00000|100%| E|CS|TS  3|AC  0|TAMS 0x00000006d4900000, 0x00000006d4900000|
| 306|0x00000006d4a00000, 0x00000006d4b00000, 0x00000006d4b00000|100%| E|CS|TS  3|AC  0|TAMS 0x00000006d4a00000, 0x00000006d4a00000|
| 307|0x00000006d4b00000, 0x00000006d4c00000, 0x00000006d4c00000|100%| E|CS|TS  3|AC  0|TAMS 0x00000006d4b00000, 0x00000006d4b00000|
| 308|0x00000006d4c00000, 0x00000006d4d00000, 0x00000006d4d00000|100%| E|CS|TS  3|AC  0|TAMS 0x00000006d4c00000, 0x00000006d4c00000|
| 309|0x00000006d4d00000, 0x00000006d4e00000, 0x00000006d4e00000|100%| E|CS|TS  3|AC  0|TAMS 0x00000006d4d00000, 0x00000006d4d00000|

Card table byte_map: [0x0000025c6bc80000,0x0000025c6c480000] byte_map_base: 0x0000025c68674000

Marking Bits (Prev, Next): (CMBitMap*) 0x0000025c5476e348, (CMBitMap*) 0x0000025c5476e310
 Prev Bits: [0x0000025c70c20000, 0x0000025c74bc0000)
 Next Bits: [0x0000025c6cc80000, 0x0000025c70c20000)

Polling page: 0x0000025c54630000

CodeHeap 'non-profiled nmethods': size=120064Kb used=2097Kb max_used=2097Kb free=117967Kb
 bounds [0x0000025c63910000, 0x0000025c63b80000, 0x0000025c6ae50000]
CodeHeap 'profiled nmethods': size=120000Kb used=9171Kb max_used=9171Kb free=110828Kb
 bounds [0x0000025c5c3e0000, 0x0000025c5cce0000, 0x0000025c63910000]
CodeHeap 'non-nmethods': size=5696Kb used=1302Kb max_used=1356Kb free=4393Kb
 bounds [0x0000025c5be50000, 0x0000025c5c0c0000, 0x0000025c5c3e0000]
 total_blobs=5762 nmethods=4254 adapters=625
 compilation: enabled

Compilation events (10 events):
Event: 69.564 Thread 0x0000025c77be6000 4420   !   3       sun.awt.GlobalCursorManager$NativeUpdater::postIfNotPending (48 bytes)
Event: 69.566 Thread 0x0000025c77be6000 nmethod 4420 0x0000025c5ccd4e10 code [0x0000025c5ccd5020, 0x0000025c5ccd58d0]
Event: 69.566 Thread 0x0000025c77be6000 4421       3       java.lang.Math::floorDiv (31 bytes)
Event: 69.567 Thread 0x0000025c77be6000 nmethod 4421 0x0000025c5ccd5b90 code [0x0000025c5ccd5d40, 0x0000025c5ccd5f58]
Event: 69.567 Thread 0x0000025c77be6000 4422       3       java.nio.charset.CoderResult::isUnderflow (13 bytes)
Event: 69.567 Thread 0x0000025c77be6000 nmethod 4422 0x0000025c5ccd6010 code [0x0000025c5ccd61c0, 0x0000025c5ccd6378]
Event: 69.570 Thread 0x0000025c77be6000 4423       3       java.time.temporal.ValueRange::isValidValue (24 bytes)
Event: 69.571 Thread 0x0000025c77be6000 nmethod 4423 0x0000025c5ccd6410 code [0x0000025c5ccd65c0, 0x0000025c5ccd67d8]
Event: 69.573 Thread 0x0000025c77be6000 4424       3       sun.font.CompositeStrike::getStrikeForGlyph (9 bytes)
Event: 69.573 Thread 0x0000025c77be6000 nmethod 4424 0x0000025c5ccd6890 code [0x0000025c5ccd6a40, 0x0000025c5ccd6bd0]

GC Heap History (10 events):
Event: 0.837 GC heap before
{Heap before GC invocations=1 (full 0):
 garbage-first heap   total 262144K, used 14116K [0x00000006c1800000, 0x00000007c0000000)
  region size 1024K, 12 young (12288K), 2 survivors (2048K)
 Metaspace       used 20610K, capacity 21003K, committed 21296K, reserved 1069056K
  class space    used 2423K, capacity 2625K, committed 2688K, reserved 1048576K
}
Event: 0.844 GC heap after
{Heap after GC invocations=2 (full 0):
 garbage-first heap   total 262144K, used 6379K [0x00000006c1800000, 0x00000007c0000000)
  region size 1024K, 2 young (2048K), 2 survivors (2048K)
 Metaspace       used 20610K, capacity 21003K, committed 21296K, reserved 1069056K
  class space    used 2423K, capacity 2625K, committed 2688K, reserved 1048576K
}
Event: 0.849 GC heap before
{Heap before GC invocations=2 (full 0):
 garbage-first heap   total 262144K, used 6379K [0x00000006c1800000, 0x00000007c0000000)
  region size 1024K, 3 young (3072K), 2 survivors (2048K)
 Metaspace       used 20628K, capacity 21003K, committed 21296K, reserved 1069056K
  class space    used 2424K, capacity 2625K, committed 2688K, reserved 1048576K
}
Event: 0.855 GC heap after
{Heap after GC invocations=3 (full 0):
 garbage-first heap   total 262144K, used 6379K [0x00000006c1800000, 0x00000007c0000000)
  region size 1024K, 2 young (2048K), 2 survivors (2048K)
 Metaspace       used 20628K, capacity 21003K, committed 21296K, reserved 1069056K
  class space    used 2424K, capacity 2625K, committed 2688K, reserved 1048576K
}
Event: 1.337 GC heap before
{Heap before GC invocations=4 (full 0):
 garbage-first heap   total 262144K, used 34027K [0x00000006c1800000, 0x00000007c0000000)
  region size 1024K, 29 young (29696K), 2 survivors (2048K)
 Metaspace       used 23909K, capacity 24400K, committed 24704K, reserved 1071104K
  class space    used 2916K, capacity 3163K, committed 3200K, reserved 1048576K
}
Event: 1.344 GC heap after
{Heap after GC invocations=5 (full 0):
 garbage-first heap   total 262144K, used 8752K [0x00000006c1800000, 0x00000007c0000000)
  region size 1024K, 4 young (4096K), 4 survivors (4096K)
 Metaspace       used 23909K, capacity 24400K, committed 24704K, reserved 1071104K
  class space    used 2916K, capacity 3163K, committed 3200K, reserved 1048576K
}
Event: 1.522 GC heap before
{Heap before GC invocations=5 (full 0):
 garbage-first heap   total 262144K, used 48688K [0x00000006c1800000, 0x00000007c0000000)
  region size 1024K, 43 young (44032K), 4 survivors (4096K)
 Metaspace       used 24019K, capacity 24534K, committed 24960K, reserved 1071104K
  class space    used 2919K, capacity 3164K, committed 3200K, reserved 1048576K
}
Event: 1.529 GC heap after
{Heap after GC invocations=6 (full 0):
 garbage-first heap   total 317440K, used 9137K [0x00000006c1800000, 0x00000007c0000000)
  region size 1024K, 3 young (3072K), 3 survivors (3072K)
 Metaspace       used 24019K, capacity 24534K, committed 24960K, reserved 1071104K
  class space    used 2919K, capacity 3164K, committed 3200K, reserved 1048576K
}
Event: 1.724 GC heap before
{Heap before GC invocations=6 (full 0):
 garbage-first heap   total 317440K, used 67505K [0x00000006c1800000, 0x00000007c0000000)
  region size 1024K, 60 young (61440K), 3 survivors (3072K)
 Metaspace       used 24042K, capacity 24547K, committed 24960K, reserved 1071104K
  class space    used 2921K, capacity 3166K, committed 3200K, reserved 1048576K
}
Event: 1.729 GC heap after
{Heap after GC invocations=7 (full 0):
 garbage-first heap   total 317440K, used 8956K [0x00000006c1800000, 0x00000007c0000000)
  region size 1024K, 3 young (3072K), 3 survivors (3072K)
 Metaspace       used 24042K, capacity 24547K, committed 24960K, reserved 1071104K
  class space    used 2921K, capacity 3166K, committed 3200K, reserved 1048576K
}

Deoptimization events (10 events):
Event: 2.255 Thread 0x0000025c785e3000 Uncommon trap: reason=unstable_if action=reinterpret pc=0x0000025c639fee4c method=java.util.TreeMap.put(Ljava/lang/Object;Ljava/lang/Object;)Ljava/lang/Object; @ 55 c2
Event: 2.324 Thread 0x0000025c78681800 Uncommon trap: reason=unstable_if action=reinterpret pc=0x0000025c63991488 method=sun.awt.SunToolkit.getAppContext(Ljava/lang/Object;)Lsun/awt/AppContext; @ 4 c2
Event: 2.360 Thread 0x0000025c785e3000 Uncommon trap: reason=unstable_if action=reinterpret pc=0x0000025c63993e40 method=javax.swing.JComponent.getClientProperty(Ljava/lang/Object;)Ljava/lang/Object; @ 16 c2
Event: 2.361 Thread 0x0000025c785e3000 Uncommon trap: reason=class_check action=maybe_recompile pc=0x0000025c63a3d8e4 method=javax.swing.UIDefaults.getFromHashtable(Ljava/lang/Object;)Ljava/lang/Object; @ 122 c2
Event: 2.375 Thread 0x0000025c785e3000 Uncommon trap: reason=unstable_if action=reinterpret pc=0x0000025c6395bcd8 method=java.util.Arrays.equals([Ljava/lang/Object;[Ljava/lang/Object;)Z @ 44 c2
Event: 2.381 Thread 0x0000025c785e3000 Uncommon trap: reason=class_check action=maybe_recompile pc=0x0000025c63a3d8e4 method=javax.swing.UIDefaults.getFromHashtable(Ljava/lang/Object;)Ljava/lang/Object; @ 122 c2
Event: 4.787 Thread 0x0000025c785e3000 Uncommon trap: reason=unstable_if action=reinterpret pc=0x0000025c63adced0 method=sun.java2d.marlin.MarlinCache.copyAARowRLE_WithBlockFlags([I[IIII)V @ 462 c2
Event: 4.787 Thread 0x0000025c785e3000 Uncommon trap: reason=unstable_if action=reinterpret pc=0x0000025c63acac6c method=sun.java2d.marlin.MarlinTileGenerator.getAlphaRLE([BII)V @ 1631 c2
Event: 62.705 Thread 0x0000025c785e3000 Uncommon trap: reason=unstable_if action=reinterpret pc=0x0000025c63974974 method=java.util.Objects.equals(Ljava/lang/Object;Ljava/lang/Object;)Z @ 6 c2
Event: 69.477 Thread 0x0000025c785e3000 Uncommon trap: reason=unstable_if action=reinterpret pc=0x0000025c63b1612c method=sun.java2d.marlin.MarlinTileGenerator.getAlphaRLE([BII)V @ 1545 c2

Classes redefined (0 events):
No events

Internal exceptions (10 events):
Event: 68.851 Thread 0x0000025c785e3000 Exception <a 'java/io/IOException'{0x00000006d1ccaaf0}> (0x00000006d1ccaaf0) thrown at [t:/workspace/open/src/hotspot/share/prims/jni.cpp, line 611]
Event: 68.851 Thread 0x0000025c785e3000 Exception <a 'java/io/IOException'{0x00000006d1ccb0a8}> (0x00000006d1ccb0a8) thrown at [t:/workspace/open/src/hotspot/share/prims/jni.cpp, line 611]
Event: 68.854 Thread 0x0000025c785e3000 Exception <a 'java/io/IOException'{0x00000006d1ccf6a0}> (0x00000006d1ccf6a0) thrown at [t:/workspace/open/src/hotspot/share/prims/jni.cpp, line 611]
Event: 68.855 Thread 0x0000025c785e3000 Exception <a 'java/io/IOException'{0x00000006d1ccfc58}> (0x00000006d1ccfc58) thrown at [t:/workspace/open/src/hotspot/share/prims/jni.cpp, line 611]
Event: 69.567 Thread 0x0000025c785e3000 Exception <a 'java/io/IOException'{0x00000006d1b29ed0}> (0x00000006d1b29ed0) thrown at [t:/workspace/open/src/hotspot/share/prims/jni.cpp, line 611]
Event: 69.567 Thread 0x0000025c785e3000 Exception <a 'java/io/IOException'{0x00000006d1b2a488}> (0x00000006d1b2a488) thrown at [t:/workspace/open/src/hotspot/share/prims/jni.cpp, line 611]
Event: 69.569 Thread 0x0000025c785e3000 Exception <a 'java/io/IOException'{0x00000006d1b2e418}> (0x00000006d1b2e418) thrown at [t:/workspace/open/src/hotspot/share/prims/jni.cpp, line 611]
Event: 69.569 Thread 0x0000025c785e3000 Exception <a 'java/io/IOException'{0x00000006d1b2e9d0}> (0x00000006d1b2e9d0) thrown at [t:/workspace/open/src/hotspot/share/prims/jni.cpp, line 611]
Event: 69.571 Thread 0x0000025c785e3000 Exception <a 'java/io/IOException'{0x00000006d1b33060}> (0x00000006d1b33060) thrown at [t:/workspace/open/src/hotspot/share/prims/jni.cpp, line 611]
Event: 69.571 Thread 0x0000025c785e3000 Exception <a 'java/io/IOException'{0x00000006d1b33618}> (0x00000006d1b33618) thrown at [t:/workspace/open/src/hotspot/share/prims/jni.cpp, line 611]

Events (10 events):
Event: 69.477 Thread 0x0000025c785e3000 DEOPT PACKING pc=0x0000025c63b1612c sp=0x000000eee74fa630
Event: 69.477 Thread 0x0000025c785e3000 DEOPT UNPACKING pc=0x0000025c5be78aaf sp=0x000000eee74fa4e0 mode 2
Event: 69.574 loading class jssc/SerialPort
Event: 69.574 loading class jssc/SerialPort done
Event: 69.577 loading class jssc/SerialPortTimeoutException
Event: 69.577 loading class jssc/SerialPortTimeoutException done
Event: 69.577 loading class jssc/SerialPort$EventThread
Event: 69.577 loading class jssc/SerialPort$EventThread done
Event: 69.578 loading class jssc/SerialPort$LinuxEventThread
Event: 69.578 loading class jssc/SerialPort$LinuxEventThread done


Dynamic libraries:
0x00007ff7d4920000 - 0x00007ff7d495e000 	C:\Program Files\Java\jre-10.0.1\bin\javaw.exe
0x00007ffccf5f0000 - 0x00007ffccf7c1000 	C:\windows\SYSTEM32\ntdll.dll
0x00007ffccd410000 - 0x00007ffccd4bb000 	C:\windows\System32\KERNEL32.DLL
0x00007ffccbae0000 - 0x00007ffccbcfd000 	C:\windows\System32\KERNELBASE.dll
0x00007ffccf140000 - 0x00007ffccf1e2000 	C:\windows\System32\ADVAPI32.dll
0x00007ffccf550000 - 0x00007ffccf5ee000 	C:\windows\System32\msvcrt.dll
0x00007ffcccb80000 - 0x00007ffcccbd9000 	C:\windows\System32\sechost.dll
0x00007ffccee10000 - 0x00007ffccef31000 	C:\windows\System32\RPCRT4.dll
0x00007ffcccbe0000 - 0x00007ffcccd45000 	C:\windows\System32\USER32.dll
0x00007ffccc100000 - 0x00007ffccc11e000 	C:\windows\System32\win32u.dll
0x00007ffcccd50000 - 0x00007ffcccd84000 	C:\windows\System32\GDI32.dll
0x00007ffccc800000 - 0x00007ffccc982000 	C:\windows\System32\gdi32full.dll
0x00007ffccac90000 - 0x00007ffccac9a000 	C:\windows\SYSTEM32\VERSION.dll
0x00007ffcc2a00000 - 0x00007ffcc2c79000 	C:\windows\WinSxS\amd64_microsoft.windows.common-controls_6595b64144ccf1df_6.0.14393.447_none_42191651c6827bb3\COMCTL32.dll
0x00007ffccce10000 - 0x00007ffccd0d7000 	C:\windows\System32\combase.dll
0x00007ffccca30000 - 0x00007ffcccb25000 	C:\windows\System32\ucrtbase.dll
0x00007ffccbdb0000 - 0x00007ffccbe1a000 	C:\windows\System32\bcryptPrimitives.dll
0x00007ffccf250000 - 0x00007ffccf27e000 	C:\windows\System32\IMM32.DLL
0x00007ffca3e50000 - 0x00007ffca3f3f000 	C:\Program Files\Java\jre-10.0.1\bin\msvcr120.dll
0x00007ffca6050000 - 0x00007ffca60f6000 	C:\Program Files\Java\jre-10.0.1\bin\msvcp120.dll
0x0000000070810000 - 0x0000000071280000 	C:\Program Files\Java\jre-10.0.1\bin\server\jvm.dll
0x00007ffccce00000 - 0x00007ffccce08000 	C:\windows\System32\PSAPI.DLL
0x00007ffcb9620000 - 0x00007ffcb9629000 	C:\windows\SYSTEM32\WSOCK32.dll
0x00007ffcc9df0000 - 0x00007ffcc9e13000 	C:\windows\SYSTEM32\WINMM.dll
0x00007ffccf280000 - 0x00007ffccf2ea000 	C:\windows\System32\WS2_32.dll
0x00007ffcc9d90000 - 0x00007ffcc9dbb000 	C:\windows\SYSTEM32\WINMMBASE.dll
0x00007ffcccb30000 - 0x00007ffcccb72000 	C:\windows\System32\cfgmgr32.dll
0x00007ffcc6ea0000 - 0x00007ffcc6eaf000 	C:\Program Files\Java\jre-10.0.1\bin\verify.dll
0x00007ffcb91c0000 - 0x00007ffcb9352000 	C:\windows\SYSTEM32\DBGHELP.DLL
0x00007ffcb90d0000 - 0x00007ffcb90f9000 	C:\windows\SYSTEM32\dbgcore.DLL
0x00007ffcc6d20000 - 0x00007ffcc6d47000 	C:\Program Files\Java\jre-10.0.1\bin\java.dll
0x00007ffcc6d00000 - 0x00007ffcc6d16000 	C:\Program Files\Java\jre-10.0.1\bin\zip.dll
0x00007ffcc1540000 - 0x00007ffcc154a000 	C:\Program Files\Java\jre-10.0.1\bin\jimage.dll
0x00007ffccd8f0000 - 0x00007ffccedf9000 	C:\windows\System32\SHELL32.dll
0x00007ffccc120000 - 0x00007ffccc7fa000 	C:\windows\System32\windows.storage.dll
0x00007ffccba60000 - 0x00007ffccbaac000 	C:\windows\System32\powrprof.dll
0x00007ffccf350000 - 0x00007ffccf3a2000 	C:\windows\System32\shlwapi.dll
0x00007ffccba50000 - 0x00007ffccba5f000 	C:\windows\System32\kernel.appcore.dll
0x00007ffccbe80000 - 0x00007ffccbf29000 	C:\windows\System32\shcore.dll
0x00007ffccbac0000 - 0x00007ffccbad4000 	C:\windows\System32\profapi.dll
0x00007ffcc14f0000 - 0x00007ffcc150a000 	C:\Program Files\Java\jre-10.0.1\bin\net.dll
0x00007ffcc8870000 - 0x00007ffcc893d000 	C:\windows\SYSTEM32\WINHTTP.dll
0x00007ffccb2b0000 - 0x00007ffccb30c000 	C:\windows\system32\mswsock.dll
0x00007ffcbf6d0000 - 0x00007ffcbf6e1000 	C:\Program Files\Java\jre-10.0.1\bin\nio.dll
0x00007ffca3cb0000 - 0x00007ffca3e4b000 	C:\Program Files\Java\jre-10.0.1\bin\awt.dll
0x00007ffccf080000 - 0x00007ffccf13f000 	C:\windows\System32\OLEAUT32.dll
0x00007ffccc990000 - 0x00007ffccca2c000 	C:\windows\System32\msvcp_win.dll
0x00007ffcc3000000 - 0x00007ffcc355f000 	C:\windows\SYSTEM32\d2d1.dll
0x00007ffccbf30000 - 0x00007ffccc0f9000 	C:\windows\System32\CRYPT32.dll
0x00007ffccbab0000 - 0x00007ffccbac0000 	C:\windows\System32\MSASN1.dll
0x00007ffcc97e0000 - 0x00007ffcc985a000 	C:\windows\SYSTEM32\apphelp.dll
0x00007ffcbf930000 - 0x00007ffcbf938000 	C:\Program Files\Java\jre-10.0.1\bin\prefs.dll
0x00007ffcca040000 - 0x00007ffcca0d5000 	C:\windows\system32\uxtheme.dll
0x00007ffccd280000 - 0x00007ffccd3db000 	C:\windows\System32\MSCTF.dll
0x00007ffcc73d0000 - 0x00007ffcc74a8000 	c:\Program Files\HP\HP ProtectTools Security Manager\Bin\DpoFeedb.dll
0x00007ffccb130000 - 0x00007ffccb14f000 	C:\windows\SYSTEM32\USERENV.dll
0x00007ffcc9d30000 - 0x00007ffcc9d56000 	C:\windows\system32\dwmapi.dll
0x00007ffccef40000 - 0x00007ffccf077000 	C:\windows\System32\ole32.dll
0x00007ffcb0110000 - 0x00007ffcb0175000 	C:\Program Files\Java\jre-10.0.1\bin\fontmanager.dll
0x00007ffcada30000 - 0x00007ffcadb53000 	C:\windows\system32\opengl32.dll
0x00007ffca8a40000 - 0x00007ffca8a6d000 	C:\windows\SYSTEM32\GLU32.dll
0x00007ffca8940000 - 0x00007ffca8a37000 	C:\windows\SYSTEM32\DDRAW.dll
0x00007ffcc7390000 - 0x00007ffcc7398000 	C:\windows\SYSTEM32\DCIMAN32.dll
0x00007ffcb8520000 - 0x00007ffcb8562000 	C:\Program Files\Java\jre-10.0.1\bin\t2k.dll
0x00007ffccf4b0000 - 0x00007ffccf54f000 	C:\windows\System32\clbcatq.dll
0x00007ffcc7b00000 - 0x00007ffcc7ca8000 	C:\windows\SYSTEM32\WindowsCodecs.dll
0x00007ffca9d80000 - 0x00007ffca9dc9000 	C:\windows\system32\dataexchange.dll
0x00007ffcc80f0000 - 0x00007ffcc83a6000 	C:\windows\system32\d3d11.dll
0x00007ffcc9080000 - 0x00007ffcc91d1000 	C:\windows\system32\dcomp.dll
0x00007ffcca840000 - 0x00007ffcca8df000 	C:\windows\system32\dxgi.dll
0x00007ffcca270000 - 0x00007ffcca38c000 	C:\windows\system32\twinapi.appcore.dll
0x00007ffccb990000 - 0x00007ffccb9bb000 	C:\windows\system32\bcrypt.dll
0x00007ffcb05f0000 - 0x00007ffcb069c000 	C:\windows\WinSxS\amd64_microsoft.windows.common-controls_6595b64144ccf1df_5.82.14393.447_none_0d5aa7fbb6d35646\comctl32.dll
0x00007ffc95f70000 - 0x00007ffc96097000 	C:\windows\system32\NetworkExplorer.dll
0x00007ffcc86c0000 - 0x00007ffcc8845000 	C:\windows\system32\PROPSYS.dll
0x00007ffcb7690000 - 0x00007ffcb79f5000 	C:\Windows\System32\ActXPrxy.dll
0x00007ffcb0720000 - 0x00007ffcb073b000 	C:\windows\SYSTEM32\MPR.dll
0x00007ffcc8500000 - 0x00007ffcc8516000 	C:\windows\System32\ntlanman.dll
0x00007ffcc84f0000 - 0x00007ffcc84fb000 	C:\windows\System32\drprov.dll
0x00007ffccad60000 - 0x00007ffccadb6000 	C:\windows\System32\WINSTA.dll
0x00007ffcc75e0000 - 0x00007ffcc7600000 	C:\windows\System32\davclnt.dll
0x00007ffcc75d0000 - 0x00007ffcc75dc000 	C:\windows\System32\DAVHLPR.dll
0x00007ffcc5190000 - 0x00007ffcc51a6000 	C:\windows\System32\wkscli.dll
0x00007ffcafcf0000 - 0x00007ffcafd02000 	C:\windows\SYSTEM32\cscapi.dll
0x00007ffccb120000 - 0x00007ffccb12d000 	C:\windows\System32\netutils.dll
0x00007ffcb2430000 - 0x00007ffcb247d000 	C:\Windows\System32\dlnashext.dll
0x00007ffcb84b0000 - 0x00007ffcb8520000 	C:\Windows\System32\PlayToDevice.dll
0x00007ffcc0a30000 - 0x00007ffcc0a4e000 	C:\Windows\System32\DevDispItemProvider.dll
0x00007ffcc39e0000 - 0x00007ffcc3a51000 	C:\windows\System32\MMDevApi.dll
0x00007ffcca4b0000 - 0x00007ffcca4d8000 	C:\windows\System32\DEVOBJ.dll
0x00007ffca4a80000 - 0x00007ffca4c7f000 	C:\windows\system32\wpdshext.dll
0x00007ffcbbc10000 - 0x00007ffcbbdaa000 	C:\windows\WinSxS\amd64_microsoft.windows.gdiplus_6595b64144ccf1df_1.1.14393.321_none_72fe05dd211a5fae\gdiplus.dll
0x00007ffcc7de0000 - 0x00007ffcc7e7e000 	C:\Windows\System32\PortableDeviceApi.dll
0x00007ffccd4c0000 - 0x00007ffccd8e9000 	C:\windows\System32\SETUPAPI.dll
0x00007ffccbe20000 - 0x00007ffccbe75000 	C:\windows\System32\WINTRUST.dll
0x00007ffca59f0000 - 0x00007ffca5a26000 	C:\Windows\System32\EhStorShell.dll
0x00007ffcb3e10000 - 0x00007ffcb3e35000 	C:\Windows\System32\EhStorAPI.dll
0x00007ffcc9c10000 - 0x00007ffcc9c23000 	C:\Windows\System32\WTSAPI32.dll
0x00007ffca8bb0000 - 0x00007ffca8bc0000 	C:\windows\SYSTEM32\LINKINFO.dll
0x0000000000c70000 - 0x0000000000c95000 	C:\Users\rohans\.jssc\windows\jSSC-2.8_x86_64.dll

dbghelp: loaded successfully - version: 4.0.5 - missing functions: none
symbol engine: initialized successfully - sym options: 0x614 - pdb path: .;C:\Program Files\Java\jre-10.0.1\bin;C:\windows\SYSTEM32;C:\windows\WinSxS\amd64_microsoft.windows.common-controls_6595b64144ccf1df_6.0.14393.447_none_42191651c6827bb3;C:\Program Files\Java\jre-10.0.1\bin\server;c:\Program Files\HP\HP ProtectTools Security Manager\Bin;C:\windows\WinSxS\amd64_microsoft.windows.common-controls_6595b64144ccf1df_5.82.14393.447_none_0d5aa7fbb6d35646;C:\windows\WinSxS\amd64_microsoft.windows.gdiplus_6595b64144ccf1df_1.1.14393.321_none_72fe05dd211a5fae;C:\Users\rohans\.jssc\windows

VM Arguments:
java_command: E:\Rohan\NodeMCU_Lua\ESPlorer\ESPlorer.jar
java_class_path (initial): E:\Rohan\NodeMCU_Lua\ESPlorer\ESPlorer.jar
Launcher Type: SUN_STANDARD

Logging:
Log output configuration:
#0: stdout all=warning uptime,level,tags
#1: stderr all=off uptime,level,tags

Environment Variables:
PATH=C:\Program Files (x86)\Common Files\Oracle\Java\javapath;C:\Program Files (x86)\Intel\iCLS Client\;C:\Program Files\Intel\iCLS Client\;C:\windows\system32;E:\IPS\;E:\IPS\PB_RUNTIME;E:\IPS\ASA;E:\IPS\ASA\WIN32;E:\IPS\IMAGEFILES;E:\IPS\MTComponents;C:\windows;C:\windows\System32\Wbem;C:\windows\System32\WindowsPowerShell\v1.0\;C:\Program Files\SQL Anywhere 12\bin64;C:\Program Files\SQL Anywhere 12\bin32;C:\Program Files (x86)\Intel\Intel(R) Management Engine Components\DAL;C:\Program Files\Intel\Intel(R) Management Engine Components\DAL;C:\Program Files (x86)\Intel\Intel(R) Management Engine Components\IPT;C:\Program Files\Intel\Intel(R) Management Engine Components\IPT;C:\Program Files\Intel\WiFi\bin\;C:\Program Files\Common Files\Intel\WirelessCommon\;C:\Program Files\Git\cmd;C:\Users\rohans\AppData\Local\Programs\Python\Python36-32\Scripts\;C:\Users\rohans\AppData\Local\Programs\Python\Python36-32\;C:\Users\rohans\AppData\Local\Microsoft\WindowsApps;
USERNAME=rohans
OS=Windows_NT
PROCESSOR_IDENTIFIER=Intel64 Family 6 Model 142 Stepping 9, GenuineIntel



---------------  S Y S T E M  ---------------

OS: Windows 10 , 64 bit Build 14393 (10.0.14393.0)

CPU:total 4 (initial active 4) (2 cores per cpu, 2 threads per core) family 6 model 142 stepping 9, cmov, cx8, fxsr, mmx, sse, sse2, sse3, ssse3, sse4.1, sse4.2, popcnt, avx, avx2, aes, clmul, erms, 3dnowpref, lzcnt, ht, tsc, tscinvbit, bmi1, bmi2, adx, fma

Memory: 4k page, physical 16671952k(11401204k free), swap 22439120k(4291832k free)

vm_info: Java HotSpot(TM) 64-Bit Server VM (10.0.1+10) for windows-amd64 JRE (10.0.1+10), built on Mar 27 2018 02:27:48 by "mach5one" with MS VC++ 12.0 (VS2013)

END.
