#
# A fatal error has been detected by the Java Runtime Environment:
#
#  EXCEPTION_ACCESS_VIOLATION (0xc0000005) at pc=0x000000000009b5db, pid=10076, tid=8380
#
# JRE version: Java(TM) SE Runtime Environment (10.0.1+10) (build 10.0.1+10)
# Java VM: Java HotSpot(TM) 64-Bit Server VM (10.0.1+10, mixed mode, tiered, compressed oops, g1 gc, windows-amd64)
# Problematic frame:
# C  [jSSC-2.8_x86_64.dll+0xb5db]
#
# No core dump will be written. Minidumps are not enabled by default on client versions of Windows
#
# If you would like to submit a bug report, please visit:
#   http://bugreport.java.com/bugreport/crash.jsp
# The crash happened outside the Java Virtual Machine in native code.
# See problematic frame for where to report the bug.
#

---------------  S U M M A R Y ------------

Command Line: E:\Rohan\NodeMCU_Lua\ESPlorer\ESPlorer.jar

Host: Intel(R) Core(TM) i7-7500U CPU @ 2.70GHz, 4 cores, 15G,  Windows 10 , 64 bit Build 14393 (10.0.14393.0)
Time: Wed May 02 15:36:09 2018 India Standard Time elapsed time: 18 seconds (0d 0h 0m 18s)

---------------  T H R E A D  ---------------

Current thread (0x000001d57ac4d800):  JavaThread "AWT-EventQueue-0" [_thread_in_native, id=8380, stack(0x0000009faae00000,0x0000009faaf00000)]

Stack: [0x0000009faae00000,0x0000009faaf00000],  sp=0x0000009faaefafb0,  free space=1003k
Native frames: (J=compiled Java code, j=interpreted, Vv=VM code, C=native code)
C  [jSSC-2.8_x86_64.dll+0xb5db]

Java frames: (J=compiled Java code, j=interpreted, Vv=VM code)
j  jssc.SerialNativeInterface.openPort(Ljava/lang/String;Z)J+0
j  jssc.SerialPort.openPort()Z+65
j  ESPlorer.ESPlorer.portOpen()Z+108
j  ESPlorer.ESPlorer.OpenActionPerformed(Ljava/awt/event/ActionEvent;)V+160
j  ESPlorer.ESPlorer.access$27300(LESPlorer/ESPlorer;Ljava/awt/event/ActionEvent;)V+2
j  ESPlorer.ESPlorer$271.actionPerformed(Ljava/awt/event/ActionEvent;)V+5
j  javax.swing.AbstractButton.fireActionPerformed(Ljava/awt/event/ActionEvent;)V+84 java.desktop@10.0.1
j  javax.swing.AbstractButton$Handler.actionPerformed(Ljava/awt/event/ActionEvent;)V+5 java.desktop@10.0.1
j  javax.swing.DefaultButtonModel.fireActionPerformed(Ljava/awt/event/ActionEvent;)V+34 java.desktop@10.0.1
j  javax.swing.JToggleButton$ToggleButtonModel.setPressed(Z)V+148 java.desktop@10.0.1
j  javax.swing.plaf.basic.BasicButtonListener.mouseReleased(Ljava/awt/event/MouseEvent;)V+35 java.desktop@10.0.1
j  java.awt.AWTEventMulticaster.mouseReleased(Ljava/awt/event/MouseEvent;)V+8 java.desktop@10.0.1
j  java.awt.Component.processMouseEvent(Ljava/awt/event/MouseEvent;)V+64 java.desktop@10.0.1
j  javax.swing.JComponent.processMouseEvent(Ljava/awt/event/MouseEvent;)V+23 java.desktop@10.0.1
J 4185 c1 java.awt.Component.processEvent(Ljava/awt/AWTEvent;)V java.desktop@10.0.1 (220 bytes) @ 0x000001d55f0dbd74 [0x000001d55f0dbc00+0x0000000000000174]
J 3936 c1 java.awt.Container.processEvent(Ljava/awt/AWTEvent;)V java.desktop@10.0.1 (22 bytes) @ 0x000001d55f02c11c [0x000001d55f02be00+0x000000000000031c]
J 4121 c1 java.awt.Component.dispatchEventImpl(Ljava/awt/AWTEvent;)V java.desktop@10.0.1 (777 bytes) @ 0x000001d55f09ed34 [0x000001d55f09b120+0x0000000000003c14]
J 3918 c1 java.awt.Container.dispatchEventImpl(Ljava/awt/AWTEvent;)V java.desktop@10.0.1 (129 bytes) @ 0x000001d55f00c09c [0x000001d55f00bf60+0x000000000000013c]
J 4485 c1 java.awt.LightweightDispatcher.retargetMouseEvent(Ljava/awt/Component;ILjava/awt/event/MouseEvent;)V java.desktop@10.0.1 (372 bytes) @ 0x000001d55f16fc6c [0x000001d55f16d620+0x000000000000264c]
J 4702 c1 java.awt.LightweightDispatcher.processMouseEvent(Ljava/awt/event/MouseEvent;)Z java.desktop@10.0.1 (265 bytes) @ 0x000001d55f1fe404 [0x000001d55f1fd4e0+0x0000000000000f24]
J 4752 c1 java.awt.LightweightDispatcher.dispatchEvent(Ljava/awt/AWTEvent;)Z java.desktop@10.0.1 (73 bytes) @ 0x000001d55f21ab4c [0x000001d55f21a720+0x000000000000042c]
J 3918 c1 java.awt.Container.dispatchEventImpl(Ljava/awt/AWTEvent;)V java.desktop@10.0.1 (129 bytes) @ 0x000001d55f00c03c [0x000001d55f00bf60+0x00000000000000dc]
J 4625 c1 java.awt.Window.dispatchEventImpl(Ljava/awt/AWTEvent;)V java.desktop@10.0.1 (23 bytes) @ 0x000001d55f1cce74 [0x000001d55f1cc8a0+0x00000000000005d4]
J 4183 c1 java.awt.EventQueue.dispatchEventImpl(Ljava/awt/AWTEvent;Ljava/lang/Object;)V java.desktop@10.0.1 (136 bytes) @ 0x000001d55f0da484 [0x000001d55f0da340+0x0000000000000144]
J 4181 c1 java.awt.EventQueue$4.run()Ljava/lang/Void; java.desktop@10.0.1 (60 bytes) @ 0x000001d55f0d98ac [0x000001d55f0d9800+0x00000000000000ac]
J 4180 c1 java.awt.EventQueue$4.run()Ljava/lang/Object; java.desktop@10.0.1 (5 bytes) @ 0x000001d55f0d9414 [0x000001d55f0d93c0+0x0000000000000054]
v  ~StubRoutines::call_stub
J 1608  java.security.AccessController.doPrivileged(Ljava/security/PrivilegedAction;Ljava/security/AccessControlContext;)Ljava/lang/Object; java.base@10.0.1 (0 bytes) @ 0x000001d565e5c0a6 [0x000001d565e5c040+0x0000000000000066]
J 3974 c1 java.awt.EventQueue$5.run()Ljava/lang/Object; java.desktop@10.0.1 (5 bytes) @ 0x000001d55f0414ec [0x000001d55f041160+0x000000000000038c]
v  ~StubRoutines::call_stub
J 1608  java.security.AccessController.doPrivileged(Ljava/security/PrivilegedAction;Ljava/security/AccessControlContext;)Ljava/lang/Object; java.base@10.0.1 (0 bytes) @ 0x000001d565e5c0a6 [0x000001d565e5c040+0x0000000000000066]
J 3959 c1 java.awt.EventQueue.dispatchEvent(Ljava/awt/AWTEvent;)V java.desktop@10.0.1 (80 bytes) @ 0x000001d55f03b094 [0x000001d55f03a5a0+0x0000000000000af4]
J 3906 c1 java.awt.EventDispatchThread.pumpOneEventForFilters(I)V java.desktop@10.0.1 (113 bytes) @ 0x000001d55f00991c [0x000001d55f009660+0x00000000000002bc]
j  java.awt.EventDispatchThread.pumpEventsForFilter(ILjava/awt/Conditional;Ljava/awt/EventFilter;)V+35 java.desktop@10.0.1
j  java.awt.EventDispatchThread.pumpEventsForHierarchy(ILjava/awt/Conditional;Ljava/awt/Component;)V+11 java.desktop@10.0.1
j  java.awt.EventDispatchThread.pumpEvents(ILjava/awt/Conditional;)V+4 java.desktop@10.0.1
j  java.awt.EventDispatchThread.pumpEvents(Ljava/awt/Conditional;)V+3 java.desktop@10.0.1
j  java.awt.EventDispatchThread.run()V+9 java.desktop@10.0.1
v  ~StubRoutines::call_stub

siginfo: EXCEPTION_ACCESS_VIOLATION (0xc0000005), reading address 0x000000007ac907f5


Register to memory mapping:

RIP=0x000000000009b5db jSSC-2.8_x86_64.dll
RAX=0x000000007ac907f5 is an unknown value
RBX=0x0000009faaefb020 is pointing into the stack for thread: 0x000001d57ac4d800
RCX=0x00007ffccf695044 ntdll.dll
RDX=0x0000000000000000 is an unknown value
RSP=0x0000009faaefafb0 is pointing into the stack for thread: 0x000001d57ac4d800
RBP=0x0000009faaefb130 is pointing into the stack for thread: 0x000001d57ac4d800
RSI=0x000001d57ac4da70 is an unknown value
RDI=0x00000000000005d8 is an unknown value
R8 =0x0000009faaefaea8 is pointing into the stack for thread: 0x000001d57ac4d800
R9 =0x0000009faaefafa0 is pointing into the stack for thread: 0x000001d57ac4d800
R10=0x0000000000000000 is an unknown value
R11=0x0000000000000246 is an unknown value
R12=0x0000009faaefb1e8 is pointing into the stack for thread: 0x000001d57ac4d800
R13=0x000001d57b9aee40 is an unknown value
R14=0x0000009faaefb0e0 is pointing into the stack for thread: 0x000001d57ac4d800
R15=0x000001d57ac4d800 is a thread


Registers:
RAX=0x000000007ac907f5, RBX=0x0000009faaefb020, RCX=0x00007ffccf695044, RDX=0x0000000000000000
RSP=0x0000009faaefafb0, RBP=0x0000009faaefb130, RSI=0x000001d57ac4da70, RDI=0x00000000000005d8
R8 =0x0000009faaefaea8, R9 =0x0000009faaefafa0, R10=0x0000000000000000, R11=0x0000000000000246
R12=0x0000009faaefb1e8, R13=0x000001d57b9aee40, R14=0x0000009faaefb0e0, R15=0x000001d57ac4d800
RIP=0x000000000009b5db, EFLAGS=0x0000000000010206

Top of Stack: (sp=0x0000009faaefafb0)
0x0000009faaefafb0:   000001d57f2c8cf0 000001d57b9aee40
0x0000009faaefafc0:   000000000009b230 000001d57ac4d800
0x0000009faaefafd0:   0000000000000000 0000000000000004
0x0000009faaefafe0:   000001d57ac4da70 00000000000005d8
0x0000009faaefaff0:   0000009faaefb130 00000000000a2590
0x0000009faaefb000:   00000000c0000000 00007ffccf5fd157
0x0000009faaefb010:   0000009f7b9aee40 0000000040000000
0x0000009faaefb020:   0000000000000000 0000000000000000
0x0000009faaefb030:   00000000000005d8 00007ffccbb0487b
0x0000009faaefb040:   000001d57ac4d800 0000009faaefb130
0x0000009faaefb050:   00000000000a3500 00000000000a3be8
0x0000009faaefb060:   0000009faaefb090 00000000000a2641
0x0000009faaefb070:   0000009faaefb000 0000000000000000
0x0000009faaefb080:   0000000000000000 0000000000000000
0x0000009faaefb090:   0000009faaefb130 0000000000091595
0x0000009faaefb0a0:   000000000000001c 000001d57ac4da70 

Instructions: (pc=0x000000000009b5db)
0x000000000009b5bb:   c5 0f 1f 40 00 55 57 56 53 48 83 ec 28 48 8b 05
0x000000000009b5cb:   39 33 01 00 48 89 cb 48 85 c0 0f 84 c5 00 00 00
0x000000000009b5db:   8b 38 85 ff 0f 88 ab 00 00 00 48 8b 05 1c 33 01
0x000000000009b5eb:   00 48 85 c0 0f 84 bc 00 00 00 8b 30 85 f6 74 57 



---------------  P R O C E S S  ---------------

Threads class SMR info:
_java_thread_list=0x000001d57f2c6a50, length=17, elements={
0x000001d57725b000, 0x000001d57725e000, 0x000001d57a04a800, 0x000001d57a04b000,
0x000001d57a056000, 0x000001d57a060800, 0x000001d57a063000, 0x000001d57a06f000,
0x000001d57a23a000, 0x000001d57a242800, 0x000001d57a6d1000, 0x000001d57a86f000,
0x000001d57a7ab800, 0x000001d57ac4d800, 0x000001d5553c4000, 0x000001d57b9e9800,
0x000001d57d77e000
}

Java Threads: ( => current thread )
  0x000001d57725b000 JavaThread "Reference Handler" daemon [_thread_blocked, id=10640, stack(0x0000009faa000000,0x0000009faa100000)]
  0x000001d57725e000 JavaThread "Finalizer" daemon [_thread_blocked, id=6620, stack(0x0000009faa100000,0x0000009faa200000)]
  0x000001d57a04a800 JavaThread "Signal Dispatcher" daemon [_thread_blocked, id=9284, stack(0x0000009faa200000,0x0000009faa300000)]
  0x000001d57a04b000 JavaThread "Attach Listener" daemon [_thread_blocked, id=7492, stack(0x0000009faa300000,0x0000009faa400000)]
  0x000001d57a056000 JavaThread "C2 CompilerThread0" daemon [_thread_blocked, id=11036, stack(0x0000009faa400000,0x0000009faa500000)]
  0x000001d57a060800 JavaThread "C2 CompilerThread1" daemon [_thread_blocked, id=216, stack(0x0000009faa500000,0x0000009faa600000)]
  0x000001d57a063000 JavaThread "C1 CompilerThread2" daemon [_thread_blocked, id=10928, stack(0x0000009faa600000,0x0000009faa700000)]
  0x000001d57a06f000 JavaThread "Sweeper thread" daemon [_thread_blocked, id=10476, stack(0x0000009faa700000,0x0000009faa800000)]
  0x000001d57a23a000 JavaThread "Service Thread" daemon [_thread_blocked, id=6512, stack(0x0000009faa800000,0x0000009faa900000)]
  0x000001d57a242800 JavaThread "Common-Cleaner" daemon [_thread_blocked, id=10976, stack(0x0000009faa900000,0x0000009faaa00000)]
  0x000001d57a6d1000 JavaThread "Java2D Disposer" daemon [_thread_blocked, id=10148, stack(0x0000009faab00000,0x0000009faac00000)]
  0x000001d57a86f000 JavaThread "AWT-Shutdown" [_thread_blocked, id=10540, stack(0x0000009faac00000,0x0000009faad00000)]
  0x000001d57a7ab800 JavaThread "AWT-Windows" daemon [_thread_in_native, id=6768, stack(0x0000009faad00000,0x0000009faae00000)]
=>0x000001d57ac4d800 JavaThread "AWT-EventQueue-0" [_thread_in_native, id=8380, stack(0x0000009faae00000,0x0000009faaf00000)]
  0x000001d5553c4000 JavaThread "DestroyJavaVM" [_thread_blocked, id=11032, stack(0x0000009fa9300000,0x0000009fa9400000)]
  0x000001d57b9e9800 JavaThread "TimerQueue" daemon [_thread_blocked, id=10444, stack(0x0000009faaf00000,0x0000009fab000000)]
  0x000001d57d77e000 JavaThread "Swing-Shell" daemon [_thread_blocked, id=1256, stack(0x0000009fab500000,0x0000009fab600000)]

Other Threads:
  0x000001d577257800 VMThread "VM Thread" [stack: 0x0000009fa9f00000,0x0000009faa000000] [id=3440]
  0x000001d57a243800 WatcherThread [stack: 0x0000009faaa00000,0x0000009faab00000] [id=9268]
  0x000001d5553db800 GCTaskThread "GC Thread#0" [stack: 0x0000009fa9400000,0x0000009fa9500000] [id=6600]
  0x000001d5553de000 GCTaskThread "GC Thread#1" [stack: 0x0000009fa9500000,0x0000009fa9600000] [id=10592]
  0x000001d5553e0800 GCTaskThread "GC Thread#2" [stack: 0x0000009fa9600000,0x0000009fa9700000] [id=224]
  0x000001d5553e4000 GCTaskThread "GC Thread#3" [stack: 0x0000009fa9700000,0x0000009fa9800000] [id=4224]
  0x000001d5554ae000 ConcurrentGCThread "G1 Main Marker" [stack: 0x0000009fa9800000,0x0000009fa9900000] [id=3540]
  0x000001d577075000 ConcurrentGCThread "G1 Conc#0" [stack: 0x0000009fa9900000,0x0000009fa9a00000] [id=548]
  0x000001d577175000 ConcurrentGCThread "G1 Refine#0" [stack: 0x0000009fa9a00000,0x0000009fa9b00000] [id=10244]
  0x000001d577176000 ConcurrentGCThread "G1 Refine#1" [stack: 0x0000009fa9b00000,0x0000009fa9c00000] [id=10104]
  0x000001d577177000 ConcurrentGCThread "G1 Refine#2" [stack: 0x0000009fa9c00000,0x0000009fa9d00000] [id=10652]
  0x000001d577178000 ConcurrentGCThread "G1 Refine#3" [stack: 0x0000009fa9d00000,0x0000009fa9e00000] [id=6308]
  0x000001d57717b000 ConcurrentGCThread "G1 Young RemSet Sampling" [stack: 0x0000009fa9e00000,0x0000009fa9f00000] [id=7264]

Threads with active compile tasks:

VM state:not at safepoint (normal execution)

VM Mutex/Monitor currently owned by a thread: None

Heap address: 0x00000006c1800000, size: 4072 MB, Compressed Oops mode: Zero based, Oop shift amount: 3
Narrow klass base: 0x0000000000000000, Narrow klass shift: 3
Compressed class space size: 1073741824 Address: 0x00000007c0000000

Heap:
 garbage-first heap   total 317440K, used 94399K [0x00000006c1800000, 0x00000007c0000000)
  region size 1024K, 80 young (81920K), 3 survivors (3072K)
 Metaspace       used 29989K, capacity 30547K, committed 31232K, reserved 1077248K
  class space    used 3474K, capacity 3738K, committed 3840K, reserved 1048576K
Heap Regions: E=young(eden), S=young(survivor), O=old, HS=humongous(starts), HC=humongous(continues), CS=collection set, F=free, A=archive, TS=gc time stamp, AC=allocation context, TAMS=top-at-mark-start (previous, next)
|   0|0x00000006c1800000, 0x00000006c1900000, 0x00000006c1900000|100%| O|  |TS  0|AC  0|TAMS 0x00000006c1900000, 0x00000006c1900000|
|   1|0x00000006c1900000, 0x00000006c1a00000, 0x00000006c1a00000|100%| O|  |TS  0|AC  0|TAMS 0x00000006c1a00000, 0x00000006c1a00000|
|   2|0x00000006c1a00000, 0x00000006c1b00000, 0x00000006c1b00000|100%| O|  |TS  0|AC  0|TAMS 0x00000006c1b00000, 0x00000006c1b00000|
|   3|0x00000006c1b00000, 0x00000006c1c00000, 0x00000006c1c00000|100%| O|  |TS  0|AC  0|TAMS 0x00000006c1c00000, 0x00000006c1c00000|
|   4|0x00000006c1c00000, 0x00000006c1d00000, 0x00000006c1d00000|100%| O|  |TS  2|AC  0|TAMS 0x00000006c1c3ac00, 0x00000006c1c3ac00|
|   5|0x00000006c1d00000, 0x00000006c1e00000, 0x00000006c1e00000|100%| O|  |TS  2|AC  0|TAMS 0x00000006c1d00000, 0x00000006c1d00000|
|   6|0x00000006c1e00000, 0x00000006c1e5f400, 0x00000006c1f00000| 37%| O|  |TS  3|AC  0|TAMS 0x00000006c1e00000, 0x00000006c1e00000|
|   7|0x00000006c1f00000, 0x00000006c2000000, 0x00000006c2000000|100%|HS|  |TS  0|AC  0|TAMS 0x00000006c1f00000, 0x00000006c1f00000|
|   8|0x00000006c2000000, 0x00000006c2100000, 0x00000006c2100000|100%|HC|  |TS  0|AC  0|TAMS 0x00000006c2000000, 0x00000006c2000000|
|   9|0x00000006c2100000, 0x00000006c2200000, 0x00000006c2200000|100%|HC|  |TS  0|AC  0|TAMS 0x00000006c2100000, 0x00000006c2100000|
|  10|0x00000006c2200000, 0x00000006c2300000, 0x00000006c2300000|100%|HS|  |TS  0|AC  0|TAMS 0x00000006c2200000, 0x00000006c2200000|
|  11|0x00000006c2300000, 0x00000006c2400000, 0x00000006c2400000|100%|HC|  |TS  0|AC  0|TAMS 0x00000006c2300000, 0x00000006c2300000|
|  12|0x00000006c2400000, 0x00000006c2500000, 0x00000006c2500000|100%|HC|  |TS  0|AC  0|TAMS 0x00000006c2400000, 0x00000006c2400000|
|  13|0x00000006c2500000, 0x00000006c2600000, 0x00000006c2600000|100%|HC|  |TS  0|AC  0|TAMS 0x00000006c2500000, 0x00000006c2500000|
|  14|0x00000006c2600000, 0x00000006c2600000, 0x00000006c2700000|  0%| F|  |TS  0|AC  0|TAMS 0x00000006c2600000, 0x00000006c2600000|
|  15|0x00000006c2700000, 0x00000006c2700000, 0x00000006c2800000|  0%| F|  |TS  0|AC  0|TAMS 0x00000006c2700000, 0x00000006c2700000|
|  16|0x00000006c2800000, 0x00000006c2800000, 0x00000006c2900000|  0%| F|  |TS  0|AC  0|TAMS 0x00000006c2800000, 0x00000006c2800000|
|  17|0x00000006c2900000, 0x00000006c2900000, 0x00000006c2a00000|  0%| F|  |TS  0|AC  0|TAMS 0x00000006c2900000, 0x00000006c2900000|
|  18|0x00000006c2a00000, 0x00000006c2a00000, 0x00000006c2b00000|  0%| F|  |TS  0|AC  0|TAMS 0x00000006c2a00000, 0x00000006c2a00000|
|  19|0x00000006c2b00000, 0x00000006c2b00000, 0x00000006c2c00000|  0%| F|  |TS  0|AC  0|TAMS 0x00000006c2b00000, 0x00000006c2b00000|
|  20|0x00000006c2c00000, 0x00000006c2c00000, 0x00000006c2d00000|  0%| F|  |TS  0|AC  0|TAMS 0x00000006c2c00000, 0x00000006c2c00000|
|  21|0x00000006c2d00000, 0x00000006c2d00000, 0x00000006c2e00000|  0%| F|  |TS  0|AC  0|TAMS 0x00000006c2d00000, 0x00000006c2d00000|
|  22|0x00000006c2e00000, 0x00000006c2e00000, 0x00000006c2f00000|  0%| F|  |TS  0|AC  0|TAMS 0x00000006c2e00000, 0x00000006c2e00000|
|  23|0x00000006c2f00000, 0x00000006c2f00000, 0x00000006c3000000|  0%| F|  |TS  0|AC  0|TAMS 0x00000006c2f00000, 0x00000006c2f00000|
|  24|0x00000006c3000000, 0x00000006c3000000, 0x00000006c3100000|  0%| F|  |TS  0|AC  0|TAMS 0x00000006c3000000, 0x00000006c3000000|
|  25|0x00000006c3100000, 0x00000006c3100000, 0x00000006c3200000|  0%| F|  |TS  0|AC  0|TAMS 0x00000006c3100000, 0x00000006c3100000|
|  26|0x00000006c3200000, 0x00000006c3200000, 0x00000006c3300000|  0%| F|  |TS  0|AC  0|TAMS 0x00000006c3200000, 0x00000006c3200000|
|  27|0x00000006c3300000, 0x00000006c3300000, 0x00000006c3400000|  0%| F|  |TS  0|AC  0|TAMS 0x00000006c3300000, 0x00000006c3300000|
|  28|0x00000006c3400000, 0x00000006c3400000, 0x00000006c3500000|  0%| F|  |TS  0|AC  0|TAMS 0x00000006c3400000, 0x00000006c3400000|
|  29|0x00000006c3500000, 0x00000006c3500000, 0x00000006c3600000|  0%| F|  |TS  0|AC  0|TAMS 0x00000006c3500000, 0x00000006c3500000|
|  30|0x00000006c3600000, 0x00000006c3600000, 0x00000006c3700000|  0%| F|  |TS  0|AC  0|TAMS 0x00000006c3600000, 0x00000006c3600000|
|  31|0x00000006c3700000, 0x00000006c3700000, 0x00000006c3800000|  0%| F|  |TS  0|AC  0|TAMS 0x00000006c3700000, 0x00000006c3700000|
|  32|0x00000006c3800000, 0x00000006c3800000, 0x00000006c3900000|  0%| F|  |TS  0|AC  0|TAMS 0x00000006c3800000, 0x00000006c3800000|
|  33|0x00000006c3900000, 0x00000006c3900000, 0x00000006c3a00000|  0%| F|  |TS  0|AC  0|TAMS 0x00000006c3900000, 0x00000006c3900000|
|  34|0x00000006c3a00000, 0x00000006c3a00000, 0x00000006c3b00000|  0%| F|  |TS  0|AC  0|TAMS 0x00000006c3a00000, 0x00000006c3a00000|
|  35|0x00000006c3b00000, 0x00000006c3b00000, 0x00000006c3c00000|  0%| F|  |TS  0|AC  0|TAMS 0x00000006c3b00000, 0x00000006c3b00000|
|  36|0x00000006c3c00000, 0x00000006c3c00000, 0x00000006c3d00000|  0%| F|  |TS  0|AC  0|TAMS 0x00000006c3c00000, 0x00000006c3c00000|
|  37|0x00000006c3d00000, 0x00000006c3d00000, 0x00000006c3e00000|  0%| F|  |TS  0|AC  0|TAMS 0x00000006c3d00000, 0x00000006c3d00000|
|  38|0x00000006c3e00000, 0x00000006c3e00000, 0x00000006c3f00000|  0%| F|  |TS  0|AC  0|TAMS 0x00000006c3e00000, 0x00000006c3e00000|
|  39|0x00000006c3f00000, 0x00000006c3f00000, 0x00000006c4000000|  0%| F|  |TS  0|AC  0|TAMS 0x00000006c3f00000, 0x00000006c3f00000|
|  40|0x00000006c4000000, 0x00000006c4000000, 0x00000006c4100000|  0%| F|  |TS  0|AC  0|TAMS 0x00000006c4000000, 0x00000006c4000000|
|  41|0x00000006c4100000, 0x00000006c4100000, 0x00000006c4200000|  0%| F|  |TS  0|AC  0|TAMS 0x00000006c4100000, 0x00000006c4100000|
|  42|0x00000006c4200000, 0x00000006c4200000, 0x00000006c4300000|  0%| F|  |TS  0|AC  0|TAMS 0x00000006c4200000, 0x00000006c4200000|
|  43|0x00000006c4300000, 0x00000006c4300000, 0x00000006c4400000|  0%| F|  |TS  0|AC  0|TAMS 0x00000006c4300000, 0x00000006c4300000|
|  44|0x00000006c4400000, 0x00000006c4400000, 0x00000006c4500000|  0%| F|  |TS  0|AC  0|TAMS 0x00000006c4400000, 0x00000006c4400000|
|  45|0x00000006c4500000, 0x00000006c4500000, 0x00000006c4600000|  0%| F|  |TS  0|AC  0|TAMS 0x00000006c4500000, 0x00000006c4500000|
|  46|0x00000006c4600000, 0x00000006c4600000, 0x00000006c4700000|  0%| F|  |TS  0|AC  0|TAMS 0x00000006c4600000, 0x00000006c4600000|
|  47|0x00000006c4700000, 0x00000006c4700000, 0x00000006c4800000|  0%| F|  |TS  0|AC  0|TAMS 0x00000006c4700000, 0x00000006c4700000|
|  48|0x00000006c4800000, 0x00000006c4800000, 0x00000006c4900000|  0%| F|  |TS  0|AC  0|TAMS 0x00000006c4800000, 0x00000006c4800000|
|  49|0x00000006c4900000, 0x00000006c4900000, 0x00000006c4a00000|  0%| F|  |TS  0|AC  0|TAMS 0x00000006c4900000, 0x00000006c4900000|
|  50|0x00000006c4a00000, 0x00000006c4a00000, 0x00000006c4b00000|  0%| F|  |TS  0|AC  0|TAMS 0x00000006c4a00000, 0x00000006c4a00000|
|  51|0x00000006c4b00000, 0x00000006c4b00000, 0x00000006c4c00000|  0%| F|  |TS  0|AC  0|TAMS 0x00000006c4b00000, 0x00000006c4b00000|
|  52|0x00000006c4c00000, 0x00000006c4c00000, 0x00000006c4d00000|  0%| F|  |TS  0|AC  0|TAMS 0x00000006c4c00000, 0x00000006c4c00000|
|  53|0x00000006c4d00000, 0x00000006c4d00000, 0x00000006c4e00000|  0%| F|  |TS  0|AC  0|TAMS 0x00000006c4d00000, 0x00000006c4d00000|
|  54|0x00000006c4e00000, 0x00000006c4e00000, 0x00000006c4f00000|  0%| F|  |TS  0|AC  0|TAMS 0x00000006c4e00000, 0x00000006c4e00000|
|  55|0x00000006c4f00000, 0x00000006c4f00000, 0x00000006c5000000|  0%| F|  |TS  0|AC  0|TAMS 0x00000006c4f00000, 0x00000006c4f00000|
|  56|0x00000006c5000000, 0x00000006c5000000, 0x00000006c5100000|  0%| F|  |TS  0|AC  0|TAMS 0x00000006c5000000, 0x00000006c5000000|
|  57|0x00000006c5100000, 0x00000006c5100000, 0x00000006c5200000|  0%| F|  |TS  0|AC  0|TAMS 0x00000006c5100000, 0x00000006c5100000|
|  58|0x00000006c5200000, 0x00000006c5200000, 0x00000006c5300000|  0%| F|  |TS  0|AC  0|TAMS 0x00000006c5200000, 0x00000006c5200000|
|  59|0x00000006c5300000, 0x00000006c5300000, 0x00000006c5400000|  0%| F|  |TS  0|AC  0|TAMS 0x00000006c5300000, 0x00000006c5300000|
|  60|0x00000006c5400000, 0x00000006c5400000, 0x00000006c5500000|  0%| F|  |TS  0|AC  0|TAMS 0x00000006c5400000, 0x00000006c5400000|
|  61|0x00000006c5500000, 0x00000006c5500000, 0x00000006c5600000|  0%| F|  |TS  0|AC  0|TAMS 0x00000006c5500000, 0x00000006c5500000|
|  62|0x00000006c5600000, 0x00000006c5600000, 0x00000006c5700000|  0%| F|  |TS  0|AC  0|TAMS 0x00000006c5600000, 0x00000006c5600000|
|  63|0x00000006c5700000, 0x00000006c5700000, 0x00000006c5800000|  0%| F|  |TS  0|AC  0|TAMS 0x00000006c5700000, 0x00000006c5700000|
|  64|0x00000006c5800000, 0x00000006c5800000, 0x00000006c5900000|  0%| F|  |TS  0|AC  0|TAMS 0x00000006c5800000, 0x00000006c5800000|
|  65|0x00000006c5900000, 0x00000006c5900000, 0x00000006c5a00000|  0%| F|  |TS  0|AC  0|TAMS 0x00000006c5900000, 0x00000006c5900000|
|  66|0x00000006c5a00000, 0x00000006c5a00000, 0x00000006c5b00000|  0%| F|  |TS  0|AC  0|TAMS 0x00000006c5a00000, 0x00000006c5a00000|
|  67|0x00000006c5b00000, 0x00000006c5b00000, 0x00000006c5c00000|  0%| F|  |TS  0|AC  0|TAMS 0x00000006c5b00000, 0x00000006c5b00000|
|  68|0x00000006c5c00000, 0x00000006c5c00000, 0x00000006c5d00000|  0%| F|  |TS  0|AC  0|TAMS 0x00000006c5c00000, 0x00000006c5c00000|
|  69|0x00000006c5d00000, 0x00000006c5d00000, 0x00000006c5e00000|  0%| F|  |TS  0|AC  0|TAMS 0x00000006c5d00000, 0x00000006c5d00000|
|  70|0x00000006c5e00000, 0x00000006c5e00000, 0x00000006c5f00000|  0%| F|  |TS  0|AC  0|TAMS 0x00000006c5e00000, 0x00000006c5e00000|
|  71|0x00000006c5f00000, 0x00000006c5f00000, 0x00000006c6000000|  0%| F|  |TS  0|AC  0|TAMS 0x00000006c5f00000, 0x00000006c5f00000|
|  72|0x00000006c6000000, 0x00000006c6000000, 0x00000006c6100000|  0%| F|  |TS  0|AC  0|TAMS 0x00000006c6000000, 0x00000006c6000000|
|  73|0x00000006c6100000, 0x00000006c6100000, 0x00000006c6200000|  0%| F|  |TS  0|AC  0|TAMS 0x00000006c6100000, 0x00000006c6100000|
|  74|0x00000006c6200000, 0x00000006c6200000, 0x00000006c6300000|  0%| F|  |TS  0|AC  0|TAMS 0x00000006c6200000, 0x00000006c6200000|
|  75|0x00000006c6300000, 0x00000006c6300000, 0x00000006c6400000|  0%| F|  |TS  0|AC  0|TAMS 0x00000006c6300000, 0x00000006c6300000|
|  76|0x00000006c6400000, 0x00000006c6400000, 0x00000006c6500000|  0%| F|  |TS  0|AC  0|TAMS 0x00000006c6400000, 0x00000006c6400000|
|  77|0x00000006c6500000, 0x00000006c6500000, 0x00000006c6600000|  0%| F|  |TS  0|AC  0|TAMS 0x00000006c6500000, 0x00000006c6500000|
|  78|0x00000006c6600000, 0x00000006c6600000, 0x00000006c6700000|  0%| F|  |TS  0|AC  0|TAMS 0x00000006c6600000, 0x00000006c6600000|
|  79|0x00000006c6700000, 0x00000006c6700000, 0x00000006c6800000|  0%| F|  |TS  0|AC  0|TAMS 0x00000006c6700000, 0x00000006c6700000|
|  80|0x00000006c6800000, 0x00000006c6800000, 0x00000006c6900000|  0%| F|  |TS  0|AC  0|TAMS 0x00000006c6800000, 0x00000006c6800000|
|  81|0x00000006c6900000, 0x00000006c6900000, 0x00000006c6a00000|  0%| F|  |TS  0|AC  0|TAMS 0x00000006c6900000, 0x00000006c6900000|
|  82|0x00000006c6a00000, 0x00000006c6a00000, 0x00000006c6b00000|  0%| F|  |TS  0|AC  0|TAMS 0x00000006c6a00000, 0x00000006c6a00000|
|  83|0x00000006c6b00000, 0x00000006c6b00000, 0x00000006c6c00000|  0%| F|  |TS  0|AC  0|TAMS 0x00000006c6b00000, 0x00000006c6b00000|
|  84|0x00000006c6c00000, 0x00000006c6c00000, 0x00000006c6d00000|  0%| F|  |TS  0|AC  0|TAMS 0x00000006c6c00000, 0x00000006c6c00000|
|  85|0x00000006c6d00000, 0x00000006c6d00000, 0x00000006c6e00000|  0%| F|  |TS  0|AC  0|TAMS 0x00000006c6d00000, 0x00000006c6d00000|
|  86|0x00000006c6e00000, 0x00000006c6e00000, 0x00000006c6f00000|  0%| F|  |TS  0|AC  0|TAMS 0x00000006c6e00000, 0x00000006c6e00000|
|  87|0x00000006c6f00000, 0x00000006c6f00000, 0x00000006c7000000|  0%| F|  |TS  0|AC  0|TAMS 0x00000006c6f00000, 0x00000006c6f00000|
|  88|0x00000006c7000000, 0x00000006c7000000, 0x00000006c7100000|  0%| F|  |TS  0|AC  0|TAMS 0x00000006c7000000, 0x00000006c7000000|
|  89|0x00000006c7100000, 0x00000006c7100000, 0x00000006c7200000|  0%| F|  |TS  0|AC  0|TAMS 0x00000006c7100000, 0x00000006c7100000|
|  90|0x00000006c7200000, 0x00000006c7200000, 0x00000006c7300000|  0%| F|  |TS  0|AC  0|TAMS 0x00000006c7200000, 0x00000006c7200000|
|  91|0x00000006c7300000, 0x00000006c7300000, 0x00000006c7400000|  0%| F|  |TS  0|AC  0|TAMS 0x00000006c7300000, 0x00000006c7300000|
|  92|0x00000006c7400000, 0x00000006c7400000, 0x00000006c7500000|  0%| F|  |TS  0|AC  0|TAMS 0x00000006c7400000, 0x00000006c7400000|
|  93|0x00000006c7500000, 0x00000006c7500000, 0x00000006c7600000|  0%| F|  |TS  0|AC  0|TAMS 0x00000006c7500000, 0x00000006c7500000|
|  94|0x00000006c7600000, 0x00000006c7600000, 0x00000006c7700000|  0%| F|  |TS  0|AC  0|TAMS 0x00000006c7600000, 0x00000006c7600000|
|  95|0x00000006c7700000, 0x00000006c7700000, 0x00000006c7800000|  0%| F|  |TS  0|AC  0|TAMS 0x00000006c7700000, 0x00000006c7700000|
|  96|0x00000006c7800000, 0x00000006c7800000, 0x00000006c7900000|  0%| F|  |TS  0|AC  0|TAMS 0x00000006c7800000, 0x00000006c7800000|
|  97|0x00000006c7900000, 0x00000006c7900000, 0x00000006c7a00000|  0%| F|  |TS  0|AC  0|TAMS 0x00000006c7900000, 0x00000006c7900000|
|  98|0x00000006c7a00000, 0x00000006c7a00000, 0x00000006c7b00000|  0%| F|  |TS  0|AC  0|TAMS 0x00000006c7a00000, 0x00000006c7a00000|
|  99|0x00000006c7b00000, 0x00000006c7b00000, 0x00000006c7c00000|  0%| F|  |TS  0|AC  0|TAMS 0x00000006c7b00000, 0x00000006c7b00000|
| 100|0x00000006c7c00000, 0x00000006c7c00000, 0x00000006c7d00000|  0%| F|  |TS  0|AC  0|TAMS 0x00000006c7c00000, 0x00000006c7c00000|
| 101|0x00000006c7d00000, 0x00000006c7d00000, 0x00000006c7e00000|  0%| F|  |TS  0|AC  0|TAMS 0x00000006c7d00000, 0x00000006c7d00000|
| 102|0x00000006c7e00000, 0x00000006c7e00000, 0x00000006c7f00000|  0%| F|  |TS  0|AC  0|TAMS 0x00000006c7e00000, 0x00000006c7e00000|
| 103|0x00000006c7f00000, 0x00000006c7f00000, 0x00000006c8000000|  0%| F|  |TS  0|AC  0|TAMS 0x00000006c7f00000, 0x00000006c7f00000|
| 104|0x00000006c8000000, 0x00000006c8000000, 0x00000006c8100000|  0%| F|  |TS  0|AC  0|TAMS 0x00000006c8000000, 0x00000006c8000000|
| 105|0x00000006c8100000, 0x00000006c8100000, 0x00000006c8200000|  0%| F|  |TS  0|AC  0|TAMS 0x00000006c8100000, 0x00000006c8100000|
| 106|0x00000006c8200000, 0x00000006c8200000, 0x00000006c8300000|  0%| F|  |TS  0|AC  0|TAMS 0x00000006c8200000, 0x00000006c8200000|
| 107|0x00000006c8300000, 0x00000006c8300000, 0x00000006c8400000|  0%| F|  |TS  0|AC  0|TAMS 0x00000006c8300000, 0x00000006c8300000|
| 108|0x00000006c8400000, 0x00000006c8400000, 0x00000006c8500000|  0%| F|  |TS  0|AC  0|TAMS 0x00000006c8400000, 0x00000006c8400000|
| 109|0x00000006c8500000, 0x00000006c8500000, 0x00000006c8600000|  0%| F|  |TS  0|AC  0|TAMS 0x00000006c8500000, 0x00000006c8500000|
| 110|0x00000006c8600000, 0x00000006c8600000, 0x00000006c8700000|  0%| F|  |TS  0|AC  0|TAMS 0x00000006c8600000, 0x00000006c8600000|
| 111|0x00000006c8700000, 0x00000006c8700000, 0x00000006c8800000|  0%| F|  |TS  0|AC  0|TAMS 0x00000006c8700000, 0x00000006c8700000|
| 112|0x00000006c8800000, 0x00000006c8800000, 0x00000006c8900000|  0%| F|  |TS  0|AC  0|TAMS 0x00000006c8800000, 0x00000006c8800000|
| 113|0x00000006c8900000, 0x00000006c8900000, 0x00000006c8a00000|  0%| F|  |TS  0|AC  0|TAMS 0x00000006c8900000, 0x00000006c8900000|
| 114|0x00000006c8a00000, 0x00000006c8a00000, 0x00000006c8b00000|  0%| F|  |TS  0|AC  0|TAMS 0x00000006c8a00000, 0x00000006c8a00000|
| 115|0x00000006c8b00000, 0x00000006c8b00000, 0x00000006c8c00000|  0%| F|  |TS  0|AC  0|TAMS 0x00000006c8b00000, 0x00000006c8b00000|
| 116|0x00000006c8c00000, 0x00000006c8c00000, 0x00000006c8d00000|  0%| F|  |TS  0|AC  0|TAMS 0x00000006c8c00000, 0x00000006c8c00000|
| 117|0x00000006c8d00000, 0x00000006c8d00000, 0x00000006c8e00000|  0%| F|  |TS  0|AC  0|TAMS 0x00000006c8d00000, 0x00000006c8d00000|
| 118|0x00000006c8e00000, 0x00000006c8e00000, 0x00000006c8f00000|  0%| F|  |TS  0|AC  0|TAMS 0x00000006c8e00000, 0x00000006c8e00000|
| 119|0x00000006c8f00000, 0x00000006c8f00000, 0x00000006c9000000|  0%| F|  |TS  0|AC  0|TAMS 0x00000006c8f00000, 0x00000006c8f00000|
| 120|0x00000006c9000000, 0x00000006c9000000, 0x00000006c9100000|  0%| F|  |TS  0|AC  0|TAMS 0x00000006c9000000, 0x00000006c9000000|
| 121|0x00000006c9100000, 0x00000006c9100000, 0x00000006c9200000|  0%| F|  |TS  0|AC  0|TAMS 0x00000006c9100000, 0x00000006c9100000|
| 122|0x00000006c9200000, 0x00000006c9200000, 0x00000006c9300000|  0%| F|  |TS  0|AC  0|TAMS 0x00000006c9200000, 0x00000006c9200000|
| 123|0x00000006c9300000, 0x00000006c9300000, 0x00000006c9400000|  0%| F|  |TS  0|AC  0|TAMS 0x00000006c9300000, 0x00000006c9300000|
| 124|0x00000006c9400000, 0x00000006c9400000, 0x00000006c9500000|  0%| F|  |TS  0|AC  0|TAMS 0x00000006c9400000, 0x00000006c9400000|
| 125|0x00000006c9500000, 0x00000006c9500000, 0x00000006c9600000|  0%| F|  |TS  0|AC  0|TAMS 0x00000006c9500000, 0x00000006c9500000|
| 126|0x00000006c9600000, 0x00000006c9600000, 0x00000006c9700000|  0%| F|  |TS  0|AC  0|TAMS 0x00000006c9600000, 0x00000006c9600000|
| 127|0x00000006c9700000, 0x00000006c9700000, 0x00000006c9800000|  0%| F|  |TS  0|AC  0|TAMS 0x00000006c9700000, 0x00000006c9700000|
| 128|0x00000006c9800000, 0x00000006c9800000, 0x00000006c9900000|  0%| F|  |TS  0|AC  0|TAMS 0x00000006c9800000, 0x00000006c9800000|
| 129|0x00000006c9900000, 0x00000006c9900000, 0x00000006c9a00000|  0%| F|  |TS  0|AC  0|TAMS 0x00000006c9900000, 0x00000006c9900000|
| 130|0x00000006c9a00000, 0x00000006c9a00000, 0x00000006c9b00000|  0%| F|  |TS  0|AC  0|TAMS 0x00000006c9a00000, 0x00000006c9a00000|
| 131|0x00000006c9b00000, 0x00000006c9b00000, 0x00000006c9c00000|  0%| F|  |TS  0|AC  0|TAMS 0x00000006c9b00000, 0x00000006c9b00000|
| 132|0x00000006c9c00000, 0x00000006c9c00000, 0x00000006c9d00000|  0%| F|  |TS  0|AC  0|TAMS 0x00000006c9c00000, 0x00000006c9c00000|
| 133|0x00000006c9d00000, 0x00000006c9d00000, 0x00000006c9e00000|  0%| F|  |TS  0|AC  0|TAMS 0x00000006c9d00000, 0x00000006c9d00000|
| 134|0x00000006c9e00000, 0x00000006c9e00000, 0x00000006c9f00000|  0%| F|  |TS  0|AC  0|TAMS 0x00000006c9e00000, 0x00000006c9e00000|
| 135|0x00000006c9f00000, 0x00000006c9f00000, 0x00000006ca000000|  0%| F|  |TS  0|AC  0|TAMS 0x00000006c9f00000, 0x00000006c9f00000|
| 136|0x00000006ca000000, 0x00000006ca000000, 0x00000006ca100000|  0%| F|  |TS  0|AC  0|TAMS 0x00000006ca000000, 0x00000006ca000000|
| 137|0x00000006ca100000, 0x00000006ca100000, 0x00000006ca200000|  0%| F|  |TS  0|AC  0|TAMS 0x00000006ca100000, 0x00000006ca100000|
| 138|0x00000006ca200000, 0x00000006ca200000, 0x00000006ca300000|  0%| F|  |TS  0|AC  0|TAMS 0x00000006ca200000, 0x00000006ca200000|
| 139|0x00000006ca300000, 0x00000006ca300000, 0x00000006ca400000|  0%| F|  |TS  0|AC  0|TAMS 0x00000006ca300000, 0x00000006ca300000|
| 140|0x00000006ca400000, 0x00000006ca400000, 0x00000006ca500000|  0%| F|  |TS  0|AC  0|TAMS 0x00000006ca400000, 0x00000006ca400000|
| 141|0x00000006ca500000, 0x00000006ca500000, 0x00000006ca600000|  0%| F|  |TS  0|AC  0|TAMS 0x00000006ca500000, 0x00000006ca500000|
| 142|0x00000006ca600000, 0x00000006ca600000, 0x00000006ca700000|  0%| F|  |TS  0|AC  0|TAMS 0x00000006ca600000, 0x00000006ca600000|
| 143|0x00000006ca700000, 0x00000006ca700000, 0x00000006ca800000|  0%| F|  |TS  0|AC  0|TAMS 0x00000006ca700000, 0x00000006ca700000|
| 144|0x00000006ca800000, 0x00000006ca800000, 0x00000006ca900000|  0%| F|  |TS  0|AC  0|TAMS 0x00000006ca800000, 0x00000006ca800000|
| 145|0x00000006ca900000, 0x00000006ca900000, 0x00000006caa00000|  0%| F|  |TS  0|AC  0|TAMS 0x00000006ca900000, 0x00000006ca900000|
| 146|0x00000006caa00000, 0x00000006caa00000, 0x00000006cab00000|  0%| F|  |TS  0|AC  0|TAMS 0x00000006caa00000, 0x00000006caa00000|
| 147|0x00000006cab00000, 0x00000006cab00000, 0x00000006cac00000|  0%| F|  |TS  0|AC  0|TAMS 0x00000006cab00000, 0x00000006cab00000|
| 148|0x00000006cac00000, 0x00000006cac00000, 0x00000006cad00000|  0%| F|  |TS  0|AC  0|TAMS 0x00000006cac00000, 0x00000006cac00000|
| 149|0x00000006cad00000, 0x00000006cad00000, 0x00000006cae00000|  0%| F|  |TS  0|AC  0|TAMS 0x00000006cad00000, 0x00000006cad00000|
| 150|0x00000006cae00000, 0x00000006cae00000, 0x00000006caf00000|  0%| F|  |TS  0|AC  0|TAMS 0x00000006cae00000, 0x00000006cae00000|
| 151|0x00000006caf00000, 0x00000006caf00000, 0x00000006cb000000|  0%| F|  |TS  0|AC  0|TAMS 0x00000006caf00000, 0x00000006caf00000|
| 152|0x00000006cb000000, 0x00000006cb000000, 0x00000006cb100000|  0%| F|  |TS  0|AC  0|TAMS 0x00000006cb000000, 0x00000006cb000000|
| 153|0x00000006cb100000, 0x00000006cb100000, 0x00000006cb200000|  0%| F|  |TS  0|AC  0|TAMS 0x00000006cb100000, 0x00000006cb100000|
| 154|0x00000006cb200000, 0x00000006cb200000, 0x00000006cb300000|  0%| F|  |TS  0|AC  0|TAMS 0x00000006cb200000, 0x00000006cb200000|
| 155|0x00000006cb300000, 0x00000006cb300000, 0x00000006cb400000|  0%| F|  |TS  0|AC  0|TAMS 0x00000006cb300000, 0x00000006cb300000|
| 156|0x00000006cb400000, 0x00000006cb400000, 0x00000006cb500000|  0%| F|  |TS  0|AC  0|TAMS 0x00000006cb400000, 0x00000006cb400000|
| 157|0x00000006cb500000, 0x00000006cb500000, 0x00000006cb600000|  0%| F|  |TS  0|AC  0|TAMS 0x00000006cb500000, 0x00000006cb500000|
| 158|0x00000006cb600000, 0x00000006cb600000, 0x00000006cb700000|  0%| F|  |TS  0|AC  0|TAMS 0x00000006cb600000, 0x00000006cb600000|
| 159|0x00000006cb700000, 0x00000006cb700000, 0x00000006cb800000|  0%| F|  |TS  0|AC  0|TAMS 0x00000006cb700000, 0x00000006cb700000|
| 160|0x00000006cb800000, 0x00000006cb800000, 0x00000006cb900000|  0%| F|  |TS  0|AC  0|TAMS 0x00000006cb800000, 0x00000006cb800000|
| 161|0x00000006cb900000, 0x00000006cb900000, 0x00000006cba00000|  0%| F|  |TS  0|AC  0|TAMS 0x00000006cb900000, 0x00000006cb900000|
| 162|0x00000006cba00000, 0x00000006cba00000, 0x00000006cbb00000|  0%| F|  |TS  0|AC  0|TAMS 0x00000006cba00000, 0x00000006cba00000|
| 163|0x00000006cbb00000, 0x00000006cbb00000, 0x00000006cbc00000|  0%| F|  |TS  0|AC  0|TAMS 0x00000006cbb00000, 0x00000006cbb00000|
| 164|0x00000006cbc00000, 0x00000006cbc00000, 0x00000006cbd00000|  0%| F|  |TS  0|AC  0|TAMS 0x00000006cbc00000, 0x00000006cbc00000|
| 165|0x00000006cbd00000, 0x00000006cbd00000, 0x00000006cbe00000|  0%| F|  |TS  0|AC  0|TAMS 0x00000006cbd00000, 0x00000006cbd00000|
| 166|0x00000006cbe00000, 0x00000006cbe00000, 0x00000006cbf00000|  0%| F|  |TS  0|AC  0|TAMS 0x00000006cbe00000, 0x00000006cbe00000|
| 167|0x00000006cbf00000, 0x00000006cbf00000, 0x00000006cc000000|  0%| F|  |TS  0|AC  0|TAMS 0x00000006cbf00000, 0x00000006cbf00000|
| 168|0x00000006cc000000, 0x00000006cc000000, 0x00000006cc100000|  0%| F|  |TS  0|AC  0|TAMS 0x00000006cc000000, 0x00000006cc000000|
| 169|0x00000006cc100000, 0x00000006cc100000, 0x00000006cc200000|  0%| F|  |TS  0|AC  0|TAMS 0x00000006cc100000, 0x00000006cc100000|
| 170|0x00000006cc200000, 0x00000006cc200000, 0x00000006cc300000|  0%| F|  |TS  0|AC  0|TAMS 0x00000006cc200000, 0x00000006cc200000|
| 171|0x00000006cc300000, 0x00000006cc300000, 0x00000006cc400000|  0%| F|  |TS  0|AC  0|TAMS 0x00000006cc300000, 0x00000006cc300000|
| 172|0x00000006cc400000, 0x00000006cc400000, 0x00000006cc500000|  0%| F|  |TS  0|AC  0|TAMS 0x00000006cc400000, 0x00000006cc400000|
| 173|0x00000006cc500000, 0x00000006cc500000, 0x00000006cc600000|  0%| F|  |TS  0|AC  0|TAMS 0x00000006cc500000, 0x00000006cc500000|
| 174|0x00000006cc600000, 0x00000006cc600000, 0x00000006cc700000|  0%| F|  |TS  0|AC  0|TAMS 0x00000006cc600000, 0x00000006cc600000|
| 175|0x00000006cc700000, 0x00000006cc700000, 0x00000006cc800000|  0%| F|  |TS  0|AC  0|TAMS 0x00000006cc700000, 0x00000006cc700000|
| 176|0x00000006cc800000, 0x00000006cc800000, 0x00000006cc900000|  0%| F|  |TS  0|AC  0|TAMS 0x00000006cc800000, 0x00000006cc800000|
| 177|0x00000006cc900000, 0x00000006cc900000, 0x00000006cca00000|  0%| F|  |TS  0|AC  0|TAMS 0x00000006cc900000, 0x00000006cc900000|
| 178|0x00000006cca00000, 0x00000006cca00000, 0x00000006ccb00000|  0%| F|  |TS  0|AC  0|TAMS 0x00000006cca00000, 0x00000006cca00000|
| 179|0x00000006ccb00000, 0x00000006ccb00000, 0x00000006ccc00000|  0%| F|  |TS  0|AC  0|TAMS 0x00000006ccb00000, 0x00000006ccb00000|
| 180|0x00000006ccc00000, 0x00000006ccc00000, 0x00000006ccd00000|  0%| F|  |TS  0|AC  0|TAMS 0x00000006ccc00000, 0x00000006ccc00000|
| 181|0x00000006ccd00000, 0x00000006ccd00000, 0x00000006cce00000|  0%| F|  |TS  0|AC  0|TAMS 0x00000006ccd00000, 0x00000006ccd00000|
| 182|0x00000006cce00000, 0x00000006cce00000, 0x00000006ccf00000|  0%| F|  |TS  0|AC  0|TAMS 0x00000006cce00000, 0x00000006cce00000|
| 183|0x00000006ccf00000, 0x00000006ccf00000, 0x00000006cd000000|  0%| F|  |TS  0|AC  0|TAMS 0x00000006ccf00000, 0x00000006ccf00000|
| 184|0x00000006cd000000, 0x00000006cd000000, 0x00000006cd100000|  0%| F|  |TS  0|AC  0|TAMS 0x00000006cd000000, 0x00000006cd000000|
| 185|0x00000006cd100000, 0x00000006cd100000, 0x00000006cd200000|  0%| F|  |TS  0|AC  0|TAMS 0x00000006cd100000, 0x00000006cd100000|
| 186|0x00000006cd200000, 0x00000006cd200000, 0x00000006cd300000|  0%| F|  |TS  0|AC  0|TAMS 0x00000006cd200000, 0x00000006cd200000|
| 187|0x00000006cd300000, 0x00000006cd300000, 0x00000006cd400000|  0%| F|  |TS  0|AC  0|TAMS 0x00000006cd300000, 0x00000006cd300000|
| 188|0x00000006cd400000, 0x00000006cd400000, 0x00000006cd500000|  0%| F|  |TS  0|AC  0|TAMS 0x00000006cd400000, 0x00000006cd400000|
| 189|0x00000006cd500000, 0x00000006cd500000, 0x00000006cd600000|  0%| F|  |TS  0|AC  0|TAMS 0x00000006cd500000, 0x00000006cd500000|
| 190|0x00000006cd600000, 0x00000006cd600000, 0x00000006cd700000|  0%| F|  |TS  0|AC  0|TAMS 0x00000006cd600000, 0x00000006cd600000|
| 191|0x00000006cd700000, 0x00000006cd700000, 0x00000006cd800000|  0%| F|  |TS  0|AC  0|TAMS 0x00000006cd700000, 0x00000006cd700000|
| 192|0x00000006cd800000, 0x00000006cd800000, 0x00000006cd900000|  0%| F|  |TS  0|AC  0|TAMS 0x00000006cd800000, 0x00000006cd800000|
| 193|0x00000006cd900000, 0x00000006cd900000, 0x00000006cda00000|  0%| F|  |TS  0|AC  0|TAMS 0x00000006cd900000, 0x00000006cd900000|
| 194|0x00000006cda00000, 0x00000006cda00000, 0x00000006cdb00000|  0%| F|  |TS  0|AC  0|TAMS 0x00000006cda00000, 0x00000006cda00000|
| 195|0x00000006cdb00000, 0x00000006cdb00000, 0x00000006cdc00000|  0%| F|  |TS  0|AC  0|TAMS 0x00000006cdb00000, 0x00000006cdb00000|
| 196|0x00000006cdc00000, 0x00000006cdc00000, 0x00000006cdd00000|  0%| F|  |TS  0|AC  0|TAMS 0x00000006cdc00000, 0x00000006cdc00000|
| 197|0x00000006cdd00000, 0x00000006cdd00000, 0x00000006cde00000|  0%| F|  |TS  0|AC  0|TAMS 0x00000006cdd00000, 0x00000006cdd00000|
| 198|0x00000006cde00000, 0x00000006cde00000, 0x00000006cdf00000|  0%| F|  |TS  0|AC  0|TAMS 0x00000006cde00000, 0x00000006cde00000|
| 199|0x00000006cdf00000, 0x00000006cdf00000, 0x00000006ce000000|  0%| F|  |TS  0|AC  0|TAMS 0x00000006cdf00000, 0x00000006cdf00000|
| 200|0x00000006ce000000, 0x00000006ce000000, 0x00000006ce100000|  0%| F|  |TS  0|AC  0|TAMS 0x00000006ce000000, 0x00000006ce000000|
| 201|0x00000006ce100000, 0x00000006ce100000, 0x00000006ce200000|  0%| F|  |TS  0|AC  0|TAMS 0x00000006ce100000, 0x00000006ce100000|
| 202|0x00000006ce200000, 0x00000006ce2d08f0, 0x00000006ce300000| 81%| S|CS|TS  3|AC  0|TAMS 0x00000006ce200000, 0x00000006ce200000|
| 203|0x00000006ce300000, 0x00000006ce400000, 0x00000006ce400000|100%| S|CS|TS  3|AC  0|TAMS 0x00000006ce300000, 0x00000006ce300000|
| 204|0x00000006ce400000, 0x00000006ce500000, 0x00000006ce500000|100%| S|CS|TS  3|AC  0|TAMS 0x00000006ce400000, 0x00000006ce400000|
| 205|0x00000006ce500000, 0x00000006ce500000, 0x00000006ce600000|  0%| F|  |TS  3|AC  0|TAMS 0x00000006ce500000, 0x00000006ce500000|
| 206|0x00000006ce600000, 0x00000006ce600000, 0x00000006ce700000|  0%| F|  |TS  3|AC  0|TAMS 0x00000006ce600000, 0x00000006ce600000|
| 207|0x00000006ce700000, 0x00000006ce700000, 0x00000006ce800000|  0%| F|  |TS  3|AC  0|TAMS 0x00000006ce700000, 0x00000006ce700000|
| 208|0x00000006ce800000, 0x00000006ce800000, 0x00000006ce900000|  0%| F|  |TS  3|AC  0|TAMS 0x00000006ce800000, 0x00000006ce800000|
| 209|0x00000006ce900000, 0x00000006ce900000, 0x00000006cea00000|  0%| F|  |TS  3|AC  0|TAMS 0x00000006ce900000, 0x00000006ce900000|
| 210|0x00000006cea00000, 0x00000006cea00000, 0x00000006ceb00000|  0%| F|  |TS  3|AC  0|TAMS 0x00000006cea00000, 0x00000006cea00000|
| 211|0x00000006ceb00000, 0x00000006ceb00000, 0x00000006cec00000|  0%| F|  |TS  3|AC  0|TAMS 0x00000006ceb00000, 0x00000006ceb00000|
| 212|0x00000006cec00000, 0x00000006cec00000, 0x00000006ced00000|  0%| F|  |TS  3|AC  0|TAMS 0x00000006cec00000, 0x00000006cec00000|
| 213|0x00000006ced00000, 0x00000006ced00000, 0x00000006cee00000|  0%| F|  |TS  3|AC  0|TAMS 0x00000006ced00000, 0x00000006ced00000|
| 214|0x00000006cee00000, 0x00000006cee00000, 0x00000006cef00000|  0%| F|  |TS  3|AC  0|TAMS 0x00000006cee00000, 0x00000006cee00000|
| 215|0x00000006cef00000, 0x00000006cef00000, 0x00000006cf000000|  0%| F|  |TS  3|AC  0|TAMS 0x00000006cef00000, 0x00000006cef00000|
| 216|0x00000006cf000000, 0x00000006cf000000, 0x00000006cf100000|  0%| F|  |TS  3|AC  0|TAMS 0x00000006cf000000, 0x00000006cf000000|
| 217|0x00000006cf100000, 0x00000006cf100000, 0x00000006cf200000|  0%| F|  |TS  3|AC  0|TAMS 0x00000006cf100000, 0x00000006cf100000|
| 218|0x00000006cf200000, 0x00000006cf200000, 0x00000006cf300000|  0%| F|  |TS  3|AC  0|TAMS 0x00000006cf200000, 0x00000006cf200000|
| 219|0x00000006cf300000, 0x00000006cf300000, 0x00000006cf400000|  0%| F|  |TS  3|AC  0|TAMS 0x00000006cf300000, 0x00000006cf300000|
| 220|0x00000006cf400000, 0x00000006cf400000, 0x00000006cf500000|  0%| F|  |TS  3|AC  0|TAMS 0x00000006cf400000, 0x00000006cf400000|
| 221|0x00000006cf500000, 0x00000006cf500000, 0x00000006cf600000|  0%| F|  |TS  3|AC  0|TAMS 0x00000006cf500000, 0x00000006cf500000|
| 222|0x00000006cf600000, 0x00000006cf600000, 0x00000006cf700000|  0%| F|  |TS  3|AC  0|TAMS 0x00000006cf600000, 0x00000006cf600000|
| 223|0x00000006cf700000, 0x00000006cf700000, 0x00000006cf800000|  0%| F|  |TS  3|AC  0|TAMS 0x00000006cf700000, 0x00000006cf700000|
| 224|0x00000006cf800000, 0x00000006cf800000, 0x00000006cf900000|  0%| F|  |TS  3|AC  0|TAMS 0x00000006cf800000, 0x00000006cf800000|
| 225|0x00000006cf900000, 0x00000006cf900000, 0x00000006cfa00000|  0%| F|  |TS  3|AC  0|TAMS 0x00000006cf900000, 0x00000006cf900000|
| 226|0x00000006cfa00000, 0x00000006cfa00000, 0x00000006cfb00000|  0%| F|  |TS  3|AC  0|TAMS 0x00000006cfa00000, 0x00000006cfa00000|
| 227|0x00000006cfb00000, 0x00000006cfb00000, 0x00000006cfc00000|  0%| F|  |TS  3|AC  0|TAMS 0x00000006cfb00000, 0x00000006cfb00000|
| 228|0x00000006cfc00000, 0x00000006cfc00000, 0x00000006cfd00000|  0%| F|  |TS  3|AC  0|TAMS 0x00000006cfc00000, 0x00000006cfc00000|
| 229|0x00000006cfd00000, 0x00000006cfd00000, 0x00000006cfe00000|  0%| F|  |TS  3|AC  0|TAMS 0x00000006cfd00000, 0x00000006cfd00000|
| 230|0x00000006cfe00000, 0x00000006cfe00000, 0x00000006cff00000|  0%| F|  |TS  3|AC  0|TAMS 0x00000006cfe00000, 0x00000006cfe00000|
| 231|0x00000006cff00000, 0x00000006cff00000, 0x00000006d0000000|  0%| F|  |TS  3|AC  0|TAMS 0x00000006cff00000, 0x00000006cff00000|
| 232|0x00000006d0000000, 0x00000006d0000000, 0x00000006d0100000|  0%| F|  |TS  3|AC  0|TAMS 0x00000006d0000000, 0x00000006d0000000|
| 233|0x00000006d0100000, 0x00000006d0200000, 0x00000006d0200000|100%| E|  |TS  3|AC  0|TAMS 0x00000006d0100000, 0x00000006d0100000|
| 234|0x00000006d0200000, 0x00000006d0300000, 0x00000006d0300000|100%| E|CS|TS  3|AC  0|TAMS 0x00000006d0200000, 0x00000006d0200000|
| 235|0x00000006d0300000, 0x00000006d0400000, 0x00000006d0400000|100%| E|CS|TS  3|AC  0|TAMS 0x00000006d0300000, 0x00000006d0300000|
| 236|0x00000006d0400000, 0x00000006d0500000, 0x00000006d0500000|100%| E|CS|TS  3|AC  0|TAMS 0x00000006d0400000, 0x00000006d0400000|
| 237|0x00000006d0500000, 0x00000006d0600000, 0x00000006d0600000|100%| E|CS|TS  3|AC  0|TAMS 0x00000006d0500000, 0x00000006d0500000|
| 238|0x00000006d0600000, 0x00000006d0700000, 0x00000006d0700000|100%| E|CS|TS  3|AC  0|TAMS 0x00000006d0600000, 0x00000006d0600000|
| 239|0x00000006d0700000, 0x00000006d0800000, 0x00000006d0800000|100%| E|CS|TS  3|AC  0|TAMS 0x00000006d0700000, 0x00000006d0700000|
| 240|0x00000006d0800000, 0x00000006d0900000, 0x00000006d0900000|100%| E|CS|TS  3|AC  0|TAMS 0x00000006d0800000, 0x00000006d0800000|
| 241|0x00000006d0900000, 0x00000006d0a00000, 0x00000006d0a00000|100%| E|CS|TS  3|AC  0|TAMS 0x00000006d0900000, 0x00000006d0900000|
| 242|0x00000006d0a00000, 0x00000006d0b00000, 0x00000006d0b00000|100%| E|CS|TS  3|AC  0|TAMS 0x00000006d0a00000, 0x00000006d0a00000|
| 243|0x00000006d0b00000, 0x00000006d0c00000, 0x00000006d0c00000|100%| E|CS|TS  3|AC  0|TAMS 0x00000006d0b00000, 0x00000006d0b00000|
| 244|0x00000006d0c00000, 0x00000006d0d00000, 0x00000006d0d00000|100%| E|CS|TS  3|AC  0|TAMS 0x00000006d0c00000, 0x00000006d0c00000|
| 245|0x00000006d0d00000, 0x00000006d0e00000, 0x00000006d0e00000|100%| E|CS|TS  3|AC  0|TAMS 0x00000006d0d00000, 0x00000006d0d00000|
| 246|0x00000006d0e00000, 0x00000006d0f00000, 0x00000006d0f00000|100%| E|CS|TS  3|AC  0|TAMS 0x00000006d0e00000, 0x00000006d0e00000|
| 247|0x00000006d0f00000, 0x00000006d1000000, 0x00000006d1000000|100%| E|CS|TS  3|AC  0|TAMS 0x00000006d0f00000, 0x00000006d0f00000|
| 248|0x00000006d1000000, 0x00000006d1100000, 0x00000006d1100000|100%| E|CS|TS  3|AC  0|TAMS 0x00000006d1000000, 0x00000006d1000000|
| 249|0x00000006d1100000, 0x00000006d1200000, 0x00000006d1200000|100%| E|CS|TS  3|AC  0|TAMS 0x00000006d1100000, 0x00000006d1100000|
| 250|0x00000006d1200000, 0x00000006d1300000, 0x00000006d1300000|100%| E|CS|TS  3|AC  0|TAMS 0x00000006d1200000, 0x00000006d1200000|
| 251|0x00000006d1300000, 0x00000006d1400000, 0x00000006d1400000|100%| E|CS|TS  3|AC  0|TAMS 0x00000006d1300000, 0x00000006d1300000|
| 252|0x00000006d1400000, 0x00000006d1500000, 0x00000006d1500000|100%| E|CS|TS  3|AC  0|TAMS 0x00000006d1400000, 0x00000006d1400000|
| 253|0x00000006d1500000, 0x00000006d1600000, 0x00000006d1600000|100%| E|CS|TS  3|AC  0|TAMS 0x00000006d1500000, 0x00000006d1500000|
| 254|0x00000006d1600000, 0x00000006d1700000, 0x00000006d1700000|100%| E|CS|TS  3|AC  0|TAMS 0x00000006d1600000, 0x00000006d1600000|
| 255|0x00000006d1700000, 0x00000006d1800000, 0x00000006d1800000|100%| E|CS|TS  3|AC  0|TAMS 0x00000006d1700000, 0x00000006d1700000|
| 256|0x00000006d1800000, 0x00000006d1900000, 0x00000006d1900000|100%| E|CS|TS  3|AC  0|TAMS 0x00000006d1800000, 0x00000006d1800000|
| 257|0x00000006d1900000, 0x00000006d1a00000, 0x00000006d1a00000|100%| E|CS|TS  3|AC  0|TAMS 0x00000006d1900000, 0x00000006d1900000|
| 258|0x00000006d1a00000, 0x00000006d1b00000, 0x00000006d1b00000|100%| E|CS|TS  3|AC  0|TAMS 0x00000006d1a00000, 0x00000006d1a00000|
| 259|0x00000006d1b00000, 0x00000006d1c00000, 0x00000006d1c00000|100%| E|CS|TS  3|AC  0|TAMS 0x00000006d1b00000, 0x00000006d1b00000|
| 260|0x00000006d1c00000, 0x00000006d1d00000, 0x00000006d1d00000|100%| E|CS|TS  3|AC  0|TAMS 0x00000006d1c00000, 0x00000006d1c00000|
| 261|0x00000006d1d00000, 0x00000006d1e00000, 0x00000006d1e00000|100%| E|CS|TS  3|AC  0|TAMS 0x00000006d1d00000, 0x00000006d1d00000|
| 262|0x00000006d1e00000, 0x00000006d1f00000, 0x00000006d1f00000|100%| E|CS|TS  3|AC  0|TAMS 0x00000006d1e00000, 0x00000006d1e00000|
| 263|0x00000006d1f00000, 0x00000006d2000000, 0x00000006d2000000|100%| E|CS|TS  3|AC  0|TAMS 0x00000006d1f00000, 0x00000006d1f00000|
| 264|0x00000006d2000000, 0x00000006d2100000, 0x00000006d2100000|100%| E|CS|TS  3|AC  0|TAMS 0x00000006d2000000, 0x00000006d2000000|
| 265|0x00000006d2100000, 0x00000006d2200000, 0x00000006d2200000|100%| E|CS|TS  3|AC  0|TAMS 0x00000006d2100000, 0x00000006d2100000|
| 266|0x00000006d2200000, 0x00000006d2300000, 0x00000006d2300000|100%| E|CS|TS  3|AC  0|TAMS 0x00000006d2200000, 0x00000006d2200000|
| 267|0x00000006d2300000, 0x00000006d2400000, 0x00000006d2400000|100%| E|CS|TS  3|AC  0|TAMS 0x00000006d2300000, 0x00000006d2300000|
| 268|0x00000006d2400000, 0x00000006d2500000, 0x00000006d2500000|100%| E|CS|TS  3|AC  0|TAMS 0x00000006d2400000, 0x00000006d2400000|
| 269|0x00000006d2500000, 0x00000006d2600000, 0x00000006d2600000|100%| E|CS|TS  3|AC  0|TAMS 0x00000006d2500000, 0x00000006d2500000|
| 270|0x00000006d2600000, 0x00000006d2700000, 0x00000006d2700000|100%| E|CS|TS  3|AC  0|TAMS 0x00000006d2600000, 0x00000006d2600000|
| 271|0x00000006d2700000, 0x00000006d2800000, 0x00000006d2800000|100%| E|CS|TS  3|AC  0|TAMS 0x00000006d2700000, 0x00000006d2700000|
| 272|0x00000006d2800000, 0x00000006d2900000, 0x00000006d2900000|100%| E|CS|TS  3|AC  0|TAMS 0x00000006d2800000, 0x00000006d2800000|
| 273|0x00000006d2900000, 0x00000006d2a00000, 0x00000006d2a00000|100%| E|CS|TS  3|AC  0|TAMS 0x00000006d2900000, 0x00000006d2900000|
| 274|0x00000006d2a00000, 0x00000006d2b00000, 0x00000006d2b00000|100%| E|CS|TS  3|AC  0|TAMS 0x00000006d2a00000, 0x00000006d2a00000|
| 275|0x00000006d2b00000, 0x00000006d2c00000, 0x00000006d2c00000|100%| E|CS|TS  3|AC  0|TAMS 0x00000006d2b00000, 0x00000006d2b00000|
| 276|0x00000006d2c00000, 0x00000006d2d00000, 0x00000006d2d00000|100%| E|CS|TS  3|AC  0|TAMS 0x00000006d2c00000, 0x00000006d2c00000|
| 277|0x00000006d2d00000, 0x00000006d2e00000, 0x00000006d2e00000|100%| E|CS|TS  3|AC  0|TAMS 0x00000006d2d00000, 0x00000006d2d00000|
| 278|0x00000006d2e00000, 0x00000006d2f00000, 0x00000006d2f00000|100%| E|CS|TS  3|AC  0|TAMS 0x00000006d2e00000, 0x00000006d2e00000|
| 279|0x00000006d2f00000, 0x00000006d3000000, 0x00000006d3000000|100%| E|CS|TS  3|AC  0|TAMS 0x00000006d2f00000, 0x00000006d2f00000|
| 280|0x00000006d3000000, 0x00000006d3100000, 0x00000006d3100000|100%| E|CS|TS  3|AC  0|TAMS 0x00000006d3000000, 0x00000006d3000000|
| 281|0x00000006d3100000, 0x00000006d3200000, 0x00000006d3200000|100%| E|CS|TS  3|AC  0|TAMS 0x00000006d3100000, 0x00000006d3100000|
| 282|0x00000006d3200000, 0x00000006d3300000, 0x00000006d3300000|100%| E|CS|TS  3|AC  0|TAMS 0x00000006d3200000, 0x00000006d3200000|
| 283|0x00000006d3300000, 0x00000006d3400000, 0x00000006d3400000|100%| E|CS|TS  3|AC  0|TAMS 0x00000006d3300000, 0x00000006d3300000|
| 284|0x00000006d3400000, 0x00000006d3500000, 0x00000006d3500000|100%| E|CS|TS  3|AC  0|TAMS 0x00000006d3400000, 0x00000006d3400000|
| 285|0x00000006d3500000, 0x00000006d3600000, 0x00000006d3600000|100%| E|CS|TS  3|AC  0|TAMS 0x00000006d3500000, 0x00000006d3500000|
| 286|0x00000006d3600000, 0x00000006d3700000, 0x00000006d3700000|100%| E|CS|TS  3|AC  0|TAMS 0x00000006d3600000, 0x00000006d3600000|
| 287|0x00000006d3700000, 0x00000006d3800000, 0x00000006d3800000|100%| E|CS|TS  3|AC  0|TAMS 0x00000006d3700000, 0x00000006d3700000|
| 288|0x00000006d3800000, 0x00000006d3900000, 0x00000006d3900000|100%| E|CS|TS  3|AC  0|TAMS 0x00000006d3800000, 0x00000006d3800000|
| 289|0x00000006d3900000, 0x00000006d3a00000, 0x00000006d3a00000|100%| E|CS|TS  3|AC  0|TAMS 0x00000006d3900000, 0x00000006d3900000|
| 290|0x00000006d3a00000, 0x00000006d3b00000, 0x00000006d3b00000|100%| E|CS|TS  3|AC  0|TAMS 0x00000006d3a00000, 0x00000006d3a00000|
| 291|0x00000006d3b00000, 0x00000006d3c00000, 0x00000006d3c00000|100%| E|CS|TS  3|AC  0|TAMS 0x00000006d3b00000, 0x00000006d3b00000|
| 292|0x00000006d3c00000, 0x00000006d3d00000, 0x00000006d3d00000|100%| E|CS|TS  3|AC  0|TAMS 0x00000006d3c00000, 0x00000006d3c00000|
| 293|0x00000006d3d00000, 0x00000006d3e00000, 0x00000006d3e00000|100%| E|CS|TS  3|AC  0|TAMS 0x00000006d3d00000, 0x00000006d3d00000|
| 294|0x00000006d3e00000, 0x00000006d3f00000, 0x00000006d3f00000|100%| E|CS|TS  3|AC  0|TAMS 0x00000006d3e00000, 0x00000006d3e00000|
| 295|0x00000006d3f00000, 0x00000006d4000000, 0x00000006d4000000|100%| E|CS|TS  3|AC  0|TAMS 0x00000006d3f00000, 0x00000006d3f00000|
| 296|0x00000006d4000000, 0x00000006d4100000, 0x00000006d4100000|100%| E|CS|TS  3|AC  0|TAMS 0x00000006d4000000, 0x00000006d4000000|
| 297|0x00000006d4100000, 0x00000006d4200000, 0x00000006d4200000|100%| E|CS|TS  3|AC  0|TAMS 0x00000006d4100000, 0x00000006d4100000|
| 298|0x00000006d4200000, 0x00000006d4300000, 0x00000006d4300000|100%| E|CS|TS  3|AC  0|TAMS 0x00000006d4200000, 0x00000006d4200000|
| 299|0x00000006d4300000, 0x00000006d4400000, 0x00000006d4400000|100%| E|CS|TS  3|AC  0|TAMS 0x00000006d4300000, 0x00000006d4300000|
| 300|0x00000006d4400000, 0x00000006d4500000, 0x00000006d4500000|100%| E|CS|TS  3|AC  0|TAMS 0x00000006d4400000, 0x00000006d4400000|
| 301|0x00000006d4500000, 0x00000006d4600000, 0x00000006d4600000|100%| E|CS|TS  3|AC  0|TAMS 0x00000006d4500000, 0x00000006d4500000|
| 302|0x00000006d4600000, 0x00000006d4700000, 0x00000006d4700000|100%| E|CS|TS  3|AC  0|TAMS 0x00000006d4600000, 0x00000006d4600000|
| 303|0x00000006d4700000, 0x00000006d4800000, 0x00000006d4800000|100%| E|CS|TS  3|AC  0|TAMS 0x00000006d4700000, 0x00000006d4700000|
| 304|0x00000006d4800000, 0x00000006d4900000, 0x00000006d4900000|100%| E|CS|TS  3|AC  0|TAMS 0x00000006d4800000, 0x00000006d4800000|
| 305|0x00000006d4900000, 0x00000006d4a00000, 0x00000006d4a00000|100%| E|CS|TS  3|AC  0|TAMS 0x00000006d4900000, 0x00000006d4900000|
| 306|0x00000006d4a00000, 0x00000006d4b00000, 0x00000006d4b00000|100%| E|CS|TS  3|AC  0|TAMS 0x00000006d4a00000, 0x00000006d4a00000|
| 307|0x00000006d4b00000, 0x00000006d4c00000, 0x00000006d4c00000|100%| E|CS|TS  3|AC  0|TAMS 0x00000006d4b00000, 0x00000006d4b00000|
| 308|0x00000006d4c00000, 0x00000006d4d00000, 0x00000006d4d00000|100%| E|CS|TS  3|AC  0|TAMS 0x00000006d4c00000, 0x00000006d4c00000|
| 309|0x00000006d4d00000, 0x00000006d4e00000, 0x00000006d4e00000|100%| E|CS|TS  3|AC  0|TAMS 0x00000006d4d00000, 0x00000006d4d00000|

Card table byte_map: [0x000001d56e120000,0x000001d56e920000] byte_map_base: 0x000001d56ab14000

Marking Bits (Prev, Next): (CMBitMap*) 0x000001d5554ad398, (CMBitMap*) 0x000001d5554ad360
 Prev Bits: [0x000001d5730c0000, 0x000001d577060000)
 Next Bits: [0x000001d56f120000, 0x000001d5730c0000)

Polling page: 0x000001d555220000

CodeHeap 'non-profiled nmethods': size=120064Kb used=2345Kb max_used=2345Kb free=117718Kb
 bounds [0x000001d565dc0000, 0x000001d566030000, 0x000001d56d300000]
CodeHeap 'profiled nmethods': size=120000Kb used=10257Kb max_used=10257Kb free=109742Kb
 bounds [0x000001d55e890000, 0x000001d55f2a0000, 0x000001d565dc0000]
CodeHeap 'non-nmethods': size=5696Kb used=1304Kb max_used=1357Kb free=4391Kb
 bounds [0x000001d55e300000, 0x000001d55e570000, 0x000001d55e890000]
 total_blobs=6390 nmethods=4758 adapters=626
 compilation: enabled

Compilation events (10 events):
Event: 18.087 Thread 0x000001d57a063000 4924       3       java.util.stream.Sink$ChainedReference::cancellationRequested (10 bytes)
Event: 18.087 Thread 0x000001d57a063000 nmethod 4924 0x000001d55f293990 code [0x000001d55f293b60, 0x000001d55f293d90]
Event: 18.087 Thread 0x000001d57a063000 4925       3       java.util.regex.Matcher::find (35 bytes)
Event: 18.088 Thread 0x000001d57a063000 nmethod 4925 0x000001d55f293e90 code [0x000001d55f2940a0, 0x000001d55f2944e0]
Event: 18.088 Thread 0x000001d57a063000 4926       3       java.util.Formatter$FormatSpecifier::<init> (259 bytes)
Event: 18.092 Thread 0x000001d57a063000 nmethod 4926 0x000001d55f294690 code [0x000001d55f294b00, 0x000001d55f296420]
Event: 18.092 Thread 0x000001d57a063000 4927   !   3       java.util.Formatter$FormatSpecifier::index (50 bytes)
Event: 18.093 Thread 0x000001d57a063000 nmethod 4927 0x000001d55f296d90 code [0x000001d55f296f60, 0x000001d55f2971b0]
Event: 18.093 Thread 0x000001d57a063000 4928       1       javax.swing.text.AbstractDocument::getDocumentFilter (5 bytes)
Event: 18.093 Thread 0x000001d57a063000 nmethod 4928 0x000001d56600a110 code [0x000001d56600a2c0, 0x000001d56600a3d8]

GC Heap History (10 events):
Event: 0.527 GC heap before
{Heap before GC invocations=0 (full 0):
 garbage-first heap   total 262144K, used 14336K [0x00000006c1800000, 0x00000007c0000000)
  region size 1024K, 14 young (14336K), 0 survivors (0K)
 Metaspace       used 16046K, capacity 16366K, committed 16768K, reserved 1064960K
  class space    used 1884K, capacity 2061K, committed 2176K, reserved 1048576K
}
Event: 0.533 GC heap after
{Heap after GC invocations=1 (full 0):
 garbage-first heap   total 262144K, used 3824K [0x00000006c1800000, 0x00000007c0000000)
  region size 1024K, 2 young (2048K), 2 survivors (2048K)
 Metaspace       used 16046K, capacity 16366K, committed 16768K, reserved 1064960K
  class space    used 1884K, capacity 2061K, committed 2176K, reserved 1048576K
}
Event: 0.849 GC heap before
{Heap before GC invocations=1 (full 0):
 garbage-first heap   total 262144K, used 13040K [0x00000006c1800000, 0x00000007c0000000)
  region size 1024K, 12 young (12288K), 2 survivors (2048K)
 Metaspace       used 20618K, capacity 20999K, committed 21296K, reserved 1069056K
  class space    used 2425K, capacity 2625K, committed 2688K, reserved 1048576K
}
Event: 0.859 GC heap after
{Heap after GC invocations=2 (full 0):
 garbage-first heap   total 262144K, used 6379K [0x00000006c1800000, 0x00000007c0000000)
  region size 1024K, 2 young (2048K), 2 survivors (2048K)
 Metaspace       used 20618K, capacity 20999K, committed 21296K, reserved 1069056K
  class space    used 2425K, capacity 2625K, committed 2688K, reserved 1048576K
}
Event: 1.316 GC heap before
{Heap before GC invocations=3 (full 0):
 garbage-first heap   total 262144K, used 31979K [0x00000006c1800000, 0x00000007c0000000)
  region size 1024K, 27 young (27648K), 2 survivors (2048K)
 Metaspace       used 23961K, capacity 24464K, committed 24960K, reserved 1071104K
  class space    used 2924K, capacity 3163K, committed 3200K, reserved 1048576K
}
Event: 1.325 GC heap after
{Heap after GC invocations=4 (full 0):
 garbage-first heap   total 262144K, used 8692K [0x00000006c1800000, 0x00000007c0000000)
  region size 1024K, 4 young (4096K), 4 survivors (4096K)
 Metaspace       used 23961K, capacity 24464K, committed 24960K, reserved 1071104K
  class space    used 2924K, capacity 3163K, committed 3200K, reserved 1048576K
}
Event: 1.485 GC heap before
{Heap before GC invocations=4 (full 0):
 garbage-first heap   total 262144K, used 44532K [0x00000006c1800000, 0x00000007c0000000)
  region size 1024K, 39 young (39936K), 4 survivors (4096K)
 Metaspace       used 24047K, capacity 24534K, committed 24960K, reserved 1071104K
  class space    used 2926K, capacity 3164K, committed 3200K, reserved 1048576K
}
Event: 1.490 GC heap after
{Heap after GC invocations=5 (full 0):
 garbage-first heap   total 262144K, used 9442K [0x00000006c1800000, 0x00000007c0000000)
  region size 1024K, 3 young (3072K), 3 survivors (3072K)
 Metaspace       used 24047K, capacity 24534K, committed 24960K, reserved 1071104K
  class space    used 2926K, capacity 3164K, committed 3200K, reserved 1048576K
}
Event: 1.665 GC heap before
{Heap before GC invocations=5 (full 0):
 garbage-first heap   total 262144K, used 58594K [0x00000006c1800000, 0x00000007c0000000)
  region size 1024K, 51 young (52224K), 3 survivors (3072K)
 Metaspace       used 24093K, capacity 24611K, committed 24960K, reserved 1071104K
  class space    used 2929K, capacity 3166K, committed 3200K, reserved 1048576K
}
Event: 1.670 GC heap after
{Heap after GC invocations=6 (full 0):
 garbage-first heap   total 317440K, used 9407K [0x00000006c1800000, 0x00000007c0000000)
  region size 1024K, 3 young (3072K), 3 survivors (3072K)
 Metaspace       used 24093K, capacity 24611K, committed 24960K, reserved 1071104K
  class space    used 2929K, capacity 3166K, committed 3200K, reserved 1048576K
}

Deoptimization events (10 events):
Event: 2.338 Thread 0x000001d57ac4d800 Uncommon trap: reason=class_check action=maybe_recompile pc=0x000001d565ef2ee4 method=javax.swing.UIDefaults.getFromHashtable(Ljava/lang/Object;)Ljava/lang/Object; @ 122 c2
Event: 9.954 Thread 0x000001d57ac4d800 Uncommon trap: reason=unstable_if action=reinterpret pc=0x000001d565fdcbf4 method=sun.awt.image.SurfaceManager.getManager(Ljava/awt/Image;)Lsun/awt/image/SurfaceManager; @ 9 c2
Event: 9.963 Thread 0x000001d57ac4d800 Uncommon trap: reason=unstable_if action=reinterpret pc=0x000001d565fbaa7c method=sun.java2d.marlin.MarlinTileGenerator.getAlphaRLE([BII)V @ 141 c2
Event: 13.388 Thread 0x000001d57ac4d800 Uncommon trap: reason=unstable_if action=reinterpret pc=0x000001d565ff0fd8 method=sun.font.CMap$CMapFormat4.getGlyph(I)C @ 181 c2
Event: 14.061 Thread 0x000001d57ac4d800 Uncommon trap: reason=unstable_if action=reinterpret pc=0x000001d565fee6d8 method=java.awt.Container.findComponentAtImpl(IIZ)Ljava/awt/Component; @ 24 c2
Event: 16.734 Thread 0x000001d57ac4d800 Uncommon trap: reason=unstable_if action=reinterpret pc=0x000001d565ff272c method=sun.java2d.loops.RenderCache.get(Lsun/java2d/loops/SurfaceType;Lsun/java2d/loops/CompositeType;Lsun/java2d/loops/SurfaceType;)Ljava/lang/Object; @ 52 c2
Event: 16.735 Thread 0x000001d57ac4d800 Uncommon trap: reason=unstable_if action=reinterpret pc=0x000001d565fce1b0 method=sun.java2d.marlin.DRenderer._endRendering(II)V @ 2312 c2
Event: 16.735 Thread 0x000001d57ac4d800 Uncommon trap: reason=unstable_if action=reinterpret pc=0x000001d565f86160 method=sun.java2d.marlin.MarlinCache.copyAARowRLE_WithBlockFlags([I[IIII)V @ 307 c2
Event: 16.735 Thread 0x000001d57ac4d800 Uncommon trap: reason=unstable_if action=reinterpret pc=0x000001d565f80598 method=sun.java2d.marlin.MarlinCache.copyAARowRLE_WithBlockFlags([I[IIII)V @ 307 c2
Event: 17.294 Thread 0x000001d57a7ab800 Uncommon trap: reason=unstable_if action=reinterpret pc=0x000001d565fca210 method=java.util.concurrent.locks.ReentrantLock$Sync.nonfairTryAcquire(I)Z @ 19 c2

Classes redefined (0 events):
No events

Internal exceptions (10 events):
Event: 10.462 Thread 0x000001d57ac4d800 Exception <a 'java/io/IOException'{0x00000006d0453b88}> (0x00000006d0453b88) thrown at [t:/workspace/open/src/hotspot/share/prims/jni.cpp, line 611]
Event: 10.462 Thread 0x000001d57ac4d800 Exception <a 'java/io/IOException'{0x00000006d0454140}> (0x00000006d0454140) thrown at [t:/workspace/open/src/hotspot/share/prims/jni.cpp, line 611]
Event: 10.464 Thread 0x000001d57ac4d800 Exception <a 'java/io/IOException'{0x00000006d046a5f8}> (0x00000006d046a5f8) thrown at [t:/workspace/open/src/hotspot/share/prims/jni.cpp, line 611]
Event: 10.464 Thread 0x000001d57ac4d800 Exception <a 'java/io/IOException'{0x00000006d046abb0}> (0x00000006d046abb0) thrown at [t:/workspace/open/src/hotspot/share/prims/jni.cpp, line 611]
Event: 18.088 Thread 0x000001d57ac4d800 Exception <a 'java/io/IOException'{0x00000006d01e2058}> (0x00000006d01e2058) thrown at [t:/workspace/open/src/hotspot/share/prims/jni.cpp, line 611]
Event: 18.088 Thread 0x000001d57ac4d800 Exception <a 'java/io/IOException'{0x00000006d01e2610}> (0x00000006d01e2610) thrown at [t:/workspace/open/src/hotspot/share/prims/jni.cpp, line 611]
Event: 18.090 Thread 0x000001d57ac4d800 Exception <a 'java/io/IOException'{0x00000006d01e6500}> (0x00000006d01e6500) thrown at [t:/workspace/open/src/hotspot/share/prims/jni.cpp, line 611]
Event: 18.090 Thread 0x000001d57ac4d800 Exception <a 'java/io/IOException'{0x00000006d01e6ab8}> (0x00000006d01e6ab8) thrown at [t:/workspace/open/src/hotspot/share/prims/jni.cpp, line 611]
Event: 18.092 Thread 0x000001d57ac4d800 Exception <a 'java/io/IOException'{0x00000006d01ea658}> (0x00000006d01ea658) thrown at [t:/workspace/open/src/hotspot/share/prims/jni.cpp, line 611]
Event: 18.092 Thread 0x000001d57ac4d800 Exception <a 'java/io/IOException'{0x00000006d01eac10}> (0x00000006d01eac10) thrown at [t:/workspace/open/src/hotspot/share/prims/jni.cpp, line 611]

Events (10 events):
Event: 17.872 Thread 0x000001d57ac4d800 DEOPT PACKING pc=0x000001d55f1dfbae sp=0x0000009faaefa3f0
Event: 17.872 Thread 0x000001d57ac4d800 DEOPT UNPACKING pc=0x000001d55e3288ce sp=0x0000009faaef97e8 mode 0
Event: 18.095 loading class jssc/SerialPort
Event: 18.095 loading class jssc/SerialPort done
Event: 18.097 loading class jssc/SerialPortTimeoutException
Event: 18.097 loading class jssc/SerialPortTimeoutException done
Event: 18.098 loading class jssc/SerialPort$EventThread
Event: 18.098 loading class jssc/SerialPort$EventThread done
Event: 18.098 loading class jssc/SerialPort$LinuxEventThread
Event: 18.098 loading class jssc/SerialPort$LinuxEventThread done


Dynamic libraries:
0x00007ff7d4920000 - 0x00007ff7d495e000 	C:\Program Files\Java\jre-10.0.1\bin\javaw.exe
0x00007ffccf5f0000 - 0x00007ffccf7c1000 	C:\windows\SYSTEM32\ntdll.dll
0x00007ffccd410000 - 0x00007ffccd4bb000 	C:\windows\System32\KERNEL32.DLL
0x00007ffccbae0000 - 0x00007ffccbcfd000 	C:\windows\System32\KERNELBASE.dll
0x00007ffccf140000 - 0x00007ffccf1e2000 	C:\windows\System32\ADVAPI32.dll
0x00007ffccf550000 - 0x00007ffccf5ee000 	C:\windows\System32\msvcrt.dll
0x00007ffcccb80000 - 0x00007ffcccbd9000 	C:\windows\System32\sechost.dll
0x00007ffccee10000 - 0x00007ffccef31000 	C:\windows\System32\RPCRT4.dll
0x00007ffcccbe0000 - 0x00007ffcccd45000 	C:\windows\System32\USER32.dll
0x00007ffccc100000 - 0x00007ffccc11e000 	C:\windows\System32\win32u.dll
0x00007ffcccd50000 - 0x00007ffcccd84000 	C:\windows\System32\GDI32.dll
0x00007ffccc800000 - 0x00007ffccc982000 	C:\windows\System32\gdi32full.dll
0x00007ffccac90000 - 0x00007ffccac9a000 	C:\windows\SYSTEM32\VERSION.dll
0x00007ffcc2a00000 - 0x00007ffcc2c79000 	C:\windows\WinSxS\amd64_microsoft.windows.common-controls_6595b64144ccf1df_6.0.14393.447_none_42191651c6827bb3\COMCTL32.dll
0x00007ffccce10000 - 0x00007ffccd0d7000 	C:\windows\System32\combase.dll
0x00007ffccca30000 - 0x00007ffcccb25000 	C:\windows\System32\ucrtbase.dll
0x00007ffccbdb0000 - 0x00007ffccbe1a000 	C:\windows\System32\bcryptPrimitives.dll
0x00007ffccf250000 - 0x00007ffccf27e000 	C:\windows\System32\IMM32.DLL
0x00007ffca4b90000 - 0x00007ffca4c7f000 	C:\Program Files\Java\jre-10.0.1\bin\msvcr120.dll
0x00007ffca6050000 - 0x00007ffca60f6000 	C:\Program Files\Java\jre-10.0.1\bin\msvcp120.dll
0x0000000070810000 - 0x0000000071280000 	C:\Program Files\Java\jre-10.0.1\bin\server\jvm.dll
0x00007ffccce00000 - 0x00007ffccce08000 	C:\windows\System32\PSAPI.DLL
0x00007ffcb9620000 - 0x00007ffcb9629000 	C:\windows\SYSTEM32\WSOCK32.dll
0x00007ffcc9df0000 - 0x00007ffcc9e13000 	C:\windows\SYSTEM32\WINMM.dll
0x00007ffccf280000 - 0x00007ffccf2ea000 	C:\windows\System32\WS2_32.dll
0x00007ffcc9d90000 - 0x00007ffcc9dbb000 	C:\windows\SYSTEM32\WINMMBASE.dll
0x00007ffcccb30000 - 0x00007ffcccb72000 	C:\windows\System32\cfgmgr32.dll
0x00007ffcc6ea0000 - 0x00007ffcc6eaf000 	C:\Program Files\Java\jre-10.0.1\bin\verify.dll
0x00007ffcb91c0000 - 0x00007ffcb9352000 	C:\windows\SYSTEM32\DBGHELP.DLL
0x00007ffcb90d0000 - 0x00007ffcb90f9000 	C:\windows\SYSTEM32\dbgcore.DLL
0x00007ffcc6d20000 - 0x00007ffcc6d47000 	C:\Program Files\Java\jre-10.0.1\bin\java.dll
0x00007ffcc6d00000 - 0x00007ffcc6d16000 	C:\Program Files\Java\jre-10.0.1\bin\zip.dll
0x00007ffcc1540000 - 0x00007ffcc154a000 	C:\Program Files\Java\jre-10.0.1\bin\jimage.dll
0x00007ffccd8f0000 - 0x00007ffccedf9000 	C:\windows\System32\SHELL32.dll
0x00007ffccc120000 - 0x00007ffccc7fa000 	C:\windows\System32\windows.storage.dll
0x00007ffccba60000 - 0x00007ffccbaac000 	C:\windows\System32\powrprof.dll
0x00007ffccf350000 - 0x00007ffccf3a2000 	C:\windows\System32\shlwapi.dll
0x00007ffccba50000 - 0x00007ffccba5f000 	C:\windows\System32\kernel.appcore.dll
0x00007ffccbe80000 - 0x00007ffccbf29000 	C:\windows\System32\shcore.dll
0x00007ffccbac0000 - 0x00007ffccbad4000 	C:\windows\System32\profapi.dll
0x00007ffcc14f0000 - 0x00007ffcc150a000 	C:\Program Files\Java\jre-10.0.1\bin\net.dll
0x00007ffcc8870000 - 0x00007ffcc893d000 	C:\windows\SYSTEM32\WINHTTP.dll
0x00007ffccb2b0000 - 0x00007ffccb30c000 	C:\windows\system32\mswsock.dll
0x00007ffcbf6d0000 - 0x00007ffcbf6e1000 	C:\Program Files\Java\jre-10.0.1\bin\nio.dll
0x00007ffca3da0000 - 0x00007ffca3f3b000 	C:\Program Files\Java\jre-10.0.1\bin\awt.dll
0x00007ffccf080000 - 0x00007ffccf13f000 	C:\windows\System32\OLEAUT32.dll
0x00007ffccc990000 - 0x00007ffccca2c000 	C:\windows\System32\msvcp_win.dll
0x00007ffcc3000000 - 0x00007ffcc355f000 	C:\windows\SYSTEM32\d2d1.dll
0x00007ffccbf30000 - 0x00007ffccc0f9000 	C:\windows\System32\CRYPT32.dll
0x00007ffccbab0000 - 0x00007ffccbac0000 	C:\windows\System32\MSASN1.dll
0x00007ffcc97e0000 - 0x00007ffcc985a000 	C:\windows\SYSTEM32\apphelp.dll
0x00007ffcbf930000 - 0x00007ffcbf938000 	C:\Program Files\Java\jre-10.0.1\bin\prefs.dll
0x00007ffcca040000 - 0x00007ffcca0d5000 	C:\windows\system32\uxtheme.dll
0x00007ffccd280000 - 0x00007ffccd3db000 	C:\windows\System32\MSCTF.dll
0x00007ffcc73d0000 - 0x00007ffcc74a8000 	c:\Program Files\HP\HP ProtectTools Security Manager\Bin\DpoFeedb.dll
0x00007ffccb130000 - 0x00007ffccb14f000 	C:\windows\SYSTEM32\USERENV.dll
0x00007ffcc9d30000 - 0x00007ffcc9d56000 	C:\windows\system32\dwmapi.dll
0x00007ffccef40000 - 0x00007ffccf077000 	C:\windows\System32\ole32.dll
0x00007ffcb0110000 - 0x00007ffcb0175000 	C:\Program Files\Java\jre-10.0.1\bin\fontmanager.dll
0x00007ffcada30000 - 0x00007ffcadb53000 	C:\windows\system32\opengl32.dll
0x00007ffca8940000 - 0x00007ffca8a37000 	C:\windows\SYSTEM32\DDRAW.dll
0x00007ffcc7390000 - 0x00007ffcc7398000 	C:\windows\SYSTEM32\DCIMAN32.dll
0x00007ffca8a40000 - 0x00007ffca8a6d000 	C:\windows\SYSTEM32\GLU32.dll
0x00007ffcb8520000 - 0x00007ffcb8562000 	C:\Program Files\Java\jre-10.0.1\bin\t2k.dll
0x00007ffccf4b0000 - 0x00007ffccf54f000 	C:\windows\System32\clbcatq.dll
0x00007ffcc7b00000 - 0x00007ffcc7ca8000 	C:\windows\SYSTEM32\WindowsCodecs.dll
0x00007ffca9d80000 - 0x00007ffca9dc9000 	C:\windows\system32\dataexchange.dll
0x00007ffcc80f0000 - 0x00007ffcc83a6000 	C:\windows\system32\d3d11.dll
0x00007ffcc9080000 - 0x00007ffcc91d1000 	C:\windows\system32\dcomp.dll
0x00007ffcca840000 - 0x00007ffcca8df000 	C:\windows\system32\dxgi.dll
0x00007ffcca270000 - 0x00007ffcca38c000 	C:\windows\system32\twinapi.appcore.dll
0x00007ffccb990000 - 0x00007ffccb9bb000 	C:\windows\system32\bcrypt.dll
0x00007ffcb05f0000 - 0x00007ffcb069c000 	C:\windows\WinSxS\amd64_microsoft.windows.common-controls_6595b64144ccf1df_5.82.14393.447_none_0d5aa7fbb6d35646\comctl32.dll
0x00007ffc95f70000 - 0x00007ffc96097000 	C:\windows\system32\NetworkExplorer.dll
0x00007ffcc86c0000 - 0x00007ffcc8845000 	C:\windows\system32\PROPSYS.dll
0x00007ffcb7690000 - 0x00007ffcb79f5000 	C:\Windows\System32\ActXPrxy.dll
0x00007ffcb0720000 - 0x00007ffcb073b000 	C:\windows\SYSTEM32\MPR.dll
0x00007ffcc8500000 - 0x00007ffcc8516000 	C:\windows\System32\ntlanman.dll
0x00007ffcc84f0000 - 0x00007ffcc84fb000 	C:\windows\System32\drprov.dll
0x00007ffccad60000 - 0x00007ffccadb6000 	C:\windows\System32\WINSTA.dll
0x00007ffcc75e0000 - 0x00007ffcc7600000 	C:\windows\System32\davclnt.dll
0x00007ffcc75d0000 - 0x00007ffcc75dc000 	C:\windows\System32\DAVHLPR.dll
0x00007ffcc5190000 - 0x00007ffcc51a6000 	C:\windows\System32\wkscli.dll
0x00007ffcafcf0000 - 0x00007ffcafd02000 	C:\windows\SYSTEM32\cscapi.dll
0x00007ffccb120000 - 0x00007ffccb12d000 	C:\windows\System32\netutils.dll
0x00007ffcb2430000 - 0x00007ffcb247d000 	C:\Windows\System32\dlnashext.dll
0x00007ffcb84b0000 - 0x00007ffcb8520000 	C:\Windows\System32\PlayToDevice.dll
0x00007ffcc0a30000 - 0x00007ffcc0a4e000 	C:\Windows\System32\DevDispItemProvider.dll
0x00007ffcc39e0000 - 0x00007ffcc3a51000 	C:\windows\System32\MMDevApi.dll
0x00007ffcca4b0000 - 0x00007ffcca4d8000 	C:\windows\System32\DEVOBJ.dll
0x00007ffca3ba0000 - 0x00007ffca3d9f000 	C:\windows\system32\wpdshext.dll
0x00007ffcbbc10000 - 0x00007ffcbbdaa000 	C:\windows\WinSxS\amd64_microsoft.windows.gdiplus_6595b64144ccf1df_1.1.14393.321_none_72fe05dd211a5fae\gdiplus.dll
0x00007ffcc7de0000 - 0x00007ffcc7e7e000 	C:\Windows\System32\PortableDeviceApi.dll
0x00007ffccd4c0000 - 0x00007ffccd8e9000 	C:\windows\System32\SETUPAPI.dll
0x00007ffccbe20000 - 0x00007ffccbe75000 	C:\windows\System32\WINTRUST.dll
0x00007ffca59f0000 - 0x00007ffca5a26000 	C:\Windows\System32\EhStorShell.dll
0x00007ffcb3e10000 - 0x00007ffcb3e35000 	C:\Windows\System32\EhStorAPI.dll
0x00007ffcc9c10000 - 0x00007ffcc9c23000 	C:\Windows\System32\WTSAPI32.dll
0x00007ffca8bb0000 - 0x00007ffca8bc0000 	C:\windows\SYSTEM32\LINKINFO.dll
0x0000000000090000 - 0x00000000000b5000 	C:\Users\rohans\.jssc\windows\jSSC-2.8_x86_64.dll

dbghelp: loaded successfully - version: 4.0.5 - missing functions: none
symbol engine: initialized successfully - sym options: 0x614 - pdb path: .;C:\Program Files\Java\jre-10.0.1\bin;C:\windows\SYSTEM32;C:\windows\WinSxS\amd64_microsoft.windows.common-controls_6595b64144ccf1df_6.0.14393.447_none_42191651c6827bb3;C:\Program Files\Java\jre-10.0.1\bin\server;c:\Program Files\HP\HP ProtectTools Security Manager\Bin;C:\windows\WinSxS\amd64_microsoft.windows.common-controls_6595b64144ccf1df_5.82.14393.447_none_0d5aa7fbb6d35646;C:\windows\WinSxS\amd64_microsoft.windows.gdiplus_6595b64144ccf1df_1.1.14393.321_none_72fe05dd211a5fae;C:\Users\rohans\.jssc\windows

VM Arguments:
java_command: E:\Rohan\NodeMCU_Lua\ESPlorer\ESPlorer.jar
java_class_path (initial): E:\Rohan\NodeMCU_Lua\ESPlorer\ESPlorer.jar
Launcher Type: SUN_STANDARD

Logging:
Log output configuration:
#0: stdout all=warning uptime,level,tags
#1: stderr all=off uptime,level,tags

Environment Variables:
PATH=C:\Program Files (x86)\Common Files\Oracle\Java\javapath;C:\Program Files (x86)\Intel\iCLS Client\;C:\Program Files\Intel\iCLS Client\;C:\windows\system32;E:\IPS\;E:\IPS\PB_RUNTIME;E:\IPS\ASA;E:\IPS\ASA\WIN32;E:\IPS\IMAGEFILES;E:\IPS\MTComponents;C:\windows;C:\windows\System32\Wbem;C:\windows\System32\WindowsPowerShell\v1.0\;C:\Program Files\SQL Anywhere 12\bin64;C:\Program Files\SQL Anywhere 12\bin32;C:\Program Files (x86)\Intel\Intel(R) Management Engine Components\DAL;C:\Program Files\Intel\Intel(R) Management Engine Components\DAL;C:\Program Files (x86)\Intel\Intel(R) Management Engine Components\IPT;C:\Program Files\Intel\Intel(R) Management Engine Components\IPT;C:\Program Files\Intel\WiFi\bin\;C:\Program Files\Common Files\Intel\WirelessCommon\;C:\Program Files\Git\cmd;C:\Users\rohans\AppData\Local\Programs\Python\Python36-32\Scripts\;C:\Users\rohans\AppData\Local\Programs\Python\Python36-32\;C:\Users\rohans\AppData\Local\Microsoft\WindowsApps;
USERNAME=rohans
OS=Windows_NT
PROCESSOR_IDENTIFIER=Intel64 Family 6 Model 142 Stepping 9, GenuineIntel



---------------  S Y S T E M  ---------------

OS: Windows 10 , 64 bit Build 14393 (10.0.14393.0)

CPU:total 4 (initial active 4) (2 cores per cpu, 2 threads per core) family 6 model 142 stepping 9, cmov, cx8, fxsr, mmx, sse, sse2, sse3, ssse3, sse4.1, sse4.2, popcnt, avx, avx2, aes, clmul, erms, 3dnowpref, lzcnt, ht, tsc, tscinvbit, bmi1, bmi2, adx, fma

Memory: 4k page, physical 16671952k(11321204k free), swap 22439120k(4213072k free)

vm_info: Java HotSpot(TM) 64-Bit Server VM (10.0.1+10) for windows-amd64 JRE (10.0.1+10), built on Mar 27 2018 02:27:48 by "mach5one" with MS VC++ 12.0 (VS2013)

END.
